
RAxML-NG v. 0.9.0 released on 20.05.2019 by The Exelixis Lab.
Developed by: Alexey M. Kozlov and Alexandros Stamatakis.
Contributors: Diego Darriba, Tomas Flouri, Benoit Morel, Sarah Lutteropp, Ben Bettisworth.
Latest version: https://github.com/amkozlov/raxml-ng
Questions/problems/suggestions? Please visit: https://groups.google.com/forum/#!forum/raxml

RAxML-NG was called at 04-Aug-2023 20:40:39 as follows:

raxml-ng --all --model Blosum62+G --msa align3690_3760.fasta --prefix raxml/align3690_3760 + --msa-format FASTA --tree pars{5} --seed 239 --threads 2 --force --bs-trees 100 --bs-metric fbp

Analysis options:
  run mode: ML tree search + bootstrapping (Felsenstein Bootstrap)
  start tree(s): parsimony (5)
  bootstrap replicates: 100
  random seed: 239
  tip-inner: OFF
  pattern compression: ON
  per-rate scalers: OFF
  site repeats: ON
  branch lengths: proportional (ML estimate, algorithm: NR-FAST)
  SIMD kernels: SSE3
  parallelization: PTHREADS (2 threads), thread pinning: OFF

WARNING: Running in FORCE mode: all safety checks are disabled!

[00:00:00] Reading alignment from file: align3690_3760.fasta
[00:00:00] Loaded alignment with 7 taxa and 71 sites

Alignment comprises 1 partitions and 44 patterns

Partition 0: noname
Model: BLOSUM62+G4m
Alignment sites / patterns: 71 / 44
Gaps: 0.00 %
Invariant sites: 64.79 %


NOTE: Binary MSA file created: raxml/align3690_3760.raxml.rba

[00:00:00] Generating 5 parsimony starting tree(s) with 7 taxa
[00:00:00] Data distribution: max. partitions/sites/weight per thread: 1 / 22 / 1760

Starting ML tree search with 5 distinct starting trees

[00:00:00] ML tree search #1, logLikelihood: -353.457632
[00:00:00] ML tree search #2, logLikelihood: -353.457591
[00:00:00] ML tree search #3, logLikelihood: -353.457554
[00:00:00] ML tree search #4, logLikelihood: -353.457565
[00:00:00] ML tree search #5, logLikelihood: -353.457561

[00:00:00] ML tree search completed, best tree logLH: -353.457554

[00:00:00] Starting bootstrapping analysis with 100 replicates.

[00:00:00] Bootstrap tree #1, logLikelihood: -330.920733
[00:00:00] Bootstrap tree #2, logLikelihood: -348.836202
[00:00:00] Bootstrap tree #3, logLikelihood: -337.726077
[00:00:00] Bootstrap tree #4, logLikelihood: -396.355218
[00:00:00] Bootstrap tree #5, logLikelihood: -376.908883
[00:00:00] Bootstrap tree #6, logLikelihood: -332.847998
[00:00:00] Bootstrap tree #7, logLikelihood: -341.757352
[00:00:01] Bootstrap tree #8, logLikelihood: -343.343000
[00:00:01] Bootstrap tree #9, logLikelihood: -358.016906
[00:00:01] Bootstrap tree #10, logLikelihood: -338.982501
[00:00:01] Bootstrap tree #11, logLikelihood: -324.006018
[00:00:01] Bootstrap tree #12, logLikelihood: -346.301635
[00:00:01] Bootstrap tree #13, logLikelihood: -357.412179
[00:00:01] Bootstrap tree #14, logLikelihood: -359.558246
[00:00:01] Bootstrap tree #15, logLikelihood: -325.324400
[00:00:01] Bootstrap tree #16, logLikelihood: -378.076773
[00:00:01] Bootstrap tree #17, logLikelihood: -359.947806
[00:00:01] Bootstrap tree #18, logLikelihood: -358.342526
[00:00:01] Bootstrap tree #19, logLikelihood: -359.793082
[00:00:02] Bootstrap tree #20, logLikelihood: -328.899152
[00:00:02] Bootstrap tree #21, logLikelihood: -289.009684
[00:00:02] Bootstrap tree #22, logLikelihood: -388.487397
[00:00:02] Bootstrap tree #23, logLikelihood: -323.848666
[00:00:02] Bootstrap tree #24, logLikelihood: -386.711029
[00:00:02] Bootstrap tree #25, logLikelihood: -324.644184
[00:00:02] Bootstrap tree #26, logLikelihood: -326.325303
[00:00:02] Bootstrap tree #27, logLikelihood: -366.697620
[00:00:02] Bootstrap tree #28, logLikelihood: -360.549031
[00:00:02] Bootstrap tree #29, logLikelihood: -359.611903
[00:00:02] Bootstrap tree #30, logLikelihood: -366.176659
[00:00:02] Bootstrap tree #31, logLikelihood: -322.937479
[00:00:02] Bootstrap tree #32, logLikelihood: -373.205752
[00:00:02] Bootstrap tree #33, logLikelihood: -364.557323
[00:00:03] Bootstrap tree #34, logLikelihood: -335.015209
[00:00:03] Bootstrap tree #35, logLikelihood: -355.518048
[00:00:03] Bootstrap tree #36, logLikelihood: -353.971522
[00:00:03] Bootstrap tree #37, logLikelihood: -341.975157
[00:00:03] Bootstrap tree #38, logLikelihood: -327.975478
[00:00:03] Bootstrap tree #39, logLikelihood: -333.043088
[00:00:03] Bootstrap tree #40, logLikelihood: -355.044153
[00:00:03] Bootstrap tree #41, logLikelihood: -365.058785
[00:00:03] Bootstrap tree #42, logLikelihood: -354.531217
[00:00:03] Bootstrap tree #43, logLikelihood: -368.723309
[00:00:03] Bootstrap tree #44, logLikelihood: -365.878480
[00:00:04] Bootstrap tree #45, logLikelihood: -344.487645
[00:00:04] Bootstrap tree #46, logLikelihood: -321.178200
[00:00:04] Bootstrap tree #47, logLikelihood: -348.961667
[00:00:04] Bootstrap tree #48, logLikelihood: -368.248533
[00:00:04] Bootstrap tree #49, logLikelihood: -351.346705
[00:00:04] Bootstrap tree #50, logLikelihood: -321.805819
[00:00:04] Bootstrap tree #51, logLikelihood: -372.393219
[00:00:05] Bootstrap tree #52, logLikelihood: -370.736091
[00:00:05] Bootstrap tree #53, logLikelihood: -350.874927
[00:00:05] Bootstrap tree #54, logLikelihood: -332.516050
[00:00:05] Bootstrap tree #55, logLikelihood: -345.655310
[00:00:05] Bootstrap tree #56, logLikelihood: -311.832926
[00:00:05] Bootstrap tree #57, logLikelihood: -348.426276
[00:00:05] Bootstrap tree #58, logLikelihood: -348.817076
[00:00:05] Bootstrap tree #59, logLikelihood: -371.238976
[00:00:05] Bootstrap tree #60, logLikelihood: -351.215970
[00:00:05] Bootstrap tree #61, logLikelihood: -343.718633
[00:00:05] Bootstrap tree #62, logLikelihood: -351.381365
[00:00:05] Bootstrap tree #63, logLikelihood: -348.924404
[00:00:05] Bootstrap tree #64, logLikelihood: -367.575880
[00:00:06] Bootstrap tree #65, logLikelihood: -374.985601
[00:00:06] Bootstrap tree #66, logLikelihood: -360.311441
[00:00:06] Bootstrap tree #67, logLikelihood: -345.282456
[00:00:06] Bootstrap tree #68, logLikelihood: -356.029830
[00:00:06] Bootstrap tree #69, logLikelihood: -305.563006
[00:00:06] Bootstrap tree #70, logLikelihood: -368.922527
[00:00:06] Bootstrap tree #71, logLikelihood: -359.954713
[00:00:06] Bootstrap tree #72, logLikelihood: -351.527113
[00:00:06] Bootstrap tree #73, logLikelihood: -361.534009
[00:00:06] Bootstrap tree #74, logLikelihood: -291.838595
[00:00:06] Bootstrap tree #75, logLikelihood: -354.212992
[00:00:07] Bootstrap tree #76, logLikelihood: -347.387932
[00:00:07] Bootstrap tree #77, logLikelihood: -334.725712
[00:00:07] Bootstrap tree #78, logLikelihood: -373.051043
[00:00:07] Bootstrap tree #79, logLikelihood: -306.132774
[00:00:07] Bootstrap tree #80, logLikelihood: -358.396707
[00:00:07] Bootstrap tree #81, logLikelihood: -330.410358
[00:00:07] Bootstrap tree #82, logLikelihood: -319.733996
[00:00:07] Bootstrap tree #83, logLikelihood: -374.419092
[00:00:07] Bootstrap tree #84, logLikelihood: -341.818085
[00:00:07] Bootstrap tree #85, logLikelihood: -377.161295
[00:00:07] Bootstrap tree #86, logLikelihood: -369.884664
[00:00:08] Bootstrap tree #87, logLikelihood: -353.492066
[00:00:08] Bootstrap tree #88, logLikelihood: -347.424899
[00:00:08] Bootstrap tree #89, logLikelihood: -369.246437
[00:00:08] Bootstrap tree #90, logLikelihood: -340.800045
[00:00:08] Bootstrap tree #91, logLikelihood: -338.899287
[00:00:08] Bootstrap tree #92, logLikelihood: -369.071488
[00:00:08] Bootstrap tree #93, logLikelihood: -378.831464
[00:00:08] Bootstrap tree #94, logLikelihood: -334.336590
[00:00:08] Bootstrap tree #95, logLikelihood: -357.813120
[00:00:08] Bootstrap tree #96, logLikelihood: -358.943479
[00:00:08] Bootstrap tree #97, logLikelihood: -370.354616
[00:00:08] Bootstrap tree #98, logLikelihood: -361.878066
[00:00:09] Bootstrap tree #99, logLikelihood: -346.690567
[00:00:09] Bootstrap tree #100, logLikelihood: -312.753492

Optimized model parameters:

   Partition 0: noname
   Rate heterogeneity: GAMMA (4 cats, mean),  alpha: 53.827272 (ML),  weights&rates: (0.250000,0.832456) (0.250000,0.950600) (0.250000,1.038794) (0.250000,1.178150) 
   Base frequencies (model): 0.074000 0.052000 0.045000 0.054000 0.025000 0.034000 0.054000 0.074000 0.026000 0.068000 0.099000 0.058000 0.025000 0.047000 0.039000 0.057000 0.051000 0.013000 0.032000 0.073000 
   Substitution rates (model): 0.735790 0.485391 0.543162 1.459995 1.199706 1.170949 1.955884 0.716241 0.605899 0.800017 1.295201 1.253758 0.492965 1.173276 4.325093 1.729178 0.465839 0.718207 2.187775 1.297447 0.500964 0.227827 3.020834 1.360574 0.418763 1.456141 0.232036 0.622712 5.411115 0.983693 0.371645 0.448134 1.122783 0.914666 0.426382 0.720517 0.438388 3.180100 0.397359 1.839216 1.240489 1.355872 2.414501 0.283017 0.211888 1.593137 0.648441 0.354861 0.494887 2.904102 1.898174 0.191482 0.538223 0.312859 0.240837 1.190946 3.761625 0.798473 0.778143 0.418556 0.218132 1.032448 0.222622 0.281731 0.730628 1.582754 0.934188 0.145345 0.261422 0.258129 0.329802 0.140749 0.418203 0.354058 0.774894 0.831843 0.285079 0.767689 0.441337 0.356008 1.197188 1.119831 0.527664 0.470238 1.116352 5.528919 0.609846 2.435341 0.236202 0.580737 3.945278 2.494896 0.144357 0.858571 1.934871 1.277480 0.758654 0.958990 0.530786 0.423580 1.626891 0.186848 0.372625 2.802427 0.555415 0.291409 0.926564 1.769893 1.071097 0.407636 0.596719 0.524254 0.539859 0.189296 0.217721 0.752042 0.459436 0.368166 0.504087 1.509326 0.641436 0.508359 0.308056 0.253341 0.252718 0.348072 1.022507 0.984312 0.714534 0.527007 1.117030 0.585407 0.301249 4.218954 0.201556 3.890964 0.406194 3.364798 1.517359 0.388355 0.357544 1.179091 0.341986 0.674617 8.311839 0.445570 6.030559 2.064840 0.374556 0.352969 0.915260 0.691475 0.811246 2.231406 1.073061 0.266925 1.047383 1.752166 1.303875 0.332243 0.717993 0.498138 1.773855 0.454124 0.918723 1.488548 0.888101 0.951682 2.575851 0.233598 0.540028 0.488206 2.074325 6.747260 0.838120 1.169130 1.005452 0.252215 0.369405 0.496908 5.151556 0.387926 0.796752 0.561925 0.513128 0.801010 2.253074 4.054419 0.266509 1.000000 


Final LogLikelihood: -353.457554

AIC score: 730.915109 / AICc score: 736.294419 / BIC score: 758.067267
Free parameters (model + branch lengths): 12

Best ML tree saved to: /Users/wanlin/Documents/GitHub/aPhyloGeo.sm/step12_HGT/2keyFregGroupByHost_hostTree7leaves/Get_fregment_pp1ab/consensus_BYGroup/Fregment_groupByHost/raxml/align3690_3760.raxml.bestTree
All ML trees saved to: /Users/wanlin/Documents/GitHub/aPhyloGeo.sm/step12_HGT/2keyFregGroupByHost_hostTree7leaves/Get_fregment_pp1ab/consensus_BYGroup/Fregment_groupByHost/raxml/align3690_3760.raxml.mlTrees
Best ML tree with Felsenstein bootstrap (FBP) support values saved to: /Users/wanlin/Documents/GitHub/aPhyloGeo.sm/step12_HGT/2keyFregGroupByHost_hostTree7leaves/Get_fregment_pp1ab/consensus_BYGroup/Fregment_groupByHost/raxml/align3690_3760.raxml.support
Optimized model saved to: /Users/wanlin/Documents/GitHub/aPhyloGeo.sm/step12_HGT/2keyFregGroupByHost_hostTree7leaves/Get_fregment_pp1ab/consensus_BYGroup/Fregment_groupByHost/raxml/align3690_3760.raxml.bestModel
Bootstrap trees saved to: /Users/wanlin/Documents/GitHub/aPhyloGeo.sm/step12_HGT/2keyFregGroupByHost_hostTree7leaves/Get_fregment_pp1ab/consensus_BYGroup/Fregment_groupByHost/raxml/align3690_3760.raxml.bootstraps

Execution log saved to: /Users/wanlin/Documents/GitHub/aPhyloGeo.sm/step12_HGT/2keyFregGroupByHost_hostTree7leaves/Get_fregment_pp1ab/consensus_BYGroup/Fregment_groupByHost/raxml/align3690_3760.raxml.log

Analysis started: 04-Aug-2023 20:40:39 / finished: 04-Aug-2023 20:40:48

Elapsed time: 9.098 seconds

