Building DAG of jobs...
IncompleteFilesException:
The files below seem to be incomplete. If you are sure that certain files are not incomplete, mark them as complete with

    snakemake --cleanup-metadata <filenames>

To re-generate the files rerun your command with the --rerun-incomplete flag.
Incomplete files:
results/RAxML/10_110.raxml.bestModel
results/RAxML/10_110.raxml.bestTree
results/RAxML/10_110.raxml.bootstraps
results/RAxML/10_110.raxml.log
results/RAxML/10_110.raxml.mlTrees
results/RAxML/10_110.raxml.rba
results/RAxML/10_110.raxml.startTree
results/RAxML/10_110.raxml.support
results/RAxML/290_390.raxml.bestModel
results/RAxML/290_390.raxml.bestTree
results/RAxML/290_390.raxml.bootstraps
results/RAxML/290_390.raxml.log
results/RAxML/290_390.raxml.mlTrees
results/RAxML/290_390.raxml.rba
results/RAxML/290_390.raxml.startTree
results/RAxML/290_390.raxml.support
results/RAxML/940_1040.raxml.bestModel
results/RAxML/940_1040.raxml.bestTree
results/RAxML/940_1040.raxml.bootstraps
results/RAxML/940_1040.raxml.log
results/RAxML/940_1040.raxml.mlTrees
results/RAxML/940_1040.raxml.rba
results/RAxML/940_1040.raxml.startTree
results/RAxML/940_1040.raxml.support
results/RAxML/1550_1650.raxml.bestModel
results/RAxML/1550_1650.raxml.bestTree
results/RAxML/1550_1650.raxml.bootstraps
results/RAxML/1550_1650.raxml.log
results/RAxML/1550_1650.raxml.mlTrees
results/RAxML/1550_1650.raxml.rba
results/RAxML/1550_1650.raxml.startTree
results/RAxML/1550_1650.raxml.support
results/RAxML/3270_3370.raxml.bestModel
results/RAxML/3270_3370.raxml.bestTree
results/RAxML/3270_3370.raxml.bootstraps
results/RAxML/3270_3370.raxml.log
results/RAxML/3270_3370.raxml.mlTrees
results/RAxML/3270_3370.raxml.rba
results/RAxML/3270_3370.raxml.startTree
results/RAxML/3270_3370.raxml.support
results/RAxML/4530_4630.raxml.bestModel
results/RAxML/4530_4630.raxml.bestTree
results/RAxML/4530_4630.raxml.bootstraps
results/RAxML/4530_4630.raxml.log
results/RAxML/4530_4630.raxml.mlTrees
results/RAxML/4530_4630.raxml.rba
results/RAxML/4530_4630.raxml.startTree
results/RAxML/4530_4630.raxml.support
results/RAxML/4950_5050.raxml.bestModel
results/RAxML/4950_5050.raxml.bestTree
results/RAxML/4950_5050.raxml.bootstraps
results/RAxML/4950_5050.raxml.log
results/RAxML/4950_5050.raxml.mlTrees
results/RAxML/4950_5050.raxml.rba
results/RAxML/4950_5050.raxml.startTree
results/RAxML/4950_5050.raxml.support
results/RAxML/5180_5280.raxml.bestModel
results/RAxML/5180_5280.raxml.bestTree
results/RAxML/5180_5280.raxml.bootstraps
results/RAxML/5180_5280.raxml.log
results/RAxML/5180_5280.raxml.mlTrees
results/RAxML/5180_5280.raxml.rba
results/RAxML/5180_5280.raxml.startTree
results/RAxML/5180_5280.raxml.support
