Building DAG of jobs...
IncompleteFilesException:
The files below seem to be incomplete. If you are sure that certain files are not incomplete, mark them as complete with

    snakemake --cleanup-metadata <filenames>

To re-generate the files rerun your command with the --rerun-incomplete flag.
Incomplete files:
results/RAxML/470_570.raxml.bestModel
results/RAxML/470_570.raxml.bestTree
results/RAxML/470_570.raxml.bootstraps
results/RAxML/470_570.raxml.log
results/RAxML/470_570.raxml.mlTrees
results/RAxML/470_570.raxml.rba
results/RAxML/470_570.raxml.startTree
results/RAxML/470_570.raxml.support
results/RAxML/840_940.raxml.bestModel
results/RAxML/840_940.raxml.bestTree
results/RAxML/840_940.raxml.bootstraps
results/RAxML/840_940.raxml.log
results/RAxML/840_940.raxml.mlTrees
results/RAxML/840_940.raxml.rba
results/RAxML/840_940.raxml.startTree
results/RAxML/840_940.raxml.support
results/RAxML/1260_1360.raxml.bestModel
results/RAxML/1260_1360.raxml.bestTree
results/RAxML/1260_1360.raxml.bootstraps
results/RAxML/1260_1360.raxml.log
results/RAxML/1260_1360.raxml.mlTrees
results/RAxML/1260_1360.raxml.rba
results/RAxML/1260_1360.raxml.startTree
results/RAxML/1260_1360.raxml.support
results/RAxML/1910_2010.raxml.bestModel
results/RAxML/1910_2010.raxml.bestTree
results/RAxML/1910_2010.raxml.bootstraps
results/RAxML/1910_2010.raxml.log
results/RAxML/1910_2010.raxml.mlTrees
results/RAxML/1910_2010.raxml.rba
results/RAxML/1910_2010.raxml.startTree
results/RAxML/1910_2010.raxml.support
results/RAxML/2330_2430.raxml.bestModel
results/RAxML/2330_2430.raxml.bestTree
results/RAxML/2330_2430.raxml.bootstraps
results/RAxML/2330_2430.raxml.log
results/RAxML/2330_2430.raxml.mlTrees
results/RAxML/2330_2430.raxml.rba
results/RAxML/2330_2430.raxml.startTree
results/RAxML/2330_2430.raxml.support
results/RAxML/2800_2900.raxml.bestModel
results/RAxML/2800_2900.raxml.bestTree
results/RAxML/2800_2900.raxml.bootstraps
results/RAxML/2800_2900.raxml.log
results/RAxML/2800_2900.raxml.mlTrees
results/RAxML/2800_2900.raxml.rba
results/RAxML/2800_2900.raxml.startTree
results/RAxML/2800_2900.raxml.support
results/RAxML/3590_3690.raxml.bestModel
results/RAxML/3590_3690.raxml.bestTree
results/RAxML/3590_3690.raxml.bootstraps
results/RAxML/3590_3690.raxml.log
results/RAxML/3590_3690.raxml.mlTrees
results/RAxML/3590_3690.raxml.rba
results/RAxML/3590_3690.raxml.startTree
results/RAxML/3590_3690.raxml.support
results/RAxML/5360_5460.raxml.bestModel
results/RAxML/5360_5460.raxml.bestTree
results/RAxML/5360_5460.raxml.bootstraps
results/RAxML/5360_5460.raxml.log
results/RAxML/5360_5460.raxml.mlTrees
results/RAxML/5360_5460.raxml.rba
results/RAxML/5360_5460.raxml.startTree
results/RAxML/5360_5460.raxml.support
