Building DAG of jobs...
IncompleteFilesException:
The files below seem to be incomplete. If you are sure that certain files are not incomplete, mark them as complete with

    snakemake --cleanup-metadata <filenames>

To re-generate the files rerun your command with the --rerun-incomplete flag.
Incomplete files:
results/RAxML/650_750.raxml.bestModel
results/RAxML/650_750.raxml.bestTree
results/RAxML/650_750.raxml.bootstraps
results/RAxML/650_750.raxml.log
results/RAxML/650_750.raxml.mlTrees
results/RAxML/650_750.raxml.rba
results/RAxML/650_750.raxml.startTree
results/RAxML/650_750.raxml.support
results/RAxML/1490_1590.raxml.bestModel
results/RAxML/1490_1590.raxml.bestTree
results/RAxML/1490_1590.raxml.bootstraps
results/RAxML/1490_1590.raxml.log
results/RAxML/1490_1590.raxml.mlTrees
results/RAxML/1490_1590.raxml.rba
results/RAxML/1490_1590.raxml.startTree
results/RAxML/1490_1590.raxml.support
results/RAxML/2980_3080.raxml.bestModel
results/RAxML/2980_3080.raxml.bestTree
results/RAxML/2980_3080.raxml.bootstraps
results/RAxML/2980_3080.raxml.log
results/RAxML/2980_3080.raxml.mlTrees
results/RAxML/2980_3080.raxml.rba
results/RAxML/2980_3080.raxml.startTree
results/RAxML/2980_3080.raxml.support
results/RAxML/3000_3100.raxml.bestModel
results/RAxML/3000_3100.raxml.bestTree
results/RAxML/3000_3100.raxml.bootstraps
results/RAxML/3000_3100.raxml.log
results/RAxML/3000_3100.raxml.mlTrees
results/RAxML/3000_3100.raxml.rba
results/RAxML/3000_3100.raxml.startTree
results/RAxML/3000_3100.raxml.support
results/RAxML/4610_4710.raxml.bestModel
results/RAxML/4610_4710.raxml.bestTree
results/RAxML/4610_4710.raxml.bootstraps
results/RAxML/4610_4710.raxml.log
results/RAxML/4610_4710.raxml.mlTrees
results/RAxML/4610_4710.raxml.rba
results/RAxML/4610_4710.raxml.startTree
results/RAxML/4610_4710.raxml.support
results/RAxML/5030_5130.raxml.bestModel
results/RAxML/5030_5130.raxml.bestTree
results/RAxML/5030_5130.raxml.bootstraps
results/RAxML/5030_5130.raxml.log
results/RAxML/5030_5130.raxml.mlTrees
results/RAxML/5030_5130.raxml.rba
results/RAxML/5030_5130.raxml.startTree
results/RAxML/5030_5130.raxml.support
results/RAxML/5050_5150.raxml.bestModel
results/RAxML/5050_5150.raxml.bestTree
results/RAxML/5050_5150.raxml.bootstraps
results/RAxML/5050_5150.raxml.log
results/RAxML/5050_5150.raxml.mlTrees
results/RAxML/5050_5150.raxml.rba
results/RAxML/5050_5150.raxml.startTree
results/RAxML/5050_5150.raxml.support
results/RAxML/5310_5410.raxml.bestModel
results/RAxML/5310_5410.raxml.bestTree
results/RAxML/5310_5410.raxml.bootstraps
results/RAxML/5310_5410.raxml.log
results/RAxML/5310_5410.raxml.mlTrees
results/RAxML/5310_5410.raxml.rba
results/RAxML/5310_5410.raxml.startTree
results/RAxML/5310_5410.raxml.support
