Building DAG of jobs...
Using shell: /bin/bash
Provided cores: 8
Rules claiming more threads will be scaled down.
Job stats:
job                count    min threads    max threads
---------------  -------  -------------  -------------
all                    1              1              1
rf_distance           13              1              1
runRaxML              13              1              1
sliding_windows        5              1              1
total                 32              1              1

Select jobs to execute...

[Sun Jul 16 18:24:34 2023]
rule runRaxML:
    input: results/windows/window_position_1370_1470.fa
    output: results/RAxML/1370_1470.raxml.bestModel, results/RAxML/1370_1470.raxml.bestTree, results/RAxML/1370_1470.raxml.bootstraps, results/RAxML/1370_1470.raxml.log, results/RAxML/1370_1470.raxml.mlTrees, results/RAxML/1370_1470.raxml.rba, results/RAxML/1370_1470.raxml.startTree, results/RAxML/1370_1470.raxml.support
    jobid: 413
    reason: Missing output files: results/RAxML/1370_1470.raxml.bestTree
    wildcards: position=1370_1470
    resources: tmpdir=/var/folders/jm/5k15km0505vdkj2xt4zkphy40000gn/T

[Sun Jul 16 18:24:34 2023]
rule runRaxML:
    input: results/windows/window_position_2350_2450.fa
    output: results/RAxML/2350_2450.raxml.bestModel, results/RAxML/2350_2450.raxml.bestTree, results/RAxML/2350_2450.raxml.bootstraps, results/RAxML/2350_2450.raxml.log, results/RAxML/2350_2450.raxml.mlTrees, results/RAxML/2350_2450.raxml.rba, results/RAxML/2350_2450.raxml.startTree, results/RAxML/2350_2450.raxml.support
    jobid: 707
    reason: Missing output files: results/RAxML/2350_2450.raxml.bestTree
    wildcards: position=2350_2450
    resources: tmpdir=/var/folders/jm/5k15km0505vdkj2xt4zkphy40000gn/T

[Sun Jul 16 18:24:34 2023]
rule runRaxML:
    input: results/windows/window_position_4840_4940.fa
    output: results/RAxML/4840_4940.raxml.bestModel, results/RAxML/4840_4940.raxml.bestTree, results/RAxML/4840_4940.raxml.bootstraps, results/RAxML/4840_4940.raxml.log, results/RAxML/4840_4940.raxml.mlTrees, results/RAxML/4840_4940.raxml.rba, results/RAxML/4840_4940.raxml.startTree, results/RAxML/4840_4940.raxml.support
    jobid: 1454
    reason: Forced execution
    wildcards: position=4840_4940
    resources: tmpdir=/var/folders/jm/5k15km0505vdkj2xt4zkphy40000gn/T

[Sun Jul 16 18:24:34 2023]
rule runRaxML:
    input: results/windows/window_position_2370_2470.fa
    output: results/RAxML/2370_2470.raxml.bestModel, results/RAxML/2370_2470.raxml.bestTree, results/RAxML/2370_2470.raxml.bootstraps, results/RAxML/2370_2470.raxml.log, results/RAxML/2370_2470.raxml.mlTrees, results/RAxML/2370_2470.raxml.rba, results/RAxML/2370_2470.raxml.startTree, results/RAxML/2370_2470.raxml.support
    jobid: 713
    reason: Missing output files: results/RAxML/2370_2470.raxml.bestTree
    wildcards: position=2370_2470
    resources: tmpdir=/var/folders/jm/5k15km0505vdkj2xt4zkphy40000gn/T

[Sun Jul 16 18:24:34 2023]
rule runRaxML:
    input: results/windows/window_position_1300_1400.fa
    output: results/RAxML/1300_1400.raxml.bestModel, results/RAxML/1300_1400.raxml.bestTree, results/RAxML/1300_1400.raxml.bootstraps, results/RAxML/1300_1400.raxml.log, results/RAxML/1300_1400.raxml.mlTrees, results/RAxML/1300_1400.raxml.rba, results/RAxML/1300_1400.raxml.startTree, results/RAxML/1300_1400.raxml.support
    jobid: 392
    reason: Missing output files: results/RAxML/1300_1400.raxml.bestTree
    wildcards: position=1300_1400
    resources: tmpdir=/var/folders/jm/5k15km0505vdkj2xt4zkphy40000gn/T

[Sun Jul 16 18:24:34 2023]
rule runRaxML:
    input: results/windows/window_position_3210_3310.fa
    output: results/RAxML/3210_3310.raxml.bestModel, results/RAxML/3210_3310.raxml.bestTree, results/RAxML/3210_3310.raxml.bootstraps, results/RAxML/3210_3310.raxml.log, results/RAxML/3210_3310.raxml.mlTrees, results/RAxML/3210_3310.raxml.rba, results/RAxML/3210_3310.raxml.startTree, results/RAxML/3210_3310.raxml.support
    jobid: 965
    reason: Forced execution
    wildcards: position=3210_3310
    resources: tmpdir=/var/folders/jm/5k15km0505vdkj2xt4zkphy40000gn/T

[Sun Jul 16 18:24:34 2023]
rule runRaxML:
    input: results/windows/window_position_390_490.fa
    output: results/RAxML/390_490.raxml.bestModel, results/RAxML/390_490.raxml.bestTree, results/RAxML/390_490.raxml.bootstraps, results/RAxML/390_490.raxml.log, results/RAxML/390_490.raxml.mlTrees, results/RAxML/390_490.raxml.rba, results/RAxML/390_490.raxml.startTree, results/RAxML/390_490.raxml.support
    jobid: 119
    reason: Forced execution
    wildcards: position=390_490
    resources: tmpdir=/var/folders/jm/5k15km0505vdkj2xt4zkphy40000gn/T

[Sun Jul 16 18:24:34 2023]
rule runRaxML:
    input: results/windows/window_position_250_350.fa
    output: results/RAxML/250_350.raxml.bestModel, results/RAxML/250_350.raxml.bestTree, results/RAxML/250_350.raxml.bootstraps, results/RAxML/250_350.raxml.log, results/RAxML/250_350.raxml.mlTrees, results/RAxML/250_350.raxml.rba, results/RAxML/250_350.raxml.startTree, results/RAxML/250_350.raxml.support
    jobid: 77
    reason: Forced execution
    wildcards: position=250_350
    resources: tmpdir=/var/folders/jm/5k15km0505vdkj2xt4zkphy40000gn/T

[Sun Jul 16 20:50:11 2023]
Finished job 965.
1 of 32 steps (3%) done
Removing temporary output results/RAxML/3210_3310.raxml.bestModel.
Removing temporary output results/RAxML/3210_3310.raxml.bootstraps.
Removing temporary output results/RAxML/3210_3310.raxml.log.
Removing temporary output results/RAxML/3210_3310.raxml.mlTrees.
Removing temporary output results/RAxML/3210_3310.raxml.rba.
Removing temporary output results/RAxML/3210_3310.raxml.startTree.
Removing temporary output results/RAxML/3210_3310.raxml.support.
Select jobs to execute...

[Sun Jul 16 20:50:11 2023]
rule rf_distance:
    input: results/RAxML/3210_3310.raxml.bestTree
    output: results/rf/3210_3310.rf_ete
    jobid: 964
    reason: Missing output files: results/rf/3210_3310.rf_ete; Input files updated by another job: results/RAxML/3210_3310.raxml.bestTree
    wildcards: position=3210_3310
    resources: tmpdir=/var/folders/jm/5k15km0505vdkj2xt4zkphy40000gn/T

[Sun Jul 16 20:50:19 2023]
Finished job 964.
2 of 32 steps (6%) done
Select jobs to execute...

[Sun Jul 16 20:50:19 2023]
rule sliding_windows:
    output: results/windows/window_position_2580_2680.fa
    jobid: 777
    reason: Missing output files: results/windows/window_position_2580_2680.fa
    wildcards: position=2580_2680
    resources: tmpdir=/var/folders/jm/5k15km0505vdkj2xt4zkphy40000gn/T

[Sun Jul 16 20:50:23 2023]
Finished job 777.
3 of 32 steps (9%) done
Select jobs to execute...

[Sun Jul 16 20:50:23 2023]
rule runRaxML:
    input: results/windows/window_position_2580_2680.fa
    output: results/RAxML/2580_2680.raxml.bestModel, results/RAxML/2580_2680.raxml.bestTree, results/RAxML/2580_2680.raxml.bootstraps, results/RAxML/2580_2680.raxml.log, results/RAxML/2580_2680.raxml.mlTrees, results/RAxML/2580_2680.raxml.rba, results/RAxML/2580_2680.raxml.startTree, results/RAxML/2580_2680.raxml.support
    jobid: 776
    reason: Missing output files: results/RAxML/2580_2680.raxml.bestTree; Input files updated by another job: results/windows/window_position_2580_2680.fa
    wildcards: position=2580_2680
    resources: tmpdir=/var/folders/jm/5k15km0505vdkj2xt4zkphy40000gn/T

[Sun Jul 16 20:54:20 2023]
Finished job 1454.
4 of 32 steps (12%) done
Removing temporary output results/RAxML/4840_4940.raxml.bestModel.
Removing temporary output results/RAxML/4840_4940.raxml.bootstraps.
Removing temporary output results/RAxML/4840_4940.raxml.log.
Removing temporary output results/RAxML/4840_4940.raxml.mlTrees.
Removing temporary output results/RAxML/4840_4940.raxml.rba.
Removing temporary output results/RAxML/4840_4940.raxml.startTree.
Removing temporary output results/RAxML/4840_4940.raxml.support.
Select jobs to execute...

[Sun Jul 16 20:54:20 2023]
rule rf_distance:
    input: results/RAxML/4840_4940.raxml.bestTree
    output: results/rf/4840_4940.rf_ete
    jobid: 1453
    reason: Missing output files: results/rf/4840_4940.rf_ete; Input files updated by another job: results/RAxML/4840_4940.raxml.bestTree
    wildcards: position=4840_4940
    resources: tmpdir=/var/folders/jm/5k15km0505vdkj2xt4zkphy40000gn/T

[Sun Jul 16 20:54:24 2023]
Finished job 1453.
5 of 32 steps (16%) done
Select jobs to execute...

[Sun Jul 16 20:54:24 2023]
rule sliding_windows:
    output: results/windows/window_position_2740_2840.fa
    jobid: 825
    reason: Missing output files: results/windows/window_position_2740_2840.fa
    wildcards: position=2740_2840
    resources: tmpdir=/var/folders/jm/5k15km0505vdkj2xt4zkphy40000gn/T

[Sun Jul 16 20:54:28 2023]
Finished job 825.
6 of 32 steps (19%) done
Select jobs to execute...

[Sun Jul 16 20:54:28 2023]
rule runRaxML:
    input: results/windows/window_position_2740_2840.fa
    output: results/RAxML/2740_2840.raxml.bestModel, results/RAxML/2740_2840.raxml.bestTree, results/RAxML/2740_2840.raxml.bootstraps, results/RAxML/2740_2840.raxml.log, results/RAxML/2740_2840.raxml.mlTrees, results/RAxML/2740_2840.raxml.rba, results/RAxML/2740_2840.raxml.startTree, results/RAxML/2740_2840.raxml.support
    jobid: 824
    reason: Missing output files: results/RAxML/2740_2840.raxml.bestTree; Input files updated by another job: results/windows/window_position_2740_2840.fa
    wildcards: position=2740_2840
    resources: tmpdir=/var/folders/jm/5k15km0505vdkj2xt4zkphy40000gn/T

[Sun Jul 16 21:02:10 2023]
Finished job 713.
7 of 32 steps (22%) done
Removing temporary output results/RAxML/2370_2470.raxml.bestModel.
Removing temporary output results/RAxML/2370_2470.raxml.bootstraps.
Removing temporary output results/RAxML/2370_2470.raxml.log.
Removing temporary output results/RAxML/2370_2470.raxml.mlTrees.
Removing temporary output results/RAxML/2370_2470.raxml.rba.
Removing temporary output results/RAxML/2370_2470.raxml.startTree.
Removing temporary output results/RAxML/2370_2470.raxml.support.
Select jobs to execute...

[Sun Jul 16 21:02:10 2023]
rule rf_distance:
    input: results/RAxML/2370_2470.raxml.bestTree
    output: results/rf/2370_2470.rf_ete
    jobid: 712
    reason: Missing output files: results/rf/2370_2470.rf_ete; Input files updated by another job: results/RAxML/2370_2470.raxml.bestTree
    wildcards: position=2370_2470
    resources: tmpdir=/var/folders/jm/5k15km0505vdkj2xt4zkphy40000gn/T

[Sun Jul 16 21:02:15 2023]
Finished job 712.
8 of 32 steps (25%) done
Select jobs to execute...

[Sun Jul 16 21:02:15 2023]
rule sliding_windows:
    output: results/windows/window_position_5070_5170.fa
    jobid: 1524
    reason: Missing output files: results/windows/window_position_5070_5170.fa
    wildcards: position=5070_5170
    resources: tmpdir=/var/folders/jm/5k15km0505vdkj2xt4zkphy40000gn/T

[Sun Jul 16 21:02:19 2023]
Finished job 1524.
9 of 32 steps (28%) done
Select jobs to execute...

[Sun Jul 16 21:02:19 2023]
rule runRaxML:
    input: results/windows/window_position_5070_5170.fa
    output: results/RAxML/5070_5170.raxml.bestModel, results/RAxML/5070_5170.raxml.bestTree, results/RAxML/5070_5170.raxml.bootstraps, results/RAxML/5070_5170.raxml.log, results/RAxML/5070_5170.raxml.mlTrees, results/RAxML/5070_5170.raxml.rba, results/RAxML/5070_5170.raxml.startTree, results/RAxML/5070_5170.raxml.support
    jobid: 1523
    reason: Missing output files: results/RAxML/5070_5170.raxml.bestTree; Input files updated by another job: results/windows/window_position_5070_5170.fa
    wildcards: position=5070_5170
    resources: tmpdir=/var/folders/jm/5k15km0505vdkj2xt4zkphy40000gn/T

[Sun Jul 16 21:04:25 2023]
Finished job 707.
10 of 32 steps (31%) done
Removing temporary output results/RAxML/2350_2450.raxml.bestModel.
Removing temporary output results/RAxML/2350_2450.raxml.bootstraps.
Removing temporary output results/RAxML/2350_2450.raxml.log.
Removing temporary output results/RAxML/2350_2450.raxml.mlTrees.
Removing temporary output results/RAxML/2350_2450.raxml.rba.
Removing temporary output results/RAxML/2350_2450.raxml.startTree.
Removing temporary output results/RAxML/2350_2450.raxml.support.
Select jobs to execute...

[Sun Jul 16 21:04:25 2023]
rule rf_distance:
    input: results/RAxML/2350_2450.raxml.bestTree
    output: results/rf/2350_2450.rf_ete
    jobid: 706
    reason: Missing output files: results/rf/2350_2450.rf_ete; Input files updated by another job: results/RAxML/2350_2450.raxml.bestTree
    wildcards: position=2350_2450
    resources: tmpdir=/var/folders/jm/5k15km0505vdkj2xt4zkphy40000gn/T

[Sun Jul 16 21:04:29 2023]
Finished job 706.
11 of 32 steps (34%) done
Select jobs to execute...

[Sun Jul 16 21:04:29 2023]
rule sliding_windows:
    output: results/windows/window_position_4120_4220.fa
    jobid: 1239
    reason: Missing output files: results/windows/window_position_4120_4220.fa
    wildcards: position=4120_4220
    resources: tmpdir=/var/folders/jm/5k15km0505vdkj2xt4zkphy40000gn/T

[Sun Jul 16 21:04:33 2023]
Finished job 1239.
12 of 32 steps (38%) done
Select jobs to execute...

[Sun Jul 16 21:04:33 2023]
rule runRaxML:
    input: results/windows/window_position_4120_4220.fa
    output: results/RAxML/4120_4220.raxml.bestModel, results/RAxML/4120_4220.raxml.bestTree, results/RAxML/4120_4220.raxml.bootstraps, results/RAxML/4120_4220.raxml.log, results/RAxML/4120_4220.raxml.mlTrees, results/RAxML/4120_4220.raxml.rba, results/RAxML/4120_4220.raxml.startTree, results/RAxML/4120_4220.raxml.support
    jobid: 1238
    reason: Missing output files: results/RAxML/4120_4220.raxml.bestTree; Input files updated by another job: results/windows/window_position_4120_4220.fa
    wildcards: position=4120_4220
    resources: tmpdir=/var/folders/jm/5k15km0505vdkj2xt4zkphy40000gn/T

[Sun Jul 16 21:12:38 2023]
Finished job 77.
13 of 32 steps (41%) done
Removing temporary output results/RAxML/250_350.raxml.bestModel.
Removing temporary output results/RAxML/250_350.raxml.bootstraps.
Removing temporary output results/RAxML/250_350.raxml.log.
Removing temporary output results/RAxML/250_350.raxml.mlTrees.
Removing temporary output results/RAxML/250_350.raxml.rba.
Removing temporary output results/RAxML/250_350.raxml.startTree.
Removing temporary output results/RAxML/250_350.raxml.support.
Select jobs to execute...

[Sun Jul 16 21:12:38 2023]
rule rf_distance:
    input: results/RAxML/250_350.raxml.bestTree
    output: results/rf/250_350.rf_ete
    jobid: 76
    reason: Missing output files: results/rf/250_350.rf_ete; Input files updated by another job: results/RAxML/250_350.raxml.bestTree
    wildcards: position=250_350
    resources: tmpdir=/var/folders/jm/5k15km0505vdkj2xt4zkphy40000gn/T

[Sun Jul 16 21:12:42 2023]
Finished job 76.
14 of 32 steps (44%) done
Select jobs to execute...

[Sun Jul 16 21:12:42 2023]
rule sliding_windows:
    output: results/windows/window_position_4820_4920.fa
    jobid: 1449
    reason: Missing output files: results/windows/window_position_4820_4920.fa
    wildcards: position=4820_4920
    resources: tmpdir=/var/folders/jm/5k15km0505vdkj2xt4zkphy40000gn/T

[Sun Jul 16 21:12:46 2023]
Finished job 1449.
15 of 32 steps (47%) done
Select jobs to execute...

[Sun Jul 16 21:12:46 2023]
rule runRaxML:
    input: results/windows/window_position_4820_4920.fa
    output: results/RAxML/4820_4920.raxml.bestModel, results/RAxML/4820_4920.raxml.bestTree, results/RAxML/4820_4920.raxml.bootstraps, results/RAxML/4820_4920.raxml.log, results/RAxML/4820_4920.raxml.mlTrees, results/RAxML/4820_4920.raxml.rba, results/RAxML/4820_4920.raxml.startTree, results/RAxML/4820_4920.raxml.support
    jobid: 1448
    reason: Missing output files: results/RAxML/4820_4920.raxml.bestTree; Input files updated by another job: results/windows/window_position_4820_4920.fa
    wildcards: position=4820_4920
    resources: tmpdir=/var/folders/jm/5k15km0505vdkj2xt4zkphy40000gn/T

[Sun Jul 16 21:18:32 2023]
Finished job 413.
16 of 32 steps (50%) done
Removing temporary output results/RAxML/1370_1470.raxml.bestModel.
Removing temporary output results/RAxML/1370_1470.raxml.bootstraps.
Removing temporary output results/RAxML/1370_1470.raxml.log.
Removing temporary output results/RAxML/1370_1470.raxml.mlTrees.
Removing temporary output results/RAxML/1370_1470.raxml.rba.
Removing temporary output results/RAxML/1370_1470.raxml.startTree.
Removing temporary output results/RAxML/1370_1470.raxml.support.
Select jobs to execute...

[Sun Jul 16 21:18:32 2023]
rule rf_distance:
    input: results/RAxML/1370_1470.raxml.bestTree
    output: results/rf/1370_1470.rf_ete
    jobid: 412
    reason: Missing output files: results/rf/1370_1470.rf_ete; Input files updated by another job: results/RAxML/1370_1470.raxml.bestTree
    wildcards: position=1370_1470
    resources: tmpdir=/var/folders/jm/5k15km0505vdkj2xt4zkphy40000gn/T

[Sun Jul 16 21:18:36 2023]
Finished job 412.
17 of 32 steps (53%) done
[Sun Jul 16 21:21:24 2023]
Finished job 392.
18 of 32 steps (56%) done
Removing temporary output results/RAxML/1300_1400.raxml.bestModel.
Removing temporary output results/RAxML/1300_1400.raxml.bootstraps.
Removing temporary output results/RAxML/1300_1400.raxml.log.
Removing temporary output results/RAxML/1300_1400.raxml.mlTrees.
Removing temporary output results/RAxML/1300_1400.raxml.rba.
Removing temporary output results/RAxML/1300_1400.raxml.startTree.
Removing temporary output results/RAxML/1300_1400.raxml.support.
Select jobs to execute...

[Sun Jul 16 21:21:24 2023]
rule rf_distance:
    input: results/RAxML/1300_1400.raxml.bestTree
    output: results/rf/1300_1400.rf_ete
    jobid: 391
    reason: Missing output files: results/rf/1300_1400.rf_ete; Input files updated by another job: results/RAxML/1300_1400.raxml.bestTree
    wildcards: position=1300_1400
    resources: tmpdir=/var/folders/jm/5k15km0505vdkj2xt4zkphy40000gn/T

[Sun Jul 16 21:21:27 2023]
Finished job 391.
19 of 32 steps (59%) done
[Sun Jul 16 21:23:55 2023]
Finished job 119.
20 of 32 steps (62%) done
Removing temporary output results/RAxML/390_490.raxml.bestModel.
Removing temporary output results/RAxML/390_490.raxml.bootstraps.
Removing temporary output results/RAxML/390_490.raxml.log.
Removing temporary output results/RAxML/390_490.raxml.mlTrees.
Removing temporary output results/RAxML/390_490.raxml.rba.
Removing temporary output results/RAxML/390_490.raxml.startTree.
Removing temporary output results/RAxML/390_490.raxml.support.
Select jobs to execute...

[Sun Jul 16 21:23:55 2023]
rule rf_distance:
    input: results/RAxML/390_490.raxml.bestTree
    output: results/rf/390_490.rf_ete
    jobid: 118
    reason: Missing output files: results/rf/390_490.rf_ete; Input files updated by another job: results/RAxML/390_490.raxml.bestTree
    wildcards: position=390_490
    resources: tmpdir=/var/folders/jm/5k15km0505vdkj2xt4zkphy40000gn/T

[Sun Jul 16 21:23:58 2023]
Finished job 118.
21 of 32 steps (66%) done
[Sun Jul 16 21:44:26 2023]
Finished job 776.
22 of 32 steps (69%) done
Removing temporary output results/RAxML/2580_2680.raxml.bestModel.
Removing temporary output results/RAxML/2580_2680.raxml.bootstraps.
Removing temporary output results/RAxML/2580_2680.raxml.log.
Removing temporary output results/RAxML/2580_2680.raxml.mlTrees.
Removing temporary output results/RAxML/2580_2680.raxml.rba.
Removing temporary output results/RAxML/2580_2680.raxml.startTree.
Removing temporary output results/RAxML/2580_2680.raxml.support.
Select jobs to execute...

[Sun Jul 16 21:44:26 2023]
rule rf_distance:
    input: results/RAxML/2580_2680.raxml.bestTree
    output: results/rf/2580_2680.rf_ete
    jobid: 775
    reason: Missing output files: results/rf/2580_2680.rf_ete; Input files updated by another job: results/RAxML/2580_2680.raxml.bestTree
    wildcards: position=2580_2680
    resources: tmpdir=/var/folders/jm/5k15km0505vdkj2xt4zkphy40000gn/T

[Sun Jul 16 21:44:29 2023]
Finished job 775.
23 of 32 steps (72%) done
[Sun Jul 16 21:51:03 2023]
Finished job 1238.
24 of 32 steps (75%) done
Removing temporary output results/RAxML/4120_4220.raxml.bestModel.
Removing temporary output results/RAxML/4120_4220.raxml.bootstraps.
Removing temporary output results/RAxML/4120_4220.raxml.log.
Removing temporary output results/RAxML/4120_4220.raxml.mlTrees.
Removing temporary output results/RAxML/4120_4220.raxml.rba.
Removing temporary output results/RAxML/4120_4220.raxml.startTree.
Removing temporary output results/RAxML/4120_4220.raxml.support.
Select jobs to execute...

[Sun Jul 16 21:51:03 2023]
rule rf_distance:
    input: results/RAxML/4120_4220.raxml.bestTree
    output: results/rf/4120_4220.rf_ete
    jobid: 1237
    reason: Missing output files: results/rf/4120_4220.rf_ete; Input files updated by another job: results/RAxML/4120_4220.raxml.bestTree
    wildcards: position=4120_4220
    resources: tmpdir=/var/folders/jm/5k15km0505vdkj2xt4zkphy40000gn/T

[Sun Jul 16 21:51:06 2023]
Finished job 1237.
25 of 32 steps (78%) done
[Sun Jul 16 21:51:59 2023]
Finished job 1448.
26 of 32 steps (81%) done
Removing temporary output results/RAxML/4820_4920.raxml.bestModel.
Removing temporary output results/RAxML/4820_4920.raxml.bootstraps.
Removing temporary output results/RAxML/4820_4920.raxml.log.
Removing temporary output results/RAxML/4820_4920.raxml.mlTrees.
Removing temporary output results/RAxML/4820_4920.raxml.rba.
Removing temporary output results/RAxML/4820_4920.raxml.startTree.
Removing temporary output results/RAxML/4820_4920.raxml.support.
Select jobs to execute...

[Sun Jul 16 21:51:59 2023]
rule rf_distance:
    input: results/RAxML/4820_4920.raxml.bestTree
    output: results/rf/4820_4920.rf_ete
    jobid: 1447
    reason: Missing output files: results/rf/4820_4920.rf_ete; Input files updated by another job: results/RAxML/4820_4920.raxml.bestTree
    wildcards: position=4820_4920
    resources: tmpdir=/var/folders/jm/5k15km0505vdkj2xt4zkphy40000gn/T

[Sun Jul 16 21:52:01 2023]
Finished job 1447.
27 of 32 steps (84%) done
[Sun Jul 16 21:52:26 2023]
Finished job 824.
28 of 32 steps (88%) done
Removing temporary output results/RAxML/2740_2840.raxml.bestModel.
Removing temporary output results/RAxML/2740_2840.raxml.bootstraps.
Removing temporary output results/RAxML/2740_2840.raxml.log.
Removing temporary output results/RAxML/2740_2840.raxml.mlTrees.
Removing temporary output results/RAxML/2740_2840.raxml.rba.
Removing temporary output results/RAxML/2740_2840.raxml.startTree.
Removing temporary output results/RAxML/2740_2840.raxml.support.
Select jobs to execute...

[Sun Jul 16 21:52:26 2023]
rule rf_distance:
    input: results/RAxML/2740_2840.raxml.bestTree
    output: results/rf/2740_2840.rf_ete
    jobid: 823
    reason: Missing output files: results/rf/2740_2840.rf_ete; Input files updated by another job: results/RAxML/2740_2840.raxml.bestTree
    wildcards: position=2740_2840
    resources: tmpdir=/var/folders/jm/5k15km0505vdkj2xt4zkphy40000gn/T

[Sun Jul 16 21:52:28 2023]
Finished job 823.
29 of 32 steps (91%) done
[Sun Jul 16 21:54:03 2023]
Finished job 1523.
30 of 32 steps (94%) done
Removing temporary output results/RAxML/5070_5170.raxml.bestModel.
Removing temporary output results/RAxML/5070_5170.raxml.bootstraps.
Removing temporary output results/RAxML/5070_5170.raxml.log.
Removing temporary output results/RAxML/5070_5170.raxml.mlTrees.
Removing temporary output results/RAxML/5070_5170.raxml.rba.
Removing temporary output results/RAxML/5070_5170.raxml.startTree.
Removing temporary output results/RAxML/5070_5170.raxml.support.
Select jobs to execute...

[Sun Jul 16 21:54:03 2023]
rule rf_distance:
    input: results/RAxML/5070_5170.raxml.bestTree
    output: results/rf/5070_5170.rf_ete
    jobid: 1522
    reason: Missing output files: results/rf/5070_5170.rf_ete; Input files updated by another job: results/RAxML/5070_5170.raxml.bestTree
    wildcards: position=5070_5170
    resources: tmpdir=/var/folders/jm/5k15km0505vdkj2xt4zkphy40000gn/T

[Sun Jul 16 21:54:05 2023]
Finished job 1522.
31 of 32 steps (97%) done
Select jobs to execute...

[Sun Jul 16 21:54:05 2023]
localrule all:
    input: results/rf/0_100.rf_ete, results/rf/10_110.rf_ete, results/rf/20_120.rf_ete, results/rf/30_130.rf_ete, results/rf/40_140.rf_ete, results/rf/50_150.rf_ete, results/rf/60_160.rf_ete, results/rf/70_170.rf_ete, results/rf/80_180.rf_ete, results/rf/90_190.rf_ete, results/rf/100_200.rf_ete, results/rf/110_210.rf_ete, results/rf/120_220.rf_ete, results/rf/130_230.rf_ete, results/rf/140_240.rf_ete, results/rf/150_250.rf_ete, results/rf/160_260.rf_ete, results/rf/170_270.rf_ete, results/rf/180_280.rf_ete, results/rf/190_290.rf_ete, results/rf/200_300.rf_ete, results/rf/210_310.rf_ete, results/rf/220_320.rf_ete, results/rf/230_330.rf_ete, results/rf/240_340.rf_ete, results/rf/250_350.rf_ete, results/rf/260_360.rf_ete, results/rf/270_370.rf_ete, results/rf/280_380.rf_ete, results/rf/290_390.rf_ete, results/rf/300_400.rf_ete, results/rf/310_410.rf_ete, results/rf/320_420.rf_ete, results/rf/330_430.rf_ete, results/rf/340_440.rf_ete, results/rf/350_450.rf_ete, results/rf/360_460.rf_ete, results/rf/370_470.rf_ete, results/rf/380_480.rf_ete, results/rf/390_490.rf_ete, results/rf/400_500.rf_ete, results/rf/410_510.rf_ete, results/rf/420_520.rf_ete, results/rf/430_530.rf_ete, results/rf/440_540.rf_ete, results/rf/450_550.rf_ete, results/rf/460_560.rf_ete, results/rf/470_570.rf_ete, results/rf/480_580.rf_ete, results/rf/490_590.rf_ete, results/rf/500_600.rf_ete, results/rf/510_610.rf_ete, results/rf/520_620.rf_ete, results/rf/530_630.rf_ete, results/rf/540_640.rf_ete, results/rf/550_650.rf_ete, results/rf/560_660.rf_ete, results/rf/570_670.rf_ete, results/rf/580_680.rf_ete, results/rf/590_690.rf_ete, results/rf/600_700.rf_ete, results/rf/610_710.rf_ete, results/rf/620_720.rf_ete, results/rf/630_730.rf_ete, results/rf/640_740.rf_ete, results/rf/650_750.rf_ete, results/rf/660_760.rf_ete, results/rf/670_770.rf_ete, results/rf/680_780.rf_ete, results/rf/690_790.rf_ete, results/rf/700_800.rf_ete, results/rf/710_810.rf_ete, results/rf/720_820.rf_ete, results/rf/730_830.rf_ete, results/rf/740_840.rf_ete, results/rf/750_850.rf_ete, results/rf/760_860.rf_ete, results/rf/770_870.rf_ete, results/rf/780_880.rf_ete, results/rf/790_890.rf_ete, results/rf/800_900.rf_ete, results/rf/810_910.rf_ete, results/rf/820_920.rf_ete, results/rf/830_930.rf_ete, results/rf/840_940.rf_ete, results/rf/850_950.rf_ete, results/rf/860_960.rf_ete, results/rf/870_970.rf_ete, results/rf/880_980.rf_ete, results/rf/890_990.rf_ete, results/rf/900_1000.rf_ete, results/rf/910_1010.rf_ete, results/rf/920_1020.rf_ete, results/rf/930_1030.rf_ete, results/rf/940_1040.rf_ete, results/rf/950_1050.rf_ete, results/rf/960_1060.rf_ete, results/rf/970_1070.rf_ete, results/rf/980_1080.rf_ete, results/rf/990_1090.rf_ete, results/rf/1000_1100.rf_ete, results/rf/1010_1110.rf_ete, results/rf/1020_1120.rf_ete, results/rf/1030_1130.rf_ete, results/rf/1040_1140.rf_ete, results/rf/1050_1150.rf_ete, results/rf/1060_1160.rf_ete, results/rf/1070_1170.rf_ete, results/rf/1080_1180.rf_ete, results/rf/1090_1190.rf_ete, results/rf/1100_1200.rf_ete, results/rf/1110_1210.rf_ete, results/rf/1120_1220.rf_ete, results/rf/1130_1230.rf_ete, results/rf/1140_1240.rf_ete, results/rf/1150_1250.rf_ete, results/rf/1160_1260.rf_ete, results/rf/1170_1270.rf_ete, results/rf/1180_1280.rf_ete, results/rf/1190_1290.rf_ete, results/rf/1200_1300.rf_ete, results/rf/1210_1310.rf_ete, results/rf/1220_1320.rf_ete, results/rf/1230_1330.rf_ete, results/rf/1240_1340.rf_ete, results/rf/1250_1350.rf_ete, results/rf/1260_1360.rf_ete, results/rf/1270_1370.rf_ete, results/rf/1280_1380.rf_ete, results/rf/1290_1390.rf_ete, results/rf/1300_1400.rf_ete, results/rf/1310_1410.rf_ete, results/rf/1320_1420.rf_ete, results/rf/1330_1430.rf_ete, results/rf/1340_1440.rf_ete, results/rf/1350_1450.rf_ete, results/rf/1360_1460.rf_ete, results/rf/1370_1470.rf_ete, results/rf/1380_1480.rf_ete, results/rf/1390_1490.rf_ete, results/rf/1400_1500.rf_ete, results/rf/1410_1510.rf_ete, results/rf/1420_1520.rf_ete, results/rf/1430_1530.rf_ete, results/rf/1440_1540.rf_ete, results/rf/1450_1550.rf_ete, results/rf/1460_1560.rf_ete, results/rf/1470_1570.rf_ete, results/rf/1480_1580.rf_ete, results/rf/1490_1590.rf_ete, results/rf/1500_1600.rf_ete, results/rf/1510_1610.rf_ete, results/rf/1520_1620.rf_ete, results/rf/1530_1630.rf_ete, results/rf/1540_1640.rf_ete, results/rf/1550_1650.rf_ete, results/rf/1560_1660.rf_ete, results/rf/1570_1670.rf_ete, results/rf/1580_1680.rf_ete, results/rf/1590_1690.rf_ete, results/rf/1600_1700.rf_ete, results/rf/1610_1710.rf_ete, results/rf/1620_1720.rf_ete, results/rf/1630_1730.rf_ete, results/rf/1640_1740.rf_ete, results/rf/1650_1750.rf_ete, results/rf/1660_1760.rf_ete, results/rf/1670_1770.rf_ete, results/rf/1680_1780.rf_ete, results/rf/1690_1790.rf_ete, results/rf/1700_1800.rf_ete, results/rf/1710_1810.rf_ete, results/rf/1720_1820.rf_ete, results/rf/1730_1830.rf_ete, results/rf/1740_1840.rf_ete, results/rf/1750_1850.rf_ete, results/rf/1760_1860.rf_ete, results/rf/1770_1870.rf_ete, results/rf/1780_1880.rf_ete, results/rf/1790_1890.rf_ete, results/rf/1800_1900.rf_ete, results/rf/1810_1910.rf_ete, results/rf/1820_1920.rf_ete, results/rf/1830_1930.rf_ete, results/rf/1840_1940.rf_ete, results/rf/1850_1950.rf_ete, results/rf/1860_1960.rf_ete, results/rf/1870_1970.rf_ete, results/rf/1880_1980.rf_ete, results/rf/1890_1990.rf_ete, results/rf/1900_2000.rf_ete, results/rf/1910_2010.rf_ete, results/rf/1920_2020.rf_ete, results/rf/1930_2030.rf_ete, results/rf/1940_2040.rf_ete, results/rf/1950_2050.rf_ete, results/rf/1960_2060.rf_ete, results/rf/1970_2070.rf_ete, results/rf/1980_2080.rf_ete, results/rf/1990_2090.rf_ete, results/rf/2000_2100.rf_ete, results/rf/2010_2110.rf_ete, results/rf/2020_2120.rf_ete, results/rf/2030_2130.rf_ete, results/rf/2040_2140.rf_ete, results/rf/2050_2150.rf_ete, results/rf/2060_2160.rf_ete, results/rf/2070_2170.rf_ete, results/rf/2080_2180.rf_ete, results/rf/2090_2190.rf_ete, results/rf/2100_2200.rf_ete, results/rf/2110_2210.rf_ete, results/rf/2120_2220.rf_ete, results/rf/2130_2230.rf_ete, results/rf/2140_2240.rf_ete, results/rf/2150_2250.rf_ete, results/rf/2160_2260.rf_ete, results/rf/2170_2270.rf_ete, results/rf/2180_2280.rf_ete, results/rf/2190_2290.rf_ete, results/rf/2200_2300.rf_ete, results/rf/2210_2310.rf_ete, results/rf/2220_2320.rf_ete, results/rf/2230_2330.rf_ete, results/rf/2240_2340.rf_ete, results/rf/2250_2350.rf_ete, results/rf/2260_2360.rf_ete, results/rf/2270_2370.rf_ete, results/rf/2280_2380.rf_ete, results/rf/2290_2390.rf_ete, results/rf/2300_2400.rf_ete, results/rf/2310_2410.rf_ete, results/rf/2320_2420.rf_ete, results/rf/2330_2430.rf_ete, results/rf/2340_2440.rf_ete, results/rf/2350_2450.rf_ete, results/rf/2360_2460.rf_ete, results/rf/2370_2470.rf_ete, results/rf/2380_2480.rf_ete, results/rf/2390_2490.rf_ete, results/rf/2400_2500.rf_ete, results/rf/2410_2510.rf_ete, results/rf/2420_2520.rf_ete, results/rf/2430_2530.rf_ete, results/rf/2440_2540.rf_ete, results/rf/2450_2550.rf_ete, results/rf/2460_2560.rf_ete, results/rf/2470_2570.rf_ete, results/rf/2480_2580.rf_ete, results/rf/2490_2590.rf_ete, results/rf/2500_2600.rf_ete, results/rf/2510_2610.rf_ete, results/rf/2520_2620.rf_ete, results/rf/2530_2630.rf_ete, results/rf/2540_2640.rf_ete, results/rf/2550_2650.rf_ete, results/rf/2560_2660.rf_ete, results/rf/2570_2670.rf_ete, results/rf/2580_2680.rf_ete, results/rf/2590_2690.rf_ete, results/rf/2600_2700.rf_ete, results/rf/2610_2710.rf_ete, results/rf/2620_2720.rf_ete, results/rf/2630_2730.rf_ete, results/rf/2640_2740.rf_ete, results/rf/2650_2750.rf_ete, results/rf/2660_2760.rf_ete, results/rf/2670_2770.rf_ete, results/rf/2680_2780.rf_ete, results/rf/2690_2790.rf_ete, results/rf/2700_2800.rf_ete, results/rf/2710_2810.rf_ete, results/rf/2720_2820.rf_ete, results/rf/2730_2830.rf_ete, results/rf/2740_2840.rf_ete, results/rf/2750_2850.rf_ete, results/rf/2760_2860.rf_ete, results/rf/2770_2870.rf_ete, results/rf/2780_2880.rf_ete, results/rf/2790_2890.rf_ete, results/rf/2800_2900.rf_ete, results/rf/2810_2910.rf_ete, results/rf/2820_2920.rf_ete, results/rf/2830_2930.rf_ete, results/rf/2840_2940.rf_ete, results/rf/2850_2950.rf_ete, results/rf/2860_2960.rf_ete, results/rf/2870_2970.rf_ete, results/rf/2880_2980.rf_ete, results/rf/2890_2990.rf_ete, results/rf/2900_3000.rf_ete, results/rf/2910_3010.rf_ete, results/rf/2920_3020.rf_ete, results/rf/2930_3030.rf_ete, results/rf/2940_3040.rf_ete, results/rf/2950_3050.rf_ete, results/rf/2960_3060.rf_ete, results/rf/2970_3070.rf_ete, results/rf/2980_3080.rf_ete, results/rf/2990_3090.rf_ete, results/rf/3000_3100.rf_ete, results/rf/3010_3110.rf_ete, results/rf/3020_3120.rf_ete, results/rf/3030_3130.rf_ete, results/rf/3040_3140.rf_ete, results/rf/3050_3150.rf_ete, results/rf/3060_3160.rf_ete, results/rf/3070_3170.rf_ete, results/rf/3080_3180.rf_ete, results/rf/3090_3190.rf_ete, results/rf/3100_3200.rf_ete, results/rf/3110_3210.rf_ete, results/rf/3120_3220.rf_ete, results/rf/3130_3230.rf_ete, results/rf/3140_3240.rf_ete, results/rf/3150_3250.rf_ete, results/rf/3160_3260.rf_ete, results/rf/3170_3270.rf_ete, results/rf/3180_3280.rf_ete, results/rf/3190_3290.rf_ete, results/rf/3200_3300.rf_ete, results/rf/3210_3310.rf_ete, results/rf/3220_3320.rf_ete, results/rf/3230_3330.rf_ete, results/rf/3240_3340.rf_ete, results/rf/3250_3350.rf_ete, results/rf/3260_3360.rf_ete, results/rf/3270_3370.rf_ete, results/rf/3280_3380.rf_ete, results/rf/3290_3390.rf_ete, results/rf/3300_3400.rf_ete, results/rf/3310_3410.rf_ete, results/rf/3320_3420.rf_ete, results/rf/3330_3430.rf_ete, results/rf/3340_3440.rf_ete, results/rf/3350_3450.rf_ete, results/rf/3360_3460.rf_ete, results/rf/3370_3470.rf_ete, results/rf/3380_3480.rf_ete, results/rf/3390_3490.rf_ete, results/rf/3400_3500.rf_ete, results/rf/3410_3510.rf_ete, results/rf/3420_3520.rf_ete, results/rf/3430_3530.rf_ete, results/rf/3440_3540.rf_ete, results/rf/3450_3550.rf_ete, results/rf/3460_3560.rf_ete, results/rf/3470_3570.rf_ete, results/rf/3480_3580.rf_ete, results/rf/3490_3590.rf_ete, results/rf/3500_3600.rf_ete, results/rf/3510_3610.rf_ete, results/rf/3520_3620.rf_ete, results/rf/3530_3630.rf_ete, results/rf/3540_3640.rf_ete, results/rf/3550_3650.rf_ete, results/rf/3560_3660.rf_ete, results/rf/3570_3670.rf_ete, results/rf/3580_3680.rf_ete, results/rf/3590_3690.rf_ete, results/rf/3600_3700.rf_ete, results/rf/3610_3710.rf_ete, results/rf/3620_3720.rf_ete, results/rf/3630_3730.rf_ete, results/rf/3640_3740.rf_ete, results/rf/3650_3750.rf_ete, results/rf/3660_3760.rf_ete, results/rf/3670_3770.rf_ete, results/rf/3680_3780.rf_ete, results/rf/3690_3790.rf_ete, results/rf/3700_3800.rf_ete, results/rf/3710_3810.rf_ete, results/rf/3720_3820.rf_ete, results/rf/3730_3830.rf_ete, results/rf/3740_3840.rf_ete, results/rf/3750_3850.rf_ete, results/rf/3760_3860.rf_ete, results/rf/3770_3870.rf_ete, results/rf/3780_3880.rf_ete, results/rf/3790_3890.rf_ete, results/rf/3800_3900.rf_ete, results/rf/3810_3910.rf_ete, results/rf/3820_3920.rf_ete, results/rf/3830_3930.rf_ete, results/rf/3840_3940.rf_ete, results/rf/3850_3950.rf_ete, results/rf/3860_3960.rf_ete, results/rf/3870_3970.rf_ete, results/rf/3880_3980.rf_ete, results/rf/3890_3990.rf_ete, results/rf/3900_4000.rf_ete, results/rf/3910_4010.rf_ete, results/rf/3920_4020.rf_ete, results/rf/3930_4030.rf_ete, results/rf/3940_4040.rf_ete, results/rf/3950_4050.rf_ete, results/rf/3960_4060.rf_ete, results/rf/3970_4070.rf_ete, results/rf/3980_4080.rf_ete, results/rf/3990_4090.rf_ete, results/rf/4000_4100.rf_ete, results/rf/4010_4110.rf_ete, results/rf/4020_4120.rf_ete, results/rf/4030_4130.rf_ete, results/rf/4040_4140.rf_ete, results/rf/4050_4150.rf_ete, results/rf/4060_4160.rf_ete, results/rf/4070_4170.rf_ete, results/rf/4080_4180.rf_ete, results/rf/4090_4190.rf_ete, results/rf/4100_4200.rf_ete, results/rf/4110_4210.rf_ete, results/rf/4120_4220.rf_ete, results/rf/4130_4230.rf_ete, results/rf/4140_4240.rf_ete, results/rf/4150_4250.rf_ete, results/rf/4160_4260.rf_ete, results/rf/4170_4270.rf_ete, results/rf/4180_4280.rf_ete, results/rf/4190_4290.rf_ete, results/rf/4200_4300.rf_ete, results/rf/4210_4310.rf_ete, results/rf/4220_4320.rf_ete, results/rf/4230_4330.rf_ete, results/rf/4240_4340.rf_ete, results/rf/4250_4350.rf_ete, results/rf/4260_4360.rf_ete, results/rf/4270_4370.rf_ete, results/rf/4280_4380.rf_ete, results/rf/4290_4390.rf_ete, results/rf/4300_4400.rf_ete, results/rf/4310_4410.rf_ete, results/rf/4320_4420.rf_ete, results/rf/4330_4430.rf_ete, results/rf/4340_4440.rf_ete, results/rf/4350_4450.rf_ete, results/rf/4360_4460.rf_ete, results/rf/4370_4470.rf_ete, results/rf/4380_4480.rf_ete, results/rf/4390_4490.rf_ete, results/rf/4400_4500.rf_ete, results/rf/4410_4510.rf_ete, results/rf/4420_4520.rf_ete, results/rf/4430_4530.rf_ete, results/rf/4440_4540.rf_ete, results/rf/4450_4550.rf_ete, results/rf/4460_4560.rf_ete, results/rf/4470_4570.rf_ete, results/rf/4480_4580.rf_ete, results/rf/4490_4590.rf_ete, results/rf/4500_4600.rf_ete, results/rf/4510_4610.rf_ete, results/rf/4520_4620.rf_ete, results/rf/4530_4630.rf_ete, results/rf/4540_4640.rf_ete, results/rf/4550_4650.rf_ete, results/rf/4560_4660.rf_ete, results/rf/4570_4670.rf_ete, results/rf/4580_4680.rf_ete, results/rf/4590_4690.rf_ete, results/rf/4600_4700.rf_ete, results/rf/4610_4710.rf_ete, results/rf/4620_4720.rf_ete, results/rf/4630_4730.rf_ete, results/rf/4640_4740.rf_ete, results/rf/4650_4750.rf_ete, results/rf/4660_4760.rf_ete, results/rf/4670_4770.rf_ete, results/rf/4680_4780.rf_ete, results/rf/4690_4790.rf_ete, results/rf/4700_4800.rf_ete, results/rf/4710_4810.rf_ete, results/rf/4720_4820.rf_ete, results/rf/4730_4830.rf_ete, results/rf/4740_4840.rf_ete, results/rf/4750_4850.rf_ete, results/rf/4760_4860.rf_ete, results/rf/4770_4870.rf_ete, results/rf/4780_4880.rf_ete, results/rf/4790_4890.rf_ete, results/rf/4800_4900.rf_ete, results/rf/4810_4910.rf_ete, results/rf/4820_4920.rf_ete, results/rf/4830_4930.rf_ete, results/rf/4840_4940.rf_ete, results/rf/4850_4950.rf_ete, results/rf/4860_4960.rf_ete, results/rf/4870_4970.rf_ete, results/rf/4880_4980.rf_ete, results/rf/4890_4990.rf_ete, results/rf/4900_5000.rf_ete, results/rf/4910_5010.rf_ete, results/rf/4920_5020.rf_ete, results/rf/4930_5030.rf_ete, results/rf/4940_5040.rf_ete, results/rf/4950_5050.rf_ete, results/rf/4960_5060.rf_ete, results/rf/4970_5070.rf_ete, results/rf/4980_5080.rf_ete, results/rf/4990_5090.rf_ete, results/rf/5000_5100.rf_ete, results/rf/5010_5110.rf_ete, results/rf/5020_5120.rf_ete, results/rf/5030_5130.rf_ete, results/rf/5040_5140.rf_ete, results/rf/5050_5150.rf_ete, results/rf/5060_5160.rf_ete, results/rf/5070_5170.rf_ete, results/rf/5080_5180.rf_ete, results/rf/5090_5190.rf_ete, results/rf/5100_5200.rf_ete, results/rf/5110_5210.rf_ete, results/rf/5120_5220.rf_ete, results/rf/5130_5230.rf_ete, results/rf/5140_5240.rf_ete, results/rf/5150_5250.rf_ete, results/rf/5160_5260.rf_ete, results/rf/5170_5270.rf_ete, results/rf/5180_5280.rf_ete, results/rf/5190_5290.rf_ete, results/rf/5200_5300.rf_ete, results/rf/5210_5310.rf_ete, results/rf/5220_5320.rf_ete, results/rf/5230_5330.rf_ete, results/rf/5240_5340.rf_ete, results/rf/5250_5350.rf_ete, results/rf/5260_5360.rf_ete, results/rf/5270_5370.rf_ete, results/rf/5280_5380.rf_ete, results/rf/5290_5390.rf_ete, results/rf/5300_5400.rf_ete, results/rf/5310_5410.rf_ete, results/rf/5320_5420.rf_ete, results/rf/5330_5430.rf_ete, results/rf/5340_5440.rf_ete, results/rf/5350_5450.rf_ete, results/rf/5360_5460.rf_ete, results/rf/5370_5470.rf_ete, results/rf/5380_5480.rf_ete, results/rf/5390_5490.rf_ete, results/rf/5400_5500.rf_ete, results/rf/5410_5510.rf_ete, results/rf/5420_5520.rf_ete, results/rf/5430_5530.rf_ete, results/rf/5440_5540.rf_ete, results/rf/5450_5550.rf_ete, results/rf/5460_5560.rf_ete, results/rf/5470_5570.rf_ete, results/rf/5480_5580.rf_ete, results/rf/5490_5590.rf_ete, results/rf/5500_5600.rf_ete, results/rf/5510_5601.rf_ete
    jobid: 0
    reason: Input files updated by another job: results/rf/1370_1470.rf_ete, results/rf/2350_2450.rf_ete, results/rf/390_490.rf_ete, results/rf/4120_4220.rf_ete, results/rf/2370_2470.rf_ete, results/rf/1300_1400.rf_ete, results/rf/250_350.rf_ete, results/rf/2740_2840.rf_ete, results/rf/5070_5170.rf_ete, results/rf/2580_2680.rf_ete, results/rf/4840_4940.rf_ete, results/rf/3210_3310.rf_ete, results/rf/4820_4920.rf_ete
    resources: tmpdir=/var/folders/jm/5k15km0505vdkj2xt4zkphy40000gn/T

[Sun Jul 16 21:54:05 2023]
Finished job 0.
32 of 32 steps (100%) done
Complete log: .snakemake/log/2023-07-16T182429.372272.snakemake.log
