
RAxML-NG v. 0.9.0 released on 20.05.2019 by The Exelixis Lab.
Developed by: Alexey M. Kozlov and Alexandros Stamatakis.
Contributors: Diego Darriba, Tomas Flouri, Benoit Morel, Sarah Lutteropp, Ben Bettisworth.
Latest version: https://github.com/amkozlov/raxml-ng
Questions/problems/suggestions? Please visit: https://groups.google.com/forum/#!forum/raxml

RAxML-NG was called at 10-Aug-2023 20:26:10 as follows:

raxml-ng --all --model Blosum62+G --msa align50_560.fasta --prefix raxml/align50_560 + --msa-format FASTA --tree pars{5} --seed 239 --threads 2 --force --bs-trees 100 --bs-metric fbp

Analysis options:
  run mode: ML tree search + bootstrapping (Felsenstein Bootstrap)
  start tree(s): parsimony (5)
  bootstrap replicates: 100
  random seed: 239
  tip-inner: OFF
  pattern compression: ON
  per-rate scalers: OFF
  site repeats: ON
  branch lengths: proportional (ML estimate, algorithm: NR-FAST)
  SIMD kernels: SSE3
  parallelization: PTHREADS (2 threads), thread pinning: OFF

WARNING: Running in FORCE mode: all safety checks are disabled!

[00:00:00] Reading alignment from file: align50_560.fasta
[00:00:00] Loaded alignment with 47 taxa and 511 sites

Alignment comprises 1 partitions and 409 patterns

Partition 0: noname
Model: BLOSUM62+G4m
Alignment sites / patterns: 511 / 409
Gaps: 0.00 %
Invariant sites: 18.40 %


NOTE: Binary MSA file created: raxml/align50_560.raxml.rba

[00:00:00] Generating 5 parsimony starting tree(s) with 47 taxa
[00:00:00] Data distribution: max. partitions/sites/weight per thread: 1 / 205 / 16400

Starting ML tree search with 5 distinct starting trees

[00:00:16] ML tree search #1, logLikelihood: -6701.076016
[00:00:41] ML tree search #2, logLikelihood: -6701.075964
[00:01:04] ML tree search #3, logLikelihood: -6701.077297
[00:01:29] ML tree search #4, logLikelihood: -6701.075924
[00:01:55] ML tree search #5, logLikelihood: -6701.076047

[00:01:55] ML tree search completed, best tree logLH: -6701.075924

[00:01:55] Starting bootstrapping analysis with 100 replicates.

[00:02:16] Bootstrap tree #1, logLikelihood: -6871.733979
[00:02:38] Bootstrap tree #2, logLikelihood: -6416.507579
[00:03:08] Bootstrap tree #3, logLikelihood: -6831.990628
[00:03:27] Bootstrap tree #4, logLikelihood: -6545.942891
[00:03:51] Bootstrap tree #5, logLikelihood: -6381.517592
[00:04:11] Bootstrap tree #6, logLikelihood: -6266.431501
[00:04:31] Bootstrap tree #7, logLikelihood: -6161.304813
[00:04:55] Bootstrap tree #8, logLikelihood: -6270.600172
[00:05:19] Bootstrap tree #9, logLikelihood: -6493.990298
[00:05:41] Bootstrap tree #10, logLikelihood: -6672.457903
[00:06:06] Bootstrap tree #11, logLikelihood: -6634.336683
[00:06:34] Bootstrap tree #12, logLikelihood: -6535.050694
[00:07:06] Bootstrap tree #13, logLikelihood: -7158.890465
[00:07:32] Bootstrap tree #14, logLikelihood: -6280.975176
[00:08:01] Bootstrap tree #15, logLikelihood: -6639.282058
[00:08:22] Bootstrap tree #16, logLikelihood: -6708.823982
[00:08:48] Bootstrap tree #17, logLikelihood: -6900.953532
[00:09:12] Bootstrap tree #18, logLikelihood: -6354.171403
[00:09:38] Bootstrap tree #19, logLikelihood: -6672.535191
[00:10:06] Bootstrap tree #20, logLikelihood: -6915.671522
[00:10:30] Bootstrap tree #21, logLikelihood: -6992.618786
[00:10:52] Bootstrap tree #22, logLikelihood: -6683.981066
[00:11:17] Bootstrap tree #23, logLikelihood: -6520.400284
[00:11:43] Bootstrap tree #24, logLikelihood: -6543.693096
[00:12:05] Bootstrap tree #25, logLikelihood: -7105.206719
[00:12:27] Bootstrap tree #26, logLikelihood: -6713.630442
[00:12:47] Bootstrap tree #27, logLikelihood: -6478.115478
[00:13:10] Bootstrap tree #28, logLikelihood: -6661.069163
[00:13:32] Bootstrap tree #29, logLikelihood: -6526.597972
[00:13:56] Bootstrap tree #30, logLikelihood: -6520.706929
[00:14:19] Bootstrap tree #31, logLikelihood: -6741.363572
[00:14:48] Bootstrap tree #32, logLikelihood: -7038.453561
[00:15:12] Bootstrap tree #33, logLikelihood: -6837.614902
[00:15:36] Bootstrap tree #34, logLikelihood: -6669.746860
[00:16:02] Bootstrap tree #35, logLikelihood: -6970.747749
[00:16:28] Bootstrap tree #36, logLikelihood: -6441.217033
[00:16:54] Bootstrap tree #37, logLikelihood: -6502.790149
[00:17:19] Bootstrap tree #38, logLikelihood: -6623.455616
[00:17:43] Bootstrap tree #39, logLikelihood: -6540.082192
[00:18:07] Bootstrap tree #40, logLikelihood: -6277.165024
[00:18:34] Bootstrap tree #41, logLikelihood: -6748.867199
[00:19:07] Bootstrap tree #42, logLikelihood: -6578.173027
[00:19:32] Bootstrap tree #43, logLikelihood: -6862.020530
[00:19:57] Bootstrap tree #44, logLikelihood: -6863.758650
[00:20:22] Bootstrap tree #45, logLikelihood: -6612.582917
[00:20:47] Bootstrap tree #46, logLikelihood: -6307.445929
[00:21:20] Bootstrap tree #47, logLikelihood: -6789.413920
[00:21:46] Bootstrap tree #48, logLikelihood: -6624.794665
[00:22:16] Bootstrap tree #49, logLikelihood: -6836.155841
[00:22:46] Bootstrap tree #50, logLikelihood: -6827.866313
[00:23:17] Bootstrap tree #51, logLikelihood: -6628.019511
[00:24:03] Bootstrap tree #52, logLikelihood: -6613.980801
[00:24:35] Bootstrap tree #53, logLikelihood: -6735.226534
[00:25:06] Bootstrap tree #54, logLikelihood: -6530.509684
[00:25:33] Bootstrap tree #55, logLikelihood: -6938.058992
[00:26:02] Bootstrap tree #56, logLikelihood: -6917.283926
[00:26:24] Bootstrap tree #57, logLikelihood: -6400.974623
[00:26:55] Bootstrap tree #58, logLikelihood: -6717.898783
[00:27:25] Bootstrap tree #59, logLikelihood: -6773.774933
[00:27:57] Bootstrap tree #60, logLikelihood: -6714.231139
[00:28:31] Bootstrap tree #61, logLikelihood: -6815.986416
[00:29:01] Bootstrap tree #62, logLikelihood: -6794.170071
[00:29:23] Bootstrap tree #63, logLikelihood: -6131.687545
[00:29:55] Bootstrap tree #64, logLikelihood: -6305.302997
[00:30:25] Bootstrap tree #65, logLikelihood: -6365.095572
[00:30:57] Bootstrap tree #66, logLikelihood: -6756.457337
[00:31:22] Bootstrap tree #67, logLikelihood: -6846.680156
[00:31:59] Bootstrap tree #68, logLikelihood: -6867.395459
[00:32:26] Bootstrap tree #69, logLikelihood: -6433.534220
[00:32:54] Bootstrap tree #70, logLikelihood: -6405.593342
[00:33:38] Bootstrap tree #71, logLikelihood: -6520.535278
[00:34:08] Bootstrap tree #72, logLikelihood: -6439.389826
[00:34:40] Bootstrap tree #73, logLikelihood: -6509.744822
[00:35:09] Bootstrap tree #74, logLikelihood: -6488.141057
[00:35:38] Bootstrap tree #75, logLikelihood: -6819.230910
[00:36:07] Bootstrap tree #76, logLikelihood: -6626.928256
[00:36:34] Bootstrap tree #77, logLikelihood: -6629.378666
[00:37:01] Bootstrap tree #78, logLikelihood: -6537.540124
[00:37:30] Bootstrap tree #79, logLikelihood: -6879.238519
[00:37:58] Bootstrap tree #80, logLikelihood: -7207.480940
[00:38:31] Bootstrap tree #81, logLikelihood: -6477.547318
[00:39:00] Bootstrap tree #82, logLikelihood: -6940.564084
[00:39:37] Bootstrap tree #83, logLikelihood: -6533.321348
[00:40:07] Bootstrap tree #84, logLikelihood: -6997.757032
[00:40:33] Bootstrap tree #85, logLikelihood: -6616.920200
[00:41:09] Bootstrap tree #86, logLikelihood: -6699.292792
[00:41:40] Bootstrap tree #87, logLikelihood: -6497.794230
[00:42:06] Bootstrap tree #88, logLikelihood: -6698.052304
[00:42:34] Bootstrap tree #89, logLikelihood: -6566.688494
[00:43:16] Bootstrap tree #90, logLikelihood: -6594.433859
[00:43:47] Bootstrap tree #91, logLikelihood: -6688.547936
[00:44:20] Bootstrap tree #92, logLikelihood: -6295.546828
[00:44:48] Bootstrap tree #93, logLikelihood: -7053.847715
[00:45:18] Bootstrap tree #94, logLikelihood: -6679.496721
[00:45:47] Bootstrap tree #95, logLikelihood: -6336.960022
[00:46:13] Bootstrap tree #96, logLikelihood: -6293.211942
[00:46:44] Bootstrap tree #97, logLikelihood: -7040.656974
[00:47:09] Bootstrap tree #98, logLikelihood: -6562.473874
[00:47:38] Bootstrap tree #99, logLikelihood: -6289.799780
[00:48:04] Bootstrap tree #100, logLikelihood: -6658.772990

Optimized model parameters:

   Partition 0: noname
   Rate heterogeneity: GAMMA (4 cats, mean),  alpha: 1.104143 (ML),  weights&rates: (0.250000,0.157252) (0.250000,0.505962) (0.250000,1.015319) (0.250000,2.321466) 
   Base frequencies (model): 0.074000 0.052000 0.045000 0.054000 0.025000 0.034000 0.054000 0.074000 0.026000 0.068000 0.099000 0.058000 0.025000 0.047000 0.039000 0.057000 0.051000 0.013000 0.032000 0.073000 
   Substitution rates (model): 0.735790 0.485391 0.543162 1.459995 1.199706 1.170949 1.955884 0.716241 0.605899 0.800017 1.295201 1.253758 0.492965 1.173276 4.325093 1.729178 0.465839 0.718207 2.187775 1.297447 0.500964 0.227827 3.020834 1.360574 0.418763 1.456141 0.232036 0.622712 5.411115 0.983693 0.371645 0.448134 1.122783 0.914666 0.426382 0.720517 0.438388 3.180100 0.397359 1.839216 1.240489 1.355872 2.414501 0.283017 0.211888 1.593137 0.648441 0.354861 0.494887 2.904102 1.898174 0.191482 0.538223 0.312859 0.240837 1.190946 3.761625 0.798473 0.778143 0.418556 0.218132 1.032448 0.222622 0.281731 0.730628 1.582754 0.934188 0.145345 0.261422 0.258129 0.329802 0.140749 0.418203 0.354058 0.774894 0.831843 0.285079 0.767689 0.441337 0.356008 1.197188 1.119831 0.527664 0.470238 1.116352 5.528919 0.609846 2.435341 0.236202 0.580737 3.945278 2.494896 0.144357 0.858571 1.934871 1.277480 0.758654 0.958990 0.530786 0.423580 1.626891 0.186848 0.372625 2.802427 0.555415 0.291409 0.926564 1.769893 1.071097 0.407636 0.596719 0.524254 0.539859 0.189296 0.217721 0.752042 0.459436 0.368166 0.504087 1.509326 0.641436 0.508359 0.308056 0.253341 0.252718 0.348072 1.022507 0.984312 0.714534 0.527007 1.117030 0.585407 0.301249 4.218954 0.201556 3.890964 0.406194 3.364798 1.517359 0.388355 0.357544 1.179091 0.341986 0.674617 8.311839 0.445570 6.030559 2.064840 0.374556 0.352969 0.915260 0.691475 0.811246 2.231406 1.073061 0.266925 1.047383 1.752166 1.303875 0.332243 0.717993 0.498138 1.773855 0.454124 0.918723 1.488548 0.888101 0.951682 2.575851 0.233598 0.540028 0.488206 2.074325 6.747260 0.838120 1.169130 1.005452 0.252215 0.369405 0.496908 5.151556 0.387926 0.796752 0.561925 0.513128 0.801010 2.253074 4.054419 0.266509 1.000000 


Final LogLikelihood: -6701.075924

AIC score: 13586.151848 / AICc score: 13627.089647 / BIC score: 13975.897850
Free parameters (model + branch lengths): 92

Best ML tree saved to: /Users/wanlin/Documents/GitHub/aPhyloGeo.sm/step12_HGT/1KeyFregment47_WholeGenomeTree/spike/raxml/align50_560.raxml.bestTree
All ML trees saved to: /Users/wanlin/Documents/GitHub/aPhyloGeo.sm/step12_HGT/1KeyFregment47_WholeGenomeTree/spike/raxml/align50_560.raxml.mlTrees
Best ML tree with Felsenstein bootstrap (FBP) support values saved to: /Users/wanlin/Documents/GitHub/aPhyloGeo.sm/step12_HGT/1KeyFregment47_WholeGenomeTree/spike/raxml/align50_560.raxml.support
Optimized model saved to: /Users/wanlin/Documents/GitHub/aPhyloGeo.sm/step12_HGT/1KeyFregment47_WholeGenomeTree/spike/raxml/align50_560.raxml.bestModel
Bootstrap trees saved to: /Users/wanlin/Documents/GitHub/aPhyloGeo.sm/step12_HGT/1KeyFregment47_WholeGenomeTree/spike/raxml/align50_560.raxml.bootstraps

Execution log saved to: /Users/wanlin/Documents/GitHub/aPhyloGeo.sm/step12_HGT/1KeyFregment47_WholeGenomeTree/spike/raxml/align50_560.raxml.log

Analysis started: 10-Aug-2023 20:26:10 / finished: 10-Aug-2023 21:14:14

Elapsed time: 2884.343 seconds

