
RAxML-NG v. 0.9.0 released on 20.05.2019 by The Exelixis Lab.
Developed by: Alexey M. Kozlov and Alexandros Stamatakis.
Contributors: Diego Darriba, Tomas Flouri, Benoit Morel, Sarah Lutteropp, Ben Bettisworth.
Latest version: https://github.com/amkozlov/raxml-ng
Questions/problems/suggestions? Please visit: https://groups.google.com/forum/#!forum/raxml

RAxML-NG was called at 21-Jul-2023 17:58:22 as follows:

raxml-ng --all --model Blosum62+G --msa 1aln_spike_withID.fasta --prefix raxml_spike/spike --msa-format FASTA --tree pars{5} --seed 239 --threads 2 --force --bs-trees 100 --bs-metric fbp

Analysis options:
  run mode: ML tree search + bootstrapping (Felsenstein Bootstrap)
  start tree(s): parsimony (5)
  bootstrap replicates: 100
  random seed: 239
  tip-inner: OFF
  pattern compression: ON
  per-rate scalers: OFF
  site repeats: ON
  branch lengths: proportional (ML estimate, algorithm: NR-FAST)
  SIMD kernels: SSE3
  parallelization: PTHREADS (2 threads), thread pinning: OFF

WARNING: Running in FORCE mode: all safety checks are disabled!

[00:00:00] Reading alignment from file: 1aln_spike_withID.fasta
[00:00:00] Loaded alignment with 47 taxa and 809 sites

Alignment comprises 1 partitions and 607 patterns

Partition 0: noname
Model: BLOSUM62+G4m
Alignment sites / patterns: 809 / 607
Gaps: 0.00 %
Invariant sites: 19.78 %


NOTE: Binary MSA file created: raxml_spike/spike.raxml.rba

[00:00:00] Generating 5 parsimony starting tree(s) with 47 taxa
[00:00:00] Data distribution: max. partitions/sites/weight per thread: 1 / 304 / 24320

Starting ML tree search with 5 distinct starting trees

[00:00:24] ML tree search #1, logLikelihood: -10232.502648
[00:00:52] ML tree search #2, logLikelihood: -10232.502651
[00:01:20] ML tree search #3, logLikelihood: -10232.502655
[00:01:58] ML tree search #4, logLikelihood: -10232.502652
[00:02:35] ML tree search #5, logLikelihood: -10234.720364

[00:02:35] ML tree search completed, best tree logLH: -10232.502648

[00:02:35] Starting bootstrapping analysis with 100 replicates.

[00:03:08] Bootstrap tree #1, logLikelihood: -9876.667641
[00:03:40] Bootstrap tree #2, logLikelihood: -9726.177196
[00:04:21] Bootstrap tree #3, logLikelihood: -10442.051093
[00:04:55] Bootstrap tree #4, logLikelihood: -10531.982208
[00:05:35] Bootstrap tree #5, logLikelihood: -10144.015843
[00:06:10] Bootstrap tree #6, logLikelihood: -10162.663572
[00:06:49] Bootstrap tree #7, logLikelihood: -9899.727228
[00:07:24] Bootstrap tree #8, logLikelihood: -9834.970188
[00:08:01] Bootstrap tree #9, logLikelihood: -10043.970924
[00:08:42] Bootstrap tree #10, logLikelihood: -10145.817504
[00:09:14] Bootstrap tree #11, logLikelihood: -10178.136937
[00:10:14] Bootstrap tree #12, logLikelihood: -10112.396928
[00:10:48] Bootstrap tree #13, logLikelihood: -10547.048417
[00:11:23] Bootstrap tree #14, logLikelihood: -10212.544583
[00:11:56] Bootstrap tree #15, logLikelihood: -10131.872690
[00:12:29] Bootstrap tree #16, logLikelihood: -10153.506248
[00:13:16] Bootstrap tree #17, logLikelihood: -10203.035061
[00:13:48] Bootstrap tree #18, logLikelihood: -9929.632320
[00:14:38] Bootstrap tree #19, logLikelihood: -10382.651085
[00:15:13] Bootstrap tree #20, logLikelihood: -10224.195652
[00:15:55] Bootstrap tree #21, logLikelihood: -10121.835818
[00:16:32] Bootstrap tree #22, logLikelihood: -10359.028708
[00:17:18] Bootstrap tree #23, logLikelihood: -10321.328546
[00:18:16] Bootstrap tree #24, logLikelihood: -10134.663072
[00:18:54] Bootstrap tree #25, logLikelihood: -9888.856456
[00:19:42] Bootstrap tree #26, logLikelihood: -10042.477714
[00:20:17] Bootstrap tree #27, logLikelihood: -10146.840539
[00:20:53] Bootstrap tree #28, logLikelihood: -10158.620792
[00:21:26] Bootstrap tree #29, logLikelihood: -9990.809365
[00:22:03] Bootstrap tree #30, logLikelihood: -9711.456254
[00:22:40] Bootstrap tree #31, logLikelihood: -10363.796094
[00:23:19] Bootstrap tree #32, logLikelihood: -10813.616921
[00:23:59] Bootstrap tree #33, logLikelihood: -9862.833545
[00:24:38] Bootstrap tree #34, logLikelihood: -10050.335159
[00:25:16] Bootstrap tree #35, logLikelihood: -10200.774546
[00:25:54] Bootstrap tree #36, logLikelihood: -10362.807710
[00:26:28] Bootstrap tree #37, logLikelihood: -10198.164041
[00:27:03] Bootstrap tree #38, logLikelihood: -9772.164517
[00:27:36] Bootstrap tree #39, logLikelihood: -10130.391303
[00:28:09] Bootstrap tree #40, logLikelihood: -10090.763459
[00:28:46] Bootstrap tree #41, logLikelihood: -9830.762639
[00:29:21] Bootstrap tree #42, logLikelihood: -10218.621519
[00:29:59] Bootstrap tree #43, logLikelihood: -10313.891478
[00:30:31] Bootstrap tree #44, logLikelihood: -9901.033601
[00:31:06] Bootstrap tree #45, logLikelihood: -10211.498934
[00:31:49] Bootstrap tree #46, logLikelihood: -10215.760091
[00:32:25] Bootstrap tree #47, logLikelihood: -9777.910562
[00:33:25] Bootstrap tree #48, logLikelihood: -10459.196142
[00:33:59] Bootstrap tree #49, logLikelihood: -9612.352990
[00:34:39] Bootstrap tree #50, logLikelihood: -10312.827430
[00:35:14] Bootstrap tree #51, logLikelihood: -10284.061135
[00:35:48] Bootstrap tree #52, logLikelihood: -10277.428158
[00:36:37] Bootstrap tree #53, logLikelihood: -10019.877889
[00:37:44] Bootstrap tree #54, logLikelihood: -10281.567236
[00:38:20] Bootstrap tree #55, logLikelihood: -10289.493587
[00:39:24] Bootstrap tree #56, logLikelihood: -9889.474520
[00:40:00] Bootstrap tree #57, logLikelihood: -10211.150982
[00:40:48] Bootstrap tree #58, logLikelihood: -10359.347016
[00:41:48] Bootstrap tree #59, logLikelihood: -10275.955688
[00:42:33] Bootstrap tree #60, logLikelihood: -10166.894641
[00:43:27] Bootstrap tree #61, logLikelihood: -9649.759629
[00:44:03] Bootstrap tree #62, logLikelihood: -10315.405634
[00:44:45] Bootstrap tree #63, logLikelihood: -10089.952949
[00:45:34] Bootstrap tree #64, logLikelihood: -9989.946488
[00:46:21] Bootstrap tree #65, logLikelihood: -9991.546398
[00:47:04] Bootstrap tree #66, logLikelihood: -10178.583636
[00:47:47] Bootstrap tree #67, logLikelihood: -10369.156924
[00:48:41] Bootstrap tree #68, logLikelihood: -9972.441503
[00:49:22] Bootstrap tree #69, logLikelihood: -10405.500237
[00:50:22] Bootstrap tree #70, logLikelihood: -10046.099978
[00:50:58] Bootstrap tree #71, logLikelihood: -10092.369823
[00:51:40] Bootstrap tree #72, logLikelihood: -10273.031587
[00:52:18] Bootstrap tree #73, logLikelihood: -9967.237861
[00:53:31] Bootstrap tree #74, logLikelihood: -10667.813581
[00:54:39] Bootstrap tree #75, logLikelihood: -10061.726104
[00:55:27] Bootstrap tree #76, logLikelihood: -10289.251995
[00:56:04] Bootstrap tree #77, logLikelihood: -10829.660693
[00:56:40] Bootstrap tree #78, logLikelihood: -10107.802032
[00:57:25] Bootstrap tree #79, logLikelihood: -10497.618731
[00:58:21] Bootstrap tree #80, logLikelihood: -10598.141999
[00:59:07] Bootstrap tree #81, logLikelihood: -9960.374516
[00:59:50] Bootstrap tree #82, logLikelihood: -10255.568744
[01:00:37] Bootstrap tree #83, logLikelihood: -10573.694718
[01:01:23] Bootstrap tree #84, logLikelihood: -10293.178969
[01:01:55] Bootstrap tree #85, logLikelihood: -10026.502973
[01:02:30] Bootstrap tree #86, logLikelihood: -10112.111620
[01:03:10] Bootstrap tree #87, logLikelihood: -9794.931980
[01:04:00] Bootstrap tree #88, logLikelihood: -10213.875913
[01:04:38] Bootstrap tree #89, logLikelihood: -9887.298464
[01:05:14] Bootstrap tree #90, logLikelihood: -10220.239369
[01:05:48] Bootstrap tree #91, logLikelihood: -9808.426384
[01:06:40] Bootstrap tree #92, logLikelihood: -10217.375110
[01:07:23] Bootstrap tree #93, logLikelihood: -10240.479070
[01:08:10] Bootstrap tree #94, logLikelihood: -10303.821977
[01:08:45] Bootstrap tree #95, logLikelihood: -10359.151316
[01:09:27] Bootstrap tree #96, logLikelihood: -10077.906950
[01:10:17] Bootstrap tree #97, logLikelihood: -10265.349494
[01:11:01] Bootstrap tree #98, logLikelihood: -10337.553917
[01:11:42] Bootstrap tree #99, logLikelihood: -10333.237543
[01:12:28] Bootstrap tree #100, logLikelihood: -10009.259748

Optimized model parameters:

   Partition 0: noname
   Rate heterogeneity: GAMMA (4 cats, mean),  alpha: 1.092104 (ML),  weights&rates: (0.250000,0.154956) (0.250000,0.502787) (0.250000,1.013729) (0.250000,2.328527) 
   Base frequencies (model): 0.074000 0.052000 0.045000 0.054000 0.025000 0.034000 0.054000 0.074000 0.026000 0.068000 0.099000 0.058000 0.025000 0.047000 0.039000 0.057000 0.051000 0.013000 0.032000 0.073000 
   Substitution rates (model): 0.735790 0.485391 0.543162 1.459995 1.199706 1.170949 1.955884 0.716241 0.605899 0.800017 1.295201 1.253758 0.492965 1.173276 4.325093 1.729178 0.465839 0.718207 2.187775 1.297447 0.500964 0.227827 3.020834 1.360574 0.418763 1.456141 0.232036 0.622712 5.411115 0.983693 0.371645 0.448134 1.122783 0.914666 0.426382 0.720517 0.438388 3.180100 0.397359 1.839216 1.240489 1.355872 2.414501 0.283017 0.211888 1.593137 0.648441 0.354861 0.494887 2.904102 1.898174 0.191482 0.538223 0.312859 0.240837 1.190946 3.761625 0.798473 0.778143 0.418556 0.218132 1.032448 0.222622 0.281731 0.730628 1.582754 0.934188 0.145345 0.261422 0.258129 0.329802 0.140749 0.418203 0.354058 0.774894 0.831843 0.285079 0.767689 0.441337 0.356008 1.197188 1.119831 0.527664 0.470238 1.116352 5.528919 0.609846 2.435341 0.236202 0.580737 3.945278 2.494896 0.144357 0.858571 1.934871 1.277480 0.758654 0.958990 0.530786 0.423580 1.626891 0.186848 0.372625 2.802427 0.555415 0.291409 0.926564 1.769893 1.071097 0.407636 0.596719 0.524254 0.539859 0.189296 0.217721 0.752042 0.459436 0.368166 0.504087 1.509326 0.641436 0.508359 0.308056 0.253341 0.252718 0.348072 1.022507 0.984312 0.714534 0.527007 1.117030 0.585407 0.301249 4.218954 0.201556 3.890964 0.406194 3.364798 1.517359 0.388355 0.357544 1.179091 0.341986 0.674617 8.311839 0.445570 6.030559 2.064840 0.374556 0.352969 0.915260 0.691475 0.811246 2.231406 1.073061 0.266925 1.047383 1.752166 1.303875 0.332243 0.717993 0.498138 1.773855 0.454124 0.918723 1.488548 0.888101 0.951682 2.575851 0.233598 0.540028 0.488206 2.074325 6.747260 0.838120 1.169130 1.005452 0.252215 0.369405 0.496908 5.151556 0.387926 0.796752 0.561925 0.513128 0.801010 2.253074 4.054419 0.266509 1.000000 


Final LogLikelihood: -10232.502648

AIC score: 20649.005297 / AICc score: 20672.904738 / BIC score: 21081.018797
Free parameters (model + branch lengths): 92

Best ML tree saved to: /Users/wanlin/Documents/GitHub/aPhyloGeo.sm/step9_similarity/raxml_spike/spike.raxml.bestTree
All ML trees saved to: /Users/wanlin/Documents/GitHub/aPhyloGeo.sm/step9_similarity/raxml_spike/spike.raxml.mlTrees
Best ML tree with Felsenstein bootstrap (FBP) support values saved to: /Users/wanlin/Documents/GitHub/aPhyloGeo.sm/step9_similarity/raxml_spike/spike.raxml.support
Optimized model saved to: /Users/wanlin/Documents/GitHub/aPhyloGeo.sm/step9_similarity/raxml_spike/spike.raxml.bestModel
Bootstrap trees saved to: /Users/wanlin/Documents/GitHub/aPhyloGeo.sm/step9_similarity/raxml_spike/spike.raxml.bootstraps

Execution log saved to: /Users/wanlin/Documents/GitHub/aPhyloGeo.sm/step9_similarity/raxml_spike/spike.raxml.log

Analysis started: 21-Jul-2023 17:58:22 / finished: 21-Jul-2023 19:10:51

Elapsed time: 4348.715 seconds

