
RAxML-NG v. 0.9.0 released on 20.05.2019 by The Exelixis Lab.
Developed by: Alexey M. Kozlov and Alexandros Stamatakis.
Contributors: Diego Darriba, Tomas Flouri, Benoit Morel, Sarah Lutteropp, Ben Bettisworth.
Latest version: https://github.com/amkozlov/raxml-ng
Questions/problems/suggestions? Please visit: https://groups.google.com/forum/#!forum/raxml

RAxML-NG was called at 10-Aug-2023 11:43:17 as follows:

raxml-ng --all --model Blosum62+G --msa align550_1610.fasta --prefix raxml/align550_1610 + --msa-format FASTA --tree pars{5} --seed 239 --threads 2 --force --bs-trees 100 --bs-metric fbp

Analysis options:
  run mode: ML tree search + bootstrapping (Felsenstein Bootstrap)
  start tree(s): parsimony (5)
  bootstrap replicates: 100
  random seed: 239
  tip-inner: OFF
  pattern compression: ON
  per-rate scalers: OFF
  site repeats: ON
  branch lengths: proportional (ML estimate, algorithm: NR-FAST)
  SIMD kernels: SSE3
  parallelization: PTHREADS (2 threads), thread pinning: OFF

WARNING: Running in FORCE mode: all safety checks are disabled!

[00:00:00] Reading alignment from file: align550_1610.fasta
[00:00:00] Loaded alignment with 47 taxa and 1061 sites

Alignment comprises 1 partitions and 745 patterns

Partition 0: noname
Model: BLOSUM62+G4m
Alignment sites / patterns: 1061 / 745
Gaps: 0.00 %
Invariant sites: 17.34 %


NOTE: Binary MSA file created: raxml/align550_1610.raxml.rba

[00:00:00] Generating 5 parsimony starting tree(s) with 47 taxa
[00:00:00] Data distribution: max. partitions/sites/weight per thread: 1 / 373 / 29840

Starting ML tree search with 5 distinct starting trees

[00:00:44] ML tree search #1, logLikelihood: -11640.010794
[00:01:29] ML tree search #2, logLikelihood: -11642.992474
[00:02:23] ML tree search #3, logLikelihood: -11642.993814
[00:03:22] ML tree search #4, logLikelihood: -11640.012964
[00:04:25] ML tree search #5, logLikelihood: -11640.025778

[00:04:25] ML tree search completed, best tree logLH: -11640.010794

[00:04:25] Starting bootstrapping analysis with 100 replicates.

[00:05:15] Bootstrap tree #1, logLikelihood: -11772.329041
[00:06:20] Bootstrap tree #2, logLikelihood: -11992.742415
[00:07:19] Bootstrap tree #3, logLikelihood: -11618.654597
[00:08:07] Bootstrap tree #4, logLikelihood: -11810.513607
[00:09:00] Bootstrap tree #5, logLikelihood: -11562.531179
[00:09:54] Bootstrap tree #6, logLikelihood: -11218.369193
[00:10:42] Bootstrap tree #7, logLikelihood: -11307.649870
[00:11:39] Bootstrap tree #8, logLikelihood: -11423.972343
[00:12:22] Bootstrap tree #9, logLikelihood: -11351.234812
[00:13:08] Bootstrap tree #10, logLikelihood: -11704.089284
[00:14:11] Bootstrap tree #11, logLikelihood: -11671.006817
[00:15:05] Bootstrap tree #12, logLikelihood: -11385.110306
[00:16:03] Bootstrap tree #13, logLikelihood: -11554.262245
[00:16:51] Bootstrap tree #14, logLikelihood: -11483.411380
[00:17:54] Bootstrap tree #15, logLikelihood: -11493.175082
[00:19:29] Bootstrap tree #16, logLikelihood: -11509.967985
[00:20:12] Bootstrap tree #17, logLikelihood: -11095.191059
[00:21:06] Bootstrap tree #18, logLikelihood: -11411.631201
[00:21:59] Bootstrap tree #19, logLikelihood: -11830.811163
[00:22:51] Bootstrap tree #20, logLikelihood: -11682.753982
[00:23:46] Bootstrap tree #21, logLikelihood: -11515.386900
[00:24:46] Bootstrap tree #22, logLikelihood: -11729.228528
[00:25:33] Bootstrap tree #23, logLikelihood: -11733.659405
[00:26:22] Bootstrap tree #24, logLikelihood: -11757.484102
[00:27:31] Bootstrap tree #25, logLikelihood: -11641.925273
[00:28:27] Bootstrap tree #26, logLikelihood: -11613.793125
[00:29:18] Bootstrap tree #27, logLikelihood: -11601.354578
[00:30:15] Bootstrap tree #28, logLikelihood: -11369.410839
[00:31:05] Bootstrap tree #29, logLikelihood: -11564.779227
[00:31:51] Bootstrap tree #30, logLikelihood: -11816.009209
[00:32:59] Bootstrap tree #31, logLikelihood: -11921.516053
[00:33:48] Bootstrap tree #32, logLikelihood: -11654.295047
[00:34:56] Bootstrap tree #33, logLikelihood: -11558.693865
[00:35:45] Bootstrap tree #34, logLikelihood: -11311.442569
[00:36:32] Bootstrap tree #35, logLikelihood: -11565.558140
[00:37:26] Bootstrap tree #36, logLikelihood: -11763.771748
[00:38:39] Bootstrap tree #37, logLikelihood: -11643.383675
[00:39:34] Bootstrap tree #38, logLikelihood: -11396.056388
[00:40:28] Bootstrap tree #39, logLikelihood: -11630.271999
[00:41:28] Bootstrap tree #40, logLikelihood: -11827.655245
[00:42:28] Bootstrap tree #41, logLikelihood: -11683.494222
[00:43:11] Bootstrap tree #42, logLikelihood: -11497.707071
[00:44:01] Bootstrap tree #43, logLikelihood: -11717.633630
[00:44:47] Bootstrap tree #44, logLikelihood: -11281.655026
[00:46:06] Bootstrap tree #45, logLikelihood: -11843.338632
[00:46:57] Bootstrap tree #46, logLikelihood: -11402.788461
[00:47:46] Bootstrap tree #47, logLikelihood: -11268.835721
[00:48:43] Bootstrap tree #48, logLikelihood: -11978.972853
[00:49:33] Bootstrap tree #49, logLikelihood: -11213.822858
[00:50:21] Bootstrap tree #50, logLikelihood: -11575.258710
[00:51:10] Bootstrap tree #51, logLikelihood: -11852.245301
[00:52:06] Bootstrap tree #52, logLikelihood: -11562.901392
[00:52:54] Bootstrap tree #53, logLikelihood: -11714.445843
[00:53:46] Bootstrap tree #54, logLikelihood: -11544.902207
[00:54:56] Bootstrap tree #55, logLikelihood: -11512.059326
[00:55:44] Bootstrap tree #56, logLikelihood: -11517.096470
[00:56:35] Bootstrap tree #57, logLikelihood: -11536.346956
[00:57:27] Bootstrap tree #58, logLikelihood: -11717.449794
[00:58:35] Bootstrap tree #59, logLikelihood: -11982.021923
[00:59:22] Bootstrap tree #60, logLikelihood: -11674.429598
[01:00:25] Bootstrap tree #61, logLikelihood: -11714.415827
[01:01:08] Bootstrap tree #62, logLikelihood: -11325.330129
[01:02:03] Bootstrap tree #63, logLikelihood: -11596.823617
[01:02:55] Bootstrap tree #64, logLikelihood: -11454.034973
[01:03:39] Bootstrap tree #65, logLikelihood: -11545.625432
[01:04:30] Bootstrap tree #66, logLikelihood: -11723.031469
[01:05:32] Bootstrap tree #67, logLikelihood: -11611.500385
[01:06:25] Bootstrap tree #68, logLikelihood: -11342.349618
[01:07:20] Bootstrap tree #69, logLikelihood: -11602.666334
[01:08:10] Bootstrap tree #70, logLikelihood: -11870.244120
[01:08:56] Bootstrap tree #71, logLikelihood: -11467.069147
[01:09:50] Bootstrap tree #72, logLikelihood: -11646.384361
[01:10:46] Bootstrap tree #73, logLikelihood: -11483.669973
[01:11:34] Bootstrap tree #74, logLikelihood: -11419.853733
[01:12:25] Bootstrap tree #75, logLikelihood: -11359.559900
[01:13:07] Bootstrap tree #76, logLikelihood: -11255.999476
[01:13:56] Bootstrap tree #77, logLikelihood: -11549.448694
[01:14:39] Bootstrap tree #78, logLikelihood: -12192.916893
[01:15:20] Bootstrap tree #79, logLikelihood: -11649.044802
[01:16:03] Bootstrap tree #80, logLikelihood: -11642.477711
[01:17:00] Bootstrap tree #81, logLikelihood: -11478.891510
[01:17:54] Bootstrap tree #82, logLikelihood: -11512.227930
[01:18:28] Bootstrap tree #83, logLikelihood: -11874.893767
[01:19:10] Bootstrap tree #84, logLikelihood: -11433.514550
[01:20:02] Bootstrap tree #85, logLikelihood: -11834.398336
[01:20:44] Bootstrap tree #86, logLikelihood: -11638.562655
[01:21:23] Bootstrap tree #87, logLikelihood: -11440.134275
[01:22:05] Bootstrap tree #88, logLikelihood: -11246.631960
[01:22:51] Bootstrap tree #89, logLikelihood: -11607.531255
[01:23:41] Bootstrap tree #90, logLikelihood: -11625.166119
[01:24:21] Bootstrap tree #91, logLikelihood: -11459.951852
[01:25:05] Bootstrap tree #92, logLikelihood: -11883.112966
[01:25:58] Bootstrap tree #93, logLikelihood: -11665.693504
[01:26:47] Bootstrap tree #94, logLikelihood: -11425.262552
[01:27:43] Bootstrap tree #95, logLikelihood: -11335.032694
[01:28:35] Bootstrap tree #96, logLikelihood: -11631.567328
[01:29:17] Bootstrap tree #97, logLikelihood: -11528.737885
[01:30:17] Bootstrap tree #98, logLikelihood: -12077.623317
[01:31:00] Bootstrap tree #99, logLikelihood: -11411.826555
[01:31:44] Bootstrap tree #100, logLikelihood: -11311.284431

Optimized model parameters:

   Partition 0: noname
   Rate heterogeneity: GAMMA (4 cats, mean),  alpha: 1.667871 (ML),  weights&rates: (0.250000,0.250129) (0.250000,0.614306) (0.250000,1.058928) (0.250000,2.076637) 
   Base frequencies (model): 0.074000 0.052000 0.045000 0.054000 0.025000 0.034000 0.054000 0.074000 0.026000 0.068000 0.099000 0.058000 0.025000 0.047000 0.039000 0.057000 0.051000 0.013000 0.032000 0.073000 
   Substitution rates (model): 0.735790 0.485391 0.543162 1.459995 1.199706 1.170949 1.955884 0.716241 0.605899 0.800017 1.295201 1.253758 0.492965 1.173276 4.325093 1.729178 0.465839 0.718207 2.187775 1.297447 0.500964 0.227827 3.020834 1.360574 0.418763 1.456141 0.232036 0.622712 5.411115 0.983693 0.371645 0.448134 1.122783 0.914666 0.426382 0.720517 0.438388 3.180100 0.397359 1.839216 1.240489 1.355872 2.414501 0.283017 0.211888 1.593137 0.648441 0.354861 0.494887 2.904102 1.898174 0.191482 0.538223 0.312859 0.240837 1.190946 3.761625 0.798473 0.778143 0.418556 0.218132 1.032448 0.222622 0.281731 0.730628 1.582754 0.934188 0.145345 0.261422 0.258129 0.329802 0.140749 0.418203 0.354058 0.774894 0.831843 0.285079 0.767689 0.441337 0.356008 1.197188 1.119831 0.527664 0.470238 1.116352 5.528919 0.609846 2.435341 0.236202 0.580737 3.945278 2.494896 0.144357 0.858571 1.934871 1.277480 0.758654 0.958990 0.530786 0.423580 1.626891 0.186848 0.372625 2.802427 0.555415 0.291409 0.926564 1.769893 1.071097 0.407636 0.596719 0.524254 0.539859 0.189296 0.217721 0.752042 0.459436 0.368166 0.504087 1.509326 0.641436 0.508359 0.308056 0.253341 0.252718 0.348072 1.022507 0.984312 0.714534 0.527007 1.117030 0.585407 0.301249 4.218954 0.201556 3.890964 0.406194 3.364798 1.517359 0.388355 0.357544 1.179091 0.341986 0.674617 8.311839 0.445570 6.030559 2.064840 0.374556 0.352969 0.915260 0.691475 0.811246 2.231406 1.073061 0.266925 1.047383 1.752166 1.303875 0.332243 0.717993 0.498138 1.773855 0.454124 0.918723 1.488548 0.888101 0.951682 2.575851 0.233598 0.540028 0.488206 2.074325 6.747260 0.838120 1.169130 1.005452 0.252215 0.369405 0.496908 5.151556 0.387926 0.796752 0.561925 0.513128 0.801010 2.253074 4.054419 0.266509 1.000000 


Final LogLikelihood: -11640.010794

AIC score: 23464.021587 / AICc score: 23481.699273 / BIC score: 23920.982564
Free parameters (model + branch lengths): 92

Best ML tree saved to: /Users/wanlin/Documents/GitHub/aPhyloGeo.sm/step12_HGT/1KeyFregment47_WholeGenomeTree/orf1ab/raxml/align550_1610.raxml.bestTree
All ML trees saved to: /Users/wanlin/Documents/GitHub/aPhyloGeo.sm/step12_HGT/1KeyFregment47_WholeGenomeTree/orf1ab/raxml/align550_1610.raxml.mlTrees
Best ML tree with Felsenstein bootstrap (FBP) support values saved to: /Users/wanlin/Documents/GitHub/aPhyloGeo.sm/step12_HGT/1KeyFregment47_WholeGenomeTree/orf1ab/raxml/align550_1610.raxml.support
Optimized model saved to: /Users/wanlin/Documents/GitHub/aPhyloGeo.sm/step12_HGT/1KeyFregment47_WholeGenomeTree/orf1ab/raxml/align550_1610.raxml.bestModel
Bootstrap trees saved to: /Users/wanlin/Documents/GitHub/aPhyloGeo.sm/step12_HGT/1KeyFregment47_WholeGenomeTree/orf1ab/raxml/align550_1610.raxml.bootstraps

Execution log saved to: /Users/wanlin/Documents/GitHub/aPhyloGeo.sm/step12_HGT/1KeyFregment47_WholeGenomeTree/orf1ab/raxml/align550_1610.raxml.log

Analysis started: 10-Aug-2023 11:43:17 / finished: 10-Aug-2023 13:15:01

Elapsed time: 5504.237 seconds

