
RAxML-NG v. 0.9.0 released on 20.05.2019 by The Exelixis Lab.
Developed by: Alexey M. Kozlov and Alexandros Stamatakis.
Contributors: Diego Darriba, Tomas Flouri, Benoit Morel, Sarah Lutteropp, Ben Bettisworth.
Latest version: https://github.com/amkozlov/raxml-ng
Questions/problems/suggestions? Please visit: https://groups.google.com/forum/#!forum/raxml

RAxML-NG was called at 10-Aug-2023 10:05:20 as follows:

raxml-ng --all --model Blosum62+G --msa align360_1390.fasta --prefix raxml/align360_1390 + --msa-format FASTA --tree pars{5} --seed 239 --threads 2 --force --bs-trees 100 --bs-metric fbp

Analysis options:
  run mode: ML tree search + bootstrapping (Felsenstein Bootstrap)
  start tree(s): parsimony (5)
  bootstrap replicates: 100
  random seed: 239
  tip-inner: OFF
  pattern compression: ON
  per-rate scalers: OFF
  site repeats: ON
  branch lengths: proportional (ML estimate, algorithm: NR-FAST)
  SIMD kernels: SSE3
  parallelization: PTHREADS (2 threads), thread pinning: OFF

WARNING: Running in FORCE mode: all safety checks are disabled!

[00:00:00] Reading alignment from file: align360_1390.fasta
[00:00:00] Loaded alignment with 47 taxa and 1031 sites

Alignment comprises 1 partitions and 780 patterns

Partition 0: noname
Model: BLOSUM62+G4m
Alignment sites / patterns: 1031 / 780
Gaps: 0.00 %
Invariant sites: 14.94 %


NOTE: Binary MSA file created: raxml/align360_1390.raxml.rba

[00:00:00] Generating 5 parsimony starting tree(s) with 47 taxa
[00:00:00] Data distribution: max. partitions/sites/weight per thread: 1 / 390 / 31200

Starting ML tree search with 5 distinct starting trees

[00:00:32] ML tree search #1, logLikelihood: -12108.294901
[00:01:13] ML tree search #2, logLikelihood: -12111.745054
[00:02:18] ML tree search #3, logLikelihood: -12111.747197
[00:03:05] ML tree search #4, logLikelihood: -12108.298821
[00:03:48] ML tree search #5, logLikelihood: -12108.295200

[00:03:48] ML tree search completed, best tree logLH: -12108.294901

[00:03:48] Starting bootstrapping analysis with 100 replicates.

[00:04:27] Bootstrap tree #1, logLikelihood: -11729.123732
[00:05:11] Bootstrap tree #2, logLikelihood: -11909.508788
[00:05:58] Bootstrap tree #3, logLikelihood: -12053.389376
[00:06:42] Bootstrap tree #4, logLikelihood: -12176.159157
[00:07:35] Bootstrap tree #5, logLikelihood: -11853.207870
[00:08:26] Bootstrap tree #6, logLikelihood: -11809.310045
[00:09:04] Bootstrap tree #7, logLikelihood: -12538.332592
[00:09:52] Bootstrap tree #8, logLikelihood: -11885.175352
[00:10:37] Bootstrap tree #9, logLikelihood: -12585.004070
[00:11:27] Bootstrap tree #10, logLikelihood: -11894.874266
[00:12:11] Bootstrap tree #11, logLikelihood: -11813.048427
[00:12:51] Bootstrap tree #12, logLikelihood: -11990.951828
[00:13:35] Bootstrap tree #13, logLikelihood: -11959.977041
[00:14:21] Bootstrap tree #14, logLikelihood: -11982.188828
[00:15:08] Bootstrap tree #15, logLikelihood: -12186.060673
[00:15:46] Bootstrap tree #16, logLikelihood: -11560.489794
[00:16:49] Bootstrap tree #17, logLikelihood: -12087.232291
[00:17:32] Bootstrap tree #18, logLikelihood: -11542.062856
[00:18:20] Bootstrap tree #19, logLikelihood: -12230.707588
[00:19:03] Bootstrap tree #20, logLikelihood: -11850.235811
[00:19:46] Bootstrap tree #21, logLikelihood: -11875.822016
[00:20:33] Bootstrap tree #22, logLikelihood: -11949.280357
[00:21:25] Bootstrap tree #23, logLikelihood: -12124.194546
[00:22:02] Bootstrap tree #24, logLikelihood: -12463.013608
[00:22:50] Bootstrap tree #25, logLikelihood: -11816.838739
[00:23:34] Bootstrap tree #26, logLikelihood: -12028.700865
[00:24:20] Bootstrap tree #27, logLikelihood: -12016.490574
[00:25:14] Bootstrap tree #28, logLikelihood: -11687.965123
[00:26:01] Bootstrap tree #29, logLikelihood: -12167.110400
[00:26:46] Bootstrap tree #30, logLikelihood: -11924.277495
[00:27:37] Bootstrap tree #31, logLikelihood: -11856.096256
[00:28:28] Bootstrap tree #32, logLikelihood: -12238.417929
[00:29:20] Bootstrap tree #33, logLikelihood: -11781.025632
[00:30:03] Bootstrap tree #34, logLikelihood: -12119.384741
[00:30:51] Bootstrap tree #35, logLikelihood: -11885.812389
[00:31:41] Bootstrap tree #36, logLikelihood: -12022.097229
[00:32:30] Bootstrap tree #37, logLikelihood: -12082.539377
[00:33:12] Bootstrap tree #38, logLikelihood: -11736.200898
[00:34:17] Bootstrap tree #39, logLikelihood: -11736.297863
[00:35:07] Bootstrap tree #40, logLikelihood: -12005.242010
[00:35:52] Bootstrap tree #41, logLikelihood: -12019.648537
[00:36:34] Bootstrap tree #42, logLikelihood: -11955.040526
[00:37:20] Bootstrap tree #43, logLikelihood: -11532.686211
[00:38:25] Bootstrap tree #44, logLikelihood: -11832.674134
[00:39:20] Bootstrap tree #45, logLikelihood: -12316.077492
[00:40:11] Bootstrap tree #46, logLikelihood: -11883.819188
[00:40:57] Bootstrap tree #47, logLikelihood: -12028.524873
[00:41:48] Bootstrap tree #48, logLikelihood: -12126.229155
[00:42:28] Bootstrap tree #49, logLikelihood: -11838.932203
[00:43:21] Bootstrap tree #50, logLikelihood: -11730.042535
[00:44:08] Bootstrap tree #51, logLikelihood: -12192.391154
[00:44:49] Bootstrap tree #52, logLikelihood: -12188.105688
[00:45:30] Bootstrap tree #53, logLikelihood: -12321.231842
[00:46:16] Bootstrap tree #54, logLikelihood: -12202.702648
[00:47:08] Bootstrap tree #55, logLikelihood: -11997.069497
[00:48:18] Bootstrap tree #56, logLikelihood: -12096.010852
[00:49:17] Bootstrap tree #57, logLikelihood: -12241.097152
[00:50:13] Bootstrap tree #58, logLikelihood: -11941.707942
[00:50:58] Bootstrap tree #59, logLikelihood: -12048.633187
[00:51:49] Bootstrap tree #60, logLikelihood: -11823.006527
[00:52:56] Bootstrap tree #61, logLikelihood: -12075.471930
[00:54:01] Bootstrap tree #62, logLikelihood: -11879.210925
[00:55:10] Bootstrap tree #63, logLikelihood: -12104.019648
[00:56:17] Bootstrap tree #64, logLikelihood: -12107.614712
[00:57:13] Bootstrap tree #65, logLikelihood: -11796.422661
[00:58:06] Bootstrap tree #66, logLikelihood: -12101.020951
[00:59:08] Bootstrap tree #67, logLikelihood: -12169.169424
[01:00:54] Bootstrap tree #68, logLikelihood: -12155.406108
[01:02:03] Bootstrap tree #69, logLikelihood: -12138.357988
[01:03:03] Bootstrap tree #70, logLikelihood: -12136.493368
[01:04:19] Bootstrap tree #71, logLikelihood: -12468.373963
[01:05:27] Bootstrap tree #72, logLikelihood: -11979.169306
[01:06:36] Bootstrap tree #73, logLikelihood: -12393.692692
[01:07:51] Bootstrap tree #74, logLikelihood: -11857.058758
[01:08:52] Bootstrap tree #75, logLikelihood: -12339.843483
[01:10:01] Bootstrap tree #76, logLikelihood: -12096.512057
[01:11:06] Bootstrap tree #77, logLikelihood: -12047.512877
[01:12:04] Bootstrap tree #78, logLikelihood: -11989.676176
[01:13:13] Bootstrap tree #79, logLikelihood: -12339.713885
[01:14:33] Bootstrap tree #80, logLikelihood: -11959.246242
[01:15:53] Bootstrap tree #81, logLikelihood: -12050.770889
[01:16:51] Bootstrap tree #82, logLikelihood: -12144.335157
[01:18:00] Bootstrap tree #83, logLikelihood: -11650.254322
[01:18:59] Bootstrap tree #84, logLikelihood: -12136.959782
[01:20:04] Bootstrap tree #85, logLikelihood: -11898.925653
[01:21:09] Bootstrap tree #86, logLikelihood: -11981.518951
[01:22:19] Bootstrap tree #87, logLikelihood: -12228.617060
[01:23:26] Bootstrap tree #88, logLikelihood: -11909.725511
[01:24:40] Bootstrap tree #89, logLikelihood: -12166.937083
[01:25:51] Bootstrap tree #90, logLikelihood: -11899.320617
[01:27:00] Bootstrap tree #91, logLikelihood: -12055.285437
[01:27:56] Bootstrap tree #92, logLikelihood: -12090.248075
[01:28:57] Bootstrap tree #93, logLikelihood: -12344.653537
[01:29:59] Bootstrap tree #94, logLikelihood: -12038.578007
[01:31:04] Bootstrap tree #95, logLikelihood: -12159.856813
[01:32:04] Bootstrap tree #96, logLikelihood: -12373.038890
[01:33:06] Bootstrap tree #97, logLikelihood: -12268.565612
[01:34:03] Bootstrap tree #98, logLikelihood: -12268.112568
[01:35:05] Bootstrap tree #99, logLikelihood: -11983.293103
[01:36:04] Bootstrap tree #100, logLikelihood: -12137.734601

Optimized model parameters:

   Partition 0: noname
   Rate heterogeneity: GAMMA (4 cats, mean),  alpha: 1.900410 (ML),  weights&rates: (0.250000,0.281090) (0.250000,0.643988) (0.250000,1.067285) (0.250000,2.007638) 
   Base frequencies (model): 0.074000 0.052000 0.045000 0.054000 0.025000 0.034000 0.054000 0.074000 0.026000 0.068000 0.099000 0.058000 0.025000 0.047000 0.039000 0.057000 0.051000 0.013000 0.032000 0.073000 
   Substitution rates (model): 0.735790 0.485391 0.543162 1.459995 1.199706 1.170949 1.955884 0.716241 0.605899 0.800017 1.295201 1.253758 0.492965 1.173276 4.325093 1.729178 0.465839 0.718207 2.187775 1.297447 0.500964 0.227827 3.020834 1.360574 0.418763 1.456141 0.232036 0.622712 5.411115 0.983693 0.371645 0.448134 1.122783 0.914666 0.426382 0.720517 0.438388 3.180100 0.397359 1.839216 1.240489 1.355872 2.414501 0.283017 0.211888 1.593137 0.648441 0.354861 0.494887 2.904102 1.898174 0.191482 0.538223 0.312859 0.240837 1.190946 3.761625 0.798473 0.778143 0.418556 0.218132 1.032448 0.222622 0.281731 0.730628 1.582754 0.934188 0.145345 0.261422 0.258129 0.329802 0.140749 0.418203 0.354058 0.774894 0.831843 0.285079 0.767689 0.441337 0.356008 1.197188 1.119831 0.527664 0.470238 1.116352 5.528919 0.609846 2.435341 0.236202 0.580737 3.945278 2.494896 0.144357 0.858571 1.934871 1.277480 0.758654 0.958990 0.530786 0.423580 1.626891 0.186848 0.372625 2.802427 0.555415 0.291409 0.926564 1.769893 1.071097 0.407636 0.596719 0.524254 0.539859 0.189296 0.217721 0.752042 0.459436 0.368166 0.504087 1.509326 0.641436 0.508359 0.308056 0.253341 0.252718 0.348072 1.022507 0.984312 0.714534 0.527007 1.117030 0.585407 0.301249 4.218954 0.201556 3.890964 0.406194 3.364798 1.517359 0.388355 0.357544 1.179091 0.341986 0.674617 8.311839 0.445570 6.030559 2.064840 0.374556 0.352969 0.915260 0.691475 0.811246 2.231406 1.073061 0.266925 1.047383 1.752166 1.303875 0.332243 0.717993 0.498138 1.773855 0.454124 0.918723 1.488548 0.888101 0.951682 2.575851 0.233598 0.540028 0.488206 2.074325 6.747260 0.838120 1.169130 1.005452 0.252215 0.369405 0.496908 5.151556 0.387926 0.796752 0.561925 0.513128 0.801010 2.253074 4.054419 0.266509 1.000000 


Final LogLikelihood: -12108.294901

AIC score: 24400.589802 / AICc score: 24418.832873 / BIC score: 24854.911975
Free parameters (model + branch lengths): 92

Best ML tree saved to: /Users/wanlin/Documents/GitHub/aPhyloGeo.sm/step12_HGT/1KeyFregment47_WholeGenomeTree/orf1ab/raxml/align360_1390.raxml.bestTree
All ML trees saved to: /Users/wanlin/Documents/GitHub/aPhyloGeo.sm/step12_HGT/1KeyFregment47_WholeGenomeTree/orf1ab/raxml/align360_1390.raxml.mlTrees
Best ML tree with Felsenstein bootstrap (FBP) support values saved to: /Users/wanlin/Documents/GitHub/aPhyloGeo.sm/step12_HGT/1KeyFregment47_WholeGenomeTree/orf1ab/raxml/align360_1390.raxml.support
Optimized model saved to: /Users/wanlin/Documents/GitHub/aPhyloGeo.sm/step12_HGT/1KeyFregment47_WholeGenomeTree/orf1ab/raxml/align360_1390.raxml.bestModel
Bootstrap trees saved to: /Users/wanlin/Documents/GitHub/aPhyloGeo.sm/step12_HGT/1KeyFregment47_WholeGenomeTree/orf1ab/raxml/align360_1390.raxml.bootstraps

Execution log saved to: /Users/wanlin/Documents/GitHub/aPhyloGeo.sm/step12_HGT/1KeyFregment47_WholeGenomeTree/orf1ab/raxml/align360_1390.raxml.log

Analysis started: 10-Aug-2023 10:05:20 / finished: 10-Aug-2023 11:41:24

Elapsed time: 5764.100 seconds

