
RAxML-NG v. 0.9.0 released on 20.05.2019 by The Exelixis Lab.
Developed by: Alexey M. Kozlov and Alexandros Stamatakis.
Contributors: Diego Darriba, Tomas Flouri, Benoit Morel, Sarah Lutteropp, Ben Bettisworth.
Latest version: https://github.com/amkozlov/raxml-ng
Questions/problems/suggestions? Please visit: https://groups.google.com/forum/#!forum/raxml

RAxML-NG was called at 30-Jul-2023 11:13:34 as follows:

raxml-ng --all --model Blosum62+G --msa align4910_5080.fasta --prefix raxml/align4910_5080 + --msa-format FASTA --tree pars{5} --seed 239 --threads 2 --force --bs-trees 100 --bs-metric fbp

Analysis options:
  run mode: ML tree search + bootstrapping (Felsenstein Bootstrap)
  start tree(s): parsimony (5)
  bootstrap replicates: 100
  random seed: 239
  tip-inner: OFF
  pattern compression: ON
  per-rate scalers: OFF
  site repeats: ON
  branch lengths: proportional (ML estimate, algorithm: NR-FAST)
  SIMD kernels: SSE3
  parallelization: PTHREADS (2 threads), thread pinning: OFF

WARNING: Running in FORCE mode: all safety checks are disabled!

[00:00:00] Reading alignment from file: align4910_5080.fasta
[00:00:00] Loaded alignment with 47 taxa and 171 sites

Alignment comprises 1 partitions and 108 patterns

Partition 0: noname
Model: BLOSUM62+G4m
Alignment sites / patterns: 171 / 108
Gaps: 0.00 %
Invariant sites: 43.86 %


NOTE: Binary MSA file created: raxml/align4910_5080.raxml.rba

[00:00:00] Generating 5 parsimony starting tree(s) with 47 taxa
[00:00:00] Data distribution: max. partitions/sites/weight per thread: 1 / 54 / 4320

Starting ML tree search with 5 distinct starting trees

[00:00:06] ML tree search #1, logLikelihood: -1324.448393
[00:00:13] ML tree search #2, logLikelihood: -1324.448382
[00:00:24] ML tree search #3, logLikelihood: -1324.448579
[00:00:31] ML tree search #4, logLikelihood: -1324.448381
[00:00:37] ML tree search #5, logLikelihood: -1324.448401

[00:00:37] ML tree search completed, best tree logLH: -1324.448381

[00:00:37] Starting bootstrapping analysis with 100 replicates.

[00:00:42] Bootstrap tree #1, logLikelihood: -1176.946611
[00:00:52] Bootstrap tree #2, logLikelihood: -1391.297484
[00:01:00] Bootstrap tree #3, logLikelihood: -1336.623553
[00:01:07] Bootstrap tree #4, logLikelihood: -1356.425732
[00:01:16] Bootstrap tree #5, logLikelihood: -1241.286807
[00:01:21] Bootstrap tree #6, logLikelihood: -1144.144279
[00:01:31] Bootstrap tree #7, logLikelihood: -1330.599660
[00:01:38] Bootstrap tree #8, logLikelihood: -1330.353462
[00:01:46] Bootstrap tree #9, logLikelihood: -1311.041569
[00:01:55] Bootstrap tree #10, logLikelihood: -1292.064434
[00:02:01] Bootstrap tree #11, logLikelihood: -1273.521084
[00:02:10] Bootstrap tree #12, logLikelihood: -1187.118814
[00:02:18] Bootstrap tree #13, logLikelihood: -1229.549669
[00:02:29] Bootstrap tree #14, logLikelihood: -1295.726007
[00:02:38] Bootstrap tree #15, logLikelihood: -1219.861335
[00:02:45] Bootstrap tree #16, logLikelihood: -1196.686785
[00:02:53] Bootstrap tree #17, logLikelihood: -1346.111782
[00:03:04] Bootstrap tree #18, logLikelihood: -1268.976477
[00:03:13] Bootstrap tree #19, logLikelihood: -1212.496725
[00:03:22] Bootstrap tree #20, logLikelihood: -1248.276411
[00:03:29] Bootstrap tree #21, logLikelihood: -1294.605165
[00:03:39] Bootstrap tree #22, logLikelihood: -1268.653253
[00:03:49] Bootstrap tree #23, logLikelihood: -1372.818183
[00:03:57] Bootstrap tree #24, logLikelihood: -1405.190022
[00:04:03] Bootstrap tree #25, logLikelihood: -1313.485245
[00:04:13] Bootstrap tree #26, logLikelihood: -1373.550560
[00:04:21] Bootstrap tree #27, logLikelihood: -1241.780988
[00:04:28] Bootstrap tree #28, logLikelihood: -1395.144679
[00:04:36] Bootstrap tree #29, logLikelihood: -1283.229331
[00:04:43] Bootstrap tree #30, logLikelihood: -1298.780621
[00:04:51] Bootstrap tree #31, logLikelihood: -1252.901774
[00:04:59] Bootstrap tree #32, logLikelihood: -1222.268413
[00:05:07] Bootstrap tree #33, logLikelihood: -1271.100557
[00:05:14] Bootstrap tree #34, logLikelihood: -1184.392245
[00:05:21] Bootstrap tree #35, logLikelihood: -1332.819273
[00:05:29] Bootstrap tree #36, logLikelihood: -1206.860518
[00:05:37] Bootstrap tree #37, logLikelihood: -1397.640295
[00:05:45] Bootstrap tree #38, logLikelihood: -1241.240587
[00:05:53] Bootstrap tree #39, logLikelihood: -1112.212750
[00:05:59] Bootstrap tree #40, logLikelihood: -1398.606646
[00:06:08] Bootstrap tree #41, logLikelihood: -1330.245423
[00:06:20] Bootstrap tree #42, logLikelihood: -1321.852745
[00:06:29] Bootstrap tree #43, logLikelihood: -1376.207586
[00:06:38] Bootstrap tree #44, logLikelihood: -1395.033395
[00:06:45] Bootstrap tree #45, logLikelihood: -1176.177472
[00:06:52] Bootstrap tree #46, logLikelihood: -1270.962988
[00:06:59] Bootstrap tree #47, logLikelihood: -1240.332711
[00:07:07] Bootstrap tree #48, logLikelihood: -1371.639598
[00:07:16] Bootstrap tree #49, logLikelihood: -1339.696527
[00:07:25] Bootstrap tree #50, logLikelihood: -1291.490559
[00:07:34] Bootstrap tree #51, logLikelihood: -1259.190504
[00:07:42] Bootstrap tree #52, logLikelihood: -1279.281797
[00:07:51] Bootstrap tree #53, logLikelihood: -1359.337024
[00:07:59] Bootstrap tree #54, logLikelihood: -1209.746824
[00:08:09] Bootstrap tree #55, logLikelihood: -1461.548063
[00:08:17] Bootstrap tree #56, logLikelihood: -1222.573486
[00:08:30] Bootstrap tree #57, logLikelihood: -1279.284218
[00:08:39] Bootstrap tree #58, logLikelihood: -1302.265039
[00:08:47] Bootstrap tree #59, logLikelihood: -1403.991448
[00:08:56] Bootstrap tree #60, logLikelihood: -1311.385318
[00:09:08] Bootstrap tree #61, logLikelihood: -1222.852275
[00:09:15] Bootstrap tree #62, logLikelihood: -1380.949923
[00:09:23] Bootstrap tree #63, logLikelihood: -1396.911146
[00:09:32] Bootstrap tree #64, logLikelihood: -1384.019100
[00:09:40] Bootstrap tree #65, logLikelihood: -1274.697373
[00:09:48] Bootstrap tree #66, logLikelihood: -1409.423661
[00:09:56] Bootstrap tree #67, logLikelihood: -1403.014417
[00:10:10] Bootstrap tree #68, logLikelihood: -1264.481889
[00:10:18] Bootstrap tree #69, logLikelihood: -1264.708583
[00:10:27] Bootstrap tree #70, logLikelihood: -1237.592114
[00:10:35] Bootstrap tree #71, logLikelihood: -1227.685576
[00:10:43] Bootstrap tree #72, logLikelihood: -1262.553513
[00:10:53] Bootstrap tree #73, logLikelihood: -1359.208846
[00:11:01] Bootstrap tree #74, logLikelihood: -1321.558271
[00:11:10] Bootstrap tree #75, logLikelihood: -1363.888328
[00:11:18] Bootstrap tree #76, logLikelihood: -1288.815723
[00:11:25] Bootstrap tree #77, logLikelihood: -1220.358502
[00:11:32] Bootstrap tree #78, logLikelihood: -1260.994234
[00:11:41] Bootstrap tree #79, logLikelihood: -1360.566117
[00:11:50] Bootstrap tree #80, logLikelihood: -1398.032465
[00:11:56] Bootstrap tree #81, logLikelihood: -1138.373720
[00:12:03] Bootstrap tree #82, logLikelihood: -1205.237496
[00:12:15] Bootstrap tree #83, logLikelihood: -1270.703158
[00:12:22] Bootstrap tree #84, logLikelihood: -1222.997221
[00:12:30] Bootstrap tree #85, logLikelihood: -1356.650318
[00:12:39] Bootstrap tree #86, logLikelihood: -1321.384436
[00:12:46] Bootstrap tree #87, logLikelihood: -1273.881263
[00:12:52] Bootstrap tree #88, logLikelihood: -1307.407514
[00:13:03] Bootstrap tree #89, logLikelihood: -1281.683484
[00:13:10] Bootstrap tree #90, logLikelihood: -1438.517963
[00:13:18] Bootstrap tree #91, logLikelihood: -1242.266971
[00:13:27] Bootstrap tree #92, logLikelihood: -1385.062971
[00:13:39] Bootstrap tree #93, logLikelihood: -1304.671958
[00:13:47] Bootstrap tree #94, logLikelihood: -1231.839714
[00:13:54] Bootstrap tree #95, logLikelihood: -1188.248285
[00:14:01] Bootstrap tree #96, logLikelihood: -1274.327667
[00:14:10] Bootstrap tree #97, logLikelihood: -1344.792330
[00:14:17] Bootstrap tree #98, logLikelihood: -1234.381154
[00:14:31] Bootstrap tree #99, logLikelihood: -1277.402944
[00:14:38] Bootstrap tree #100, logLikelihood: -1358.250708

Optimized model parameters:

   Partition 0: noname
   Rate heterogeneity: GAMMA (4 cats, mean),  alpha: 0.912175 (ML),  weights&rates: (0.250000,0.119114) (0.250000,0.448663) (0.250000,0.983774) (0.250000,2.448449) 
   Base frequencies (model): 0.074000 0.052000 0.045000 0.054000 0.025000 0.034000 0.054000 0.074000 0.026000 0.068000 0.099000 0.058000 0.025000 0.047000 0.039000 0.057000 0.051000 0.013000 0.032000 0.073000 
   Substitution rates (model): 0.735790 0.485391 0.543162 1.459995 1.199706 1.170949 1.955884 0.716241 0.605899 0.800017 1.295201 1.253758 0.492965 1.173276 4.325093 1.729178 0.465839 0.718207 2.187775 1.297447 0.500964 0.227827 3.020834 1.360574 0.418763 1.456141 0.232036 0.622712 5.411115 0.983693 0.371645 0.448134 1.122783 0.914666 0.426382 0.720517 0.438388 3.180100 0.397359 1.839216 1.240489 1.355872 2.414501 0.283017 0.211888 1.593137 0.648441 0.354861 0.494887 2.904102 1.898174 0.191482 0.538223 0.312859 0.240837 1.190946 3.761625 0.798473 0.778143 0.418556 0.218132 1.032448 0.222622 0.281731 0.730628 1.582754 0.934188 0.145345 0.261422 0.258129 0.329802 0.140749 0.418203 0.354058 0.774894 0.831843 0.285079 0.767689 0.441337 0.356008 1.197188 1.119831 0.527664 0.470238 1.116352 5.528919 0.609846 2.435341 0.236202 0.580737 3.945278 2.494896 0.144357 0.858571 1.934871 1.277480 0.758654 0.958990 0.530786 0.423580 1.626891 0.186848 0.372625 2.802427 0.555415 0.291409 0.926564 1.769893 1.071097 0.407636 0.596719 0.524254 0.539859 0.189296 0.217721 0.752042 0.459436 0.368166 0.504087 1.509326 0.641436 0.508359 0.308056 0.253341 0.252718 0.348072 1.022507 0.984312 0.714534 0.527007 1.117030 0.585407 0.301249 4.218954 0.201556 3.890964 0.406194 3.364798 1.517359 0.388355 0.357544 1.179091 0.341986 0.674617 8.311839 0.445570 6.030559 2.064840 0.374556 0.352969 0.915260 0.691475 0.811246 2.231406 1.073061 0.266925 1.047383 1.752166 1.303875 0.332243 0.717993 0.498138 1.773855 0.454124 0.918723 1.488548 0.888101 0.951682 2.575851 0.233598 0.540028 0.488206 2.074325 6.747260 0.838120 1.169130 1.005452 0.252215 0.369405 0.496908 5.151556 0.387926 0.796752 0.561925 0.513128 0.801010 2.253074 4.054419 0.266509 1.000000 


Final LogLikelihood: -1324.448381

AIC score: 2832.896762 / AICc score: 3052.281377 / BIC score: 3121.929809
Free parameters (model + branch lengths): 92

Best ML tree saved to: /Users/wanlin/Documents/GitHub/aPhyloGeo.sm/step12_HGT/1_getWholegenomeTree_47virus/get_fregment_pp1ab/raxml/align4910_5080.raxml.bestTree
All ML trees saved to: /Users/wanlin/Documents/GitHub/aPhyloGeo.sm/step12_HGT/1_getWholegenomeTree_47virus/get_fregment_pp1ab/raxml/align4910_5080.raxml.mlTrees
Best ML tree with Felsenstein bootstrap (FBP) support values saved to: /Users/wanlin/Documents/GitHub/aPhyloGeo.sm/step12_HGT/1_getWholegenomeTree_47virus/get_fregment_pp1ab/raxml/align4910_5080.raxml.support
Optimized model saved to: /Users/wanlin/Documents/GitHub/aPhyloGeo.sm/step12_HGT/1_getWholegenomeTree_47virus/get_fregment_pp1ab/raxml/align4910_5080.raxml.bestModel
Bootstrap trees saved to: /Users/wanlin/Documents/GitHub/aPhyloGeo.sm/step12_HGT/1_getWholegenomeTree_47virus/get_fregment_pp1ab/raxml/align4910_5080.raxml.bootstraps

Execution log saved to: /Users/wanlin/Documents/GitHub/aPhyloGeo.sm/step12_HGT/1_getWholegenomeTree_47virus/get_fregment_pp1ab/raxml/align4910_5080.raxml.log

Analysis started: 30-Jul-2023 11:13:34 / finished: 30-Jul-2023 11:28:13

Elapsed time: 878.265 seconds

