
RAxML-NG v. 0.9.0 released on 20.05.2019 by The Exelixis Lab.
Developed by: Alexey M. Kozlov and Alexandros Stamatakis.
Contributors: Diego Darriba, Tomas Flouri, Benoit Morel, Sarah Lutteropp, Ben Bettisworth.
Latest version: https://github.com/amkozlov/raxml-ng
Questions/problems/suggestions? Please visit: https://groups.google.com/forum/#!forum/raxml

RAxML-NG was called at 10-Aug-2023 13:18:26 as follows:

raxml-ng --all --model Blosum62+G --msa align680_1680.fasta --prefix raxml/align680_1680 + --msa-format FASTA --tree pars{5} --seed 239 --threads 2 --force --bs-trees 100 --bs-metric fbp

Analysis options:
  run mode: ML tree search + bootstrapping (Felsenstein Bootstrap)
  start tree(s): parsimony (5)
  bootstrap replicates: 100
  random seed: 239
  tip-inner: OFF
  pattern compression: ON
  per-rate scalers: OFF
  site repeats: ON
  branch lengths: proportional (ML estimate, algorithm: NR-FAST)
  SIMD kernels: SSE3
  parallelization: PTHREADS (2 threads), thread pinning: OFF

WARNING: Running in FORCE mode: all safety checks are disabled!

[00:00:00] Reading alignment from file: align680_1680.fasta
[00:00:00] Loaded alignment with 47 taxa and 1001 sites

Alignment comprises 1 partitions and 706 patterns

Partition 0: noname
Model: BLOSUM62+G4m
Alignment sites / patterns: 1001 / 706
Gaps: 0.00 %
Invariant sites: 17.08 %


NOTE: Binary MSA file created: raxml/align680_1680.raxml.rba

[00:00:00] Generating 5 parsimony starting tree(s) with 47 taxa
[00:00:00] Data distribution: max. partitions/sites/weight per thread: 1 / 353 / 28240

Starting ML tree search with 5 distinct starting trees

[00:00:31] ML tree search #1, logLikelihood: -10700.600004
[00:01:07] ML tree search #2, logLikelihood: -10700.602178
[00:02:14] ML tree search #3, logLikelihood: -10700.606310
[00:03:03] ML tree search #4, logLikelihood: -10696.372178
[00:03:41] ML tree search #5, logLikelihood: -10696.370097

[00:03:41] ML tree search completed, best tree logLH: -10696.370097

[00:03:41] Starting bootstrapping analysis with 100 replicates.

[00:04:36] Bootstrap tree #1, logLikelihood: -10515.659058
[00:05:31] Bootstrap tree #2, logLikelihood: -10881.596906
[00:06:12] Bootstrap tree #3, logLikelihood: -10999.710593
[00:06:59] Bootstrap tree #4, logLikelihood: -10698.673969
[00:07:50] Bootstrap tree #5, logLikelihood: -10890.111172
[00:08:42] Bootstrap tree #6, logLikelihood: -10865.219920
[00:09:33] Bootstrap tree #7, logLikelihood: -10475.414902
[00:10:13] Bootstrap tree #8, logLikelihood: -11095.026560
[00:11:10] Bootstrap tree #9, logLikelihood: -10572.442137
[00:11:54] Bootstrap tree #10, logLikelihood: -10823.587228
[00:12:47] Bootstrap tree #11, logLikelihood: -10601.822643
[00:13:29] Bootstrap tree #12, logLikelihood: -10602.622980
[00:14:12] Bootstrap tree #13, logLikelihood: -10500.508438
[00:14:59] Bootstrap tree #14, logLikelihood: -10570.118349
[00:15:46] Bootstrap tree #15, logLikelihood: -10741.420039
[00:16:42] Bootstrap tree #16, logLikelihood: -10564.300228
[00:17:26] Bootstrap tree #17, logLikelihood: -10604.461320
[00:18:21] Bootstrap tree #18, logLikelihood: -10642.995882
[00:19:12] Bootstrap tree #19, logLikelihood: -10454.986971
[00:20:10] Bootstrap tree #20, logLikelihood: -10845.203682
[00:20:56] Bootstrap tree #21, logLikelihood: -10707.318317
[00:21:51] Bootstrap tree #22, logLikelihood: -11139.654483
[00:22:43] Bootstrap tree #23, logLikelihood: -10641.617809
[00:23:24] Bootstrap tree #24, logLikelihood: -10428.190809
[00:24:08] Bootstrap tree #25, logLikelihood: -11137.744990
[00:24:59] Bootstrap tree #26, logLikelihood: -10765.227461
[00:25:52] Bootstrap tree #27, logLikelihood: -10929.832152
[00:26:46] Bootstrap tree #28, logLikelihood: -10515.720820
[00:27:31] Bootstrap tree #29, logLikelihood: -10420.596079
[00:28:18] Bootstrap tree #30, logLikelihood: -10602.724743
[00:29:10] Bootstrap tree #31, logLikelihood: -10591.497557
[00:29:57] Bootstrap tree #32, logLikelihood: -10429.888960
[00:30:59] Bootstrap tree #33, logLikelihood: -10627.650717
[00:31:57] Bootstrap tree #34, logLikelihood: -10789.177207
[00:32:41] Bootstrap tree #35, logLikelihood: -10712.452422
[00:33:23] Bootstrap tree #36, logLikelihood: -10758.285003
[00:34:11] Bootstrap tree #37, logLikelihood: -10845.036923
[00:35:00] Bootstrap tree #38, logLikelihood: -10676.212876
[00:35:42] Bootstrap tree #39, logLikelihood: -10706.584766
[00:36:32] Bootstrap tree #40, logLikelihood: -10453.259161
[00:37:17] Bootstrap tree #41, logLikelihood: -10256.529962
[00:38:15] Bootstrap tree #42, logLikelihood: -10572.559303
[00:39:03] Bootstrap tree #43, logLikelihood: -10776.593736
[00:39:59] Bootstrap tree #44, logLikelihood: -10813.918431
[00:40:52] Bootstrap tree #45, logLikelihood: -10667.583895
[00:41:43] Bootstrap tree #46, logLikelihood: -10932.434034
[00:42:40] Bootstrap tree #47, logLikelihood: -10950.003590
[00:43:31] Bootstrap tree #48, logLikelihood: -10479.924333
[00:44:19] Bootstrap tree #49, logLikelihood: -10396.141651
[00:45:01] Bootstrap tree #50, logLikelihood: -10618.894122
[00:45:47] Bootstrap tree #51, logLikelihood: -10335.633916
[00:46:33] Bootstrap tree #52, logLikelihood: -10654.017501
[00:47:11] Bootstrap tree #53, logLikelihood: -10428.308843
[00:48:07] Bootstrap tree #54, logLikelihood: -10774.703089
[00:48:47] Bootstrap tree #55, logLikelihood: -10503.378189
[00:49:27] Bootstrap tree #56, logLikelihood: -10625.052769
[00:50:20] Bootstrap tree #57, logLikelihood: -10410.289877
[00:51:06] Bootstrap tree #58, logLikelihood: -10488.233460
[00:51:45] Bootstrap tree #59, logLikelihood: -10548.842610
[00:52:33] Bootstrap tree #60, logLikelihood: -10802.287729
[00:53:27] Bootstrap tree #61, logLikelihood: -10977.107080
[00:54:12] Bootstrap tree #62, logLikelihood: -10490.843805
[00:55:16] Bootstrap tree #63, logLikelihood: -10479.081091
[00:56:17] Bootstrap tree #64, logLikelihood: -10868.022234
[00:57:10] Bootstrap tree #65, logLikelihood: -10793.886479
[00:57:56] Bootstrap tree #66, logLikelihood: -11008.169333
[00:58:50] Bootstrap tree #67, logLikelihood: -10377.909161
[00:59:56] Bootstrap tree #68, logLikelihood: -10544.578316
[01:00:52] Bootstrap tree #69, logLikelihood: -10572.923609
[01:01:44] Bootstrap tree #70, logLikelihood: -10770.700898
[01:02:37] Bootstrap tree #71, logLikelihood: -10904.852961
[01:03:35] Bootstrap tree #72, logLikelihood: -10826.632940
[01:04:23] Bootstrap tree #73, logLikelihood: -10312.426677
[01:05:30] Bootstrap tree #74, logLikelihood: -10538.425641
[01:06:27] Bootstrap tree #75, logLikelihood: -10993.498810
[01:07:21] Bootstrap tree #76, logLikelihood: -10754.707322
[01:08:10] Bootstrap tree #77, logLikelihood: -10596.136009
[01:09:09] Bootstrap tree #78, logLikelihood: -10338.153369
[01:10:09] Bootstrap tree #79, logLikelihood: -10961.181277
[01:11:10] Bootstrap tree #80, logLikelihood: -10319.408772
[01:11:58] Bootstrap tree #81, logLikelihood: -10846.511447
[01:12:44] Bootstrap tree #82, logLikelihood: -10350.854898
[01:13:27] Bootstrap tree #83, logLikelihood: -11110.541342
[01:14:20] Bootstrap tree #84, logLikelihood: -10626.485465
[01:15:15] Bootstrap tree #85, logLikelihood: -10506.003515
[01:16:09] Bootstrap tree #86, logLikelihood: -10660.890654
[01:16:48] Bootstrap tree #87, logLikelihood: -10694.707765
[01:17:42] Bootstrap tree #88, logLikelihood: -10648.920708
[01:18:38] Bootstrap tree #89, logLikelihood: -10557.586217
[01:19:33] Bootstrap tree #90, logLikelihood: -10642.862066
[01:20:23] Bootstrap tree #91, logLikelihood: -10479.198642
[01:21:18] Bootstrap tree #92, logLikelihood: -10952.755873
[01:22:05] Bootstrap tree #93, logLikelihood: -10986.019095
[01:22:58] Bootstrap tree #94, logLikelihood: -10818.213450
[01:23:48] Bootstrap tree #95, logLikelihood: -10784.143766
[01:24:30] Bootstrap tree #96, logLikelihood: -10879.999751
[01:25:18] Bootstrap tree #97, logLikelihood: -10616.396392
[01:26:19] Bootstrap tree #98, logLikelihood: -10588.531194
[01:27:05] Bootstrap tree #99, logLikelihood: -10610.583737
[01:27:51] Bootstrap tree #100, logLikelihood: -10932.334466

Optimized model parameters:

   Partition 0: noname
   Rate heterogeneity: GAMMA (4 cats, mean),  alpha: 2.013971 (ML),  weights&rates: (0.250000,0.294937) (0.250000,0.656491) (0.250000,1.070335) (0.250000,1.978237) 
   Base frequencies (model): 0.074000 0.052000 0.045000 0.054000 0.025000 0.034000 0.054000 0.074000 0.026000 0.068000 0.099000 0.058000 0.025000 0.047000 0.039000 0.057000 0.051000 0.013000 0.032000 0.073000 
   Substitution rates (model): 0.735790 0.485391 0.543162 1.459995 1.199706 1.170949 1.955884 0.716241 0.605899 0.800017 1.295201 1.253758 0.492965 1.173276 4.325093 1.729178 0.465839 0.718207 2.187775 1.297447 0.500964 0.227827 3.020834 1.360574 0.418763 1.456141 0.232036 0.622712 5.411115 0.983693 0.371645 0.448134 1.122783 0.914666 0.426382 0.720517 0.438388 3.180100 0.397359 1.839216 1.240489 1.355872 2.414501 0.283017 0.211888 1.593137 0.648441 0.354861 0.494887 2.904102 1.898174 0.191482 0.538223 0.312859 0.240837 1.190946 3.761625 0.798473 0.778143 0.418556 0.218132 1.032448 0.222622 0.281731 0.730628 1.582754 0.934188 0.145345 0.261422 0.258129 0.329802 0.140749 0.418203 0.354058 0.774894 0.831843 0.285079 0.767689 0.441337 0.356008 1.197188 1.119831 0.527664 0.470238 1.116352 5.528919 0.609846 2.435341 0.236202 0.580737 3.945278 2.494896 0.144357 0.858571 1.934871 1.277480 0.758654 0.958990 0.530786 0.423580 1.626891 0.186848 0.372625 2.802427 0.555415 0.291409 0.926564 1.769893 1.071097 0.407636 0.596719 0.524254 0.539859 0.189296 0.217721 0.752042 0.459436 0.368166 0.504087 1.509326 0.641436 0.508359 0.308056 0.253341 0.252718 0.348072 1.022507 0.984312 0.714534 0.527007 1.117030 0.585407 0.301249 4.218954 0.201556 3.890964 0.406194 3.364798 1.517359 0.388355 0.357544 1.179091 0.341986 0.674617 8.311839 0.445570 6.030559 2.064840 0.374556 0.352969 0.915260 0.691475 0.811246 2.231406 1.073061 0.266925 1.047383 1.752166 1.303875 0.332243 0.717993 0.498138 1.773855 0.454124 0.918723 1.488548 0.888101 0.951682 2.575851 0.233598 0.540028 0.488206 2.074325 6.747260 0.838120 1.169130 1.005452 0.252215 0.369405 0.496908 5.151556 0.387926 0.796752 0.561925 0.513128 0.801010 2.253074 4.054419 0.266509 1.000000 


Final LogLikelihood: -10696.370097

AIC score: 21576.740193 / AICc score: 21595.586008 / BIC score: 22028.345633
Free parameters (model + branch lengths): 92

Best ML tree saved to: /Users/wanlin/Documents/GitHub/aPhyloGeo.sm/step12_HGT/1KeyFregment47_WholeGenomeTree/orf1ab/raxml/align680_1680.raxml.bestTree
All ML trees saved to: /Users/wanlin/Documents/GitHub/aPhyloGeo.sm/step12_HGT/1KeyFregment47_WholeGenomeTree/orf1ab/raxml/align680_1680.raxml.mlTrees
Best ML tree with Felsenstein bootstrap (FBP) support values saved to: /Users/wanlin/Documents/GitHub/aPhyloGeo.sm/step12_HGT/1KeyFregment47_WholeGenomeTree/orf1ab/raxml/align680_1680.raxml.support
Optimized model saved to: /Users/wanlin/Documents/GitHub/aPhyloGeo.sm/step12_HGT/1KeyFregment47_WholeGenomeTree/orf1ab/raxml/align680_1680.raxml.bestModel
Bootstrap trees saved to: /Users/wanlin/Documents/GitHub/aPhyloGeo.sm/step12_HGT/1KeyFregment47_WholeGenomeTree/orf1ab/raxml/align680_1680.raxml.bootstraps

Execution log saved to: /Users/wanlin/Documents/GitHub/aPhyloGeo.sm/step12_HGT/1KeyFregment47_WholeGenomeTree/orf1ab/raxml/align680_1680.raxml.log

Analysis started: 10-Aug-2023 13:18:26 / finished: 10-Aug-2023 14:46:17

Elapsed time: 5271.104 seconds

