
RAxML-NG v. 0.9.0 released on 20.05.2019 by The Exelixis Lab.
Developed by: Alexey M. Kozlov and Alexandros Stamatakis.
Contributors: Diego Darriba, Tomas Flouri, Benoit Morel, Sarah Lutteropp, Ben Bettisworth.
Latest version: https://github.com/amkozlov/raxml-ng
Questions/problems/suggestions? Please visit: https://groups.google.com/forum/#!forum/raxml

RAxML-NG was called at 10-Aug-2023 16:40:39 as follows:

raxml-ng --all --model Blosum62+G --msa align2060_3090.fasta --prefix raxml/align2060_3090 + --msa-format FASTA --tree pars{5} --seed 239 --threads 2 --force --bs-trees 100 --bs-metric fbp

Analysis options:
  run mode: ML tree search + bootstrapping (Felsenstein Bootstrap)
  start tree(s): parsimony (5)
  bootstrap replicates: 100
  random seed: 239
  tip-inner: OFF
  pattern compression: ON
  per-rate scalers: OFF
  site repeats: ON
  branch lengths: proportional (ML estimate, algorithm: NR-FAST)
  SIMD kernels: SSE3
  parallelization: PTHREADS (2 threads), thread pinning: OFF

WARNING: Running in FORCE mode: all safety checks are disabled!

[00:00:00] Reading alignment from file: align2060_3090.fasta
[00:00:00] Loaded alignment with 47 taxa and 1031 sites

Alignment comprises 1 partitions and 496 patterns

Partition 0: noname
Model: BLOSUM62+G4m
Alignment sites / patterns: 1031 / 496
Gaps: 0.00 %
Invariant sites: 36.08 %


NOTE: Binary MSA file created: raxml/align2060_3090.raxml.rba

[00:00:00] Generating 5 parsimony starting tree(s) with 47 taxa
[00:00:00] Data distribution: max. partitions/sites/weight per thread: 1 / 248 / 19840

Starting ML tree search with 5 distinct starting trees

[00:00:26] ML tree search #1, logLikelihood: -7870.637074
[00:00:59] ML tree search #2, logLikelihood: -7870.637778
[00:01:29] ML tree search #3, logLikelihood: -7870.637081
[00:02:04] ML tree search #4, logLikelihood: -7870.637249
[00:03:02] ML tree search #5, logLikelihood: -7870.638544

[00:03:02] ML tree search completed, best tree logLH: -7870.637074

[00:03:02] Starting bootstrapping analysis with 100 replicates.

[00:03:38] Bootstrap tree #1, logLikelihood: -7793.954061
[00:04:07] Bootstrap tree #2, logLikelihood: -7563.987697
[00:04:53] Bootstrap tree #3, logLikelihood: -7690.430883
[00:05:34] Bootstrap tree #4, logLikelihood: -7752.503282
[00:06:12] Bootstrap tree #5, logLikelihood: -7879.909853
[00:06:59] Bootstrap tree #6, logLikelihood: -7949.749095
[00:07:43] Bootstrap tree #7, logLikelihood: -7891.939439
[00:08:27] Bootstrap tree #8, logLikelihood: -7687.753340
[00:09:04] Bootstrap tree #9, logLikelihood: -7994.671265
[00:09:33] Bootstrap tree #10, logLikelihood: -7962.693231
[00:10:10] Bootstrap tree #11, logLikelihood: -7888.828633
[00:10:43] Bootstrap tree #12, logLikelihood: -7769.639591
[00:11:20] Bootstrap tree #13, logLikelihood: -7754.289655
[00:11:51] Bootstrap tree #14, logLikelihood: -7828.381042
[00:12:25] Bootstrap tree #15, logLikelihood: -7714.778627
[00:12:57] Bootstrap tree #16, logLikelihood: -7653.327826
[00:13:26] Bootstrap tree #17, logLikelihood: -7812.876477
[00:14:21] Bootstrap tree #18, logLikelihood: -7905.835362
[00:14:55] Bootstrap tree #19, logLikelihood: -7786.996836
[00:15:26] Bootstrap tree #20, logLikelihood: -7981.765209
[00:16:12] Bootstrap tree #21, logLikelihood: -7942.791775
[00:16:40] Bootstrap tree #22, logLikelihood: -7712.833956
[00:17:10] Bootstrap tree #23, logLikelihood: -7847.521820
[00:17:47] Bootstrap tree #24, logLikelihood: -7817.844949
[00:18:19] Bootstrap tree #25, logLikelihood: -7840.366279
[00:18:51] Bootstrap tree #26, logLikelihood: -7497.765867
[00:19:34] Bootstrap tree #27, logLikelihood: -7966.399246
[00:20:07] Bootstrap tree #28, logLikelihood: -7511.543941
[00:20:38] Bootstrap tree #29, logLikelihood: -7928.416538
[00:21:32] Bootstrap tree #30, logLikelihood: -7919.735779
[00:22:03] Bootstrap tree #31, logLikelihood: -8045.460527
[00:22:33] Bootstrap tree #32, logLikelihood: -7764.736856
[00:23:07] Bootstrap tree #33, logLikelihood: -7564.369435
[00:23:38] Bootstrap tree #34, logLikelihood: -7928.966227
[00:24:18] Bootstrap tree #35, logLikelihood: -7789.880132
[00:24:58] Bootstrap tree #36, logLikelihood: -8074.320185
[00:25:29] Bootstrap tree #37, logLikelihood: -7864.128090
[00:26:04] Bootstrap tree #38, logLikelihood: -7758.762767
[00:26:37] Bootstrap tree #39, logLikelihood: -7727.669327
[00:27:11] Bootstrap tree #40, logLikelihood: -7954.799829
[00:27:43] Bootstrap tree #41, logLikelihood: -7914.890828
[00:28:14] Bootstrap tree #42, logLikelihood: -8077.847624
[00:28:43] Bootstrap tree #43, logLikelihood: -7735.028891
[00:29:18] Bootstrap tree #44, logLikelihood: -7716.418232
[00:30:14] Bootstrap tree #45, logLikelihood: -7769.620922
[00:30:48] Bootstrap tree #46, logLikelihood: -7909.835906
[00:31:20] Bootstrap tree #47, logLikelihood: -7771.395275
[00:32:09] Bootstrap tree #48, logLikelihood: -7781.533768
[00:32:38] Bootstrap tree #49, logLikelihood: -8003.247168
[00:33:19] Bootstrap tree #50, logLikelihood: -7768.090918
[00:33:48] Bootstrap tree #51, logLikelihood: -7813.641807
[00:34:24] Bootstrap tree #52, logLikelihood: -7728.002306
[00:35:17] Bootstrap tree #53, logLikelihood: -7861.170590
[00:35:52] Bootstrap tree #54, logLikelihood: -8193.835576
[00:36:20] Bootstrap tree #55, logLikelihood: -7635.573142
[00:37:05] Bootstrap tree #56, logLikelihood: -7786.523336
[00:37:39] Bootstrap tree #57, logLikelihood: -7568.446959
[00:38:29] Bootstrap tree #58, logLikelihood: -7652.071424
[00:39:06] Bootstrap tree #59, logLikelihood: -7931.273337
[00:39:42] Bootstrap tree #60, logLikelihood: -7673.506987
[00:40:19] Bootstrap tree #61, logLikelihood: -7908.930216
[00:40:54] Bootstrap tree #62, logLikelihood: -7935.095638
[00:41:22] Bootstrap tree #63, logLikelihood: -7853.232566
[00:42:12] Bootstrap tree #64, logLikelihood: -7536.534864
[00:43:10] Bootstrap tree #65, logLikelihood: -7852.557326
[00:43:39] Bootstrap tree #66, logLikelihood: -7991.315552
[00:44:22] Bootstrap tree #67, logLikelihood: -7717.433931
[00:44:57] Bootstrap tree #68, logLikelihood: -7540.705999
[00:45:29] Bootstrap tree #69, logLikelihood: -8096.215629
[00:46:00] Bootstrap tree #70, logLikelihood: -7891.894737
[00:47:08] Bootstrap tree #71, logLikelihood: -7905.116452
[00:47:54] Bootstrap tree #72, logLikelihood: -7629.646635
[00:48:34] Bootstrap tree #73, logLikelihood: -7682.710613
[00:49:08] Bootstrap tree #74, logLikelihood: -7735.192425
[00:50:01] Bootstrap tree #75, logLikelihood: -7580.782209
[00:50:36] Bootstrap tree #76, logLikelihood: -7602.225053
[00:51:25] Bootstrap tree #77, logLikelihood: -7641.297238
[00:52:09] Bootstrap tree #78, logLikelihood: -7942.712893
[00:52:37] Bootstrap tree #79, logLikelihood: -7676.032301
[00:53:12] Bootstrap tree #80, logLikelihood: -7832.694248
[00:53:46] Bootstrap tree #81, logLikelihood: -7692.013354
[00:54:17] Bootstrap tree #82, logLikelihood: -8194.170475
[00:54:58] Bootstrap tree #83, logLikelihood: -7854.341145
[00:55:29] Bootstrap tree #84, logLikelihood: -7817.996362
[00:56:00] Bootstrap tree #85, logLikelihood: -7887.527854
[00:56:30] Bootstrap tree #86, logLikelihood: -7829.545529
[00:56:57] Bootstrap tree #87, logLikelihood: -7699.799332
[00:57:23] Bootstrap tree #88, logLikelihood: -7796.586079
[00:57:49] Bootstrap tree #89, logLikelihood: -7508.941965
[00:58:18] Bootstrap tree #90, logLikelihood: -7925.713078
[00:58:47] Bootstrap tree #91, logLikelihood: -7849.830921
[00:59:34] Bootstrap tree #92, logLikelihood: -7867.523261
[01:00:08] Bootstrap tree #93, logLikelihood: -7804.173563
[01:00:42] Bootstrap tree #94, logLikelihood: -7782.228949
[01:01:10] Bootstrap tree #95, logLikelihood: -7773.123908
[01:01:40] Bootstrap tree #96, logLikelihood: -7376.381623
[01:02:10] Bootstrap tree #97, logLikelihood: -7800.928130
[01:02:49] Bootstrap tree #98, logLikelihood: -7783.102705
[01:03:23] Bootstrap tree #99, logLikelihood: -7932.412296
[01:03:51] Bootstrap tree #100, logLikelihood: -7814.207974

Optimized model parameters:

   Partition 0: noname
   Rate heterogeneity: GAMMA (4 cats, mean),  alpha: 1.342710 (ML),  weights&rates: (0.250000,0.199970) (0.250000,0.560094) (0.250000,1.039675) (0.250000,2.200261) 
   Base frequencies (model): 0.074000 0.052000 0.045000 0.054000 0.025000 0.034000 0.054000 0.074000 0.026000 0.068000 0.099000 0.058000 0.025000 0.047000 0.039000 0.057000 0.051000 0.013000 0.032000 0.073000 
   Substitution rates (model): 0.735790 0.485391 0.543162 1.459995 1.199706 1.170949 1.955884 0.716241 0.605899 0.800017 1.295201 1.253758 0.492965 1.173276 4.325093 1.729178 0.465839 0.718207 2.187775 1.297447 0.500964 0.227827 3.020834 1.360574 0.418763 1.456141 0.232036 0.622712 5.411115 0.983693 0.371645 0.448134 1.122783 0.914666 0.426382 0.720517 0.438388 3.180100 0.397359 1.839216 1.240489 1.355872 2.414501 0.283017 0.211888 1.593137 0.648441 0.354861 0.494887 2.904102 1.898174 0.191482 0.538223 0.312859 0.240837 1.190946 3.761625 0.798473 0.778143 0.418556 0.218132 1.032448 0.222622 0.281731 0.730628 1.582754 0.934188 0.145345 0.261422 0.258129 0.329802 0.140749 0.418203 0.354058 0.774894 0.831843 0.285079 0.767689 0.441337 0.356008 1.197188 1.119831 0.527664 0.470238 1.116352 5.528919 0.609846 2.435341 0.236202 0.580737 3.945278 2.494896 0.144357 0.858571 1.934871 1.277480 0.758654 0.958990 0.530786 0.423580 1.626891 0.186848 0.372625 2.802427 0.555415 0.291409 0.926564 1.769893 1.071097 0.407636 0.596719 0.524254 0.539859 0.189296 0.217721 0.752042 0.459436 0.368166 0.504087 1.509326 0.641436 0.508359 0.308056 0.253341 0.252718 0.348072 1.022507 0.984312 0.714534 0.527007 1.117030 0.585407 0.301249 4.218954 0.201556 3.890964 0.406194 3.364798 1.517359 0.388355 0.357544 1.179091 0.341986 0.674617 8.311839 0.445570 6.030559 2.064840 0.374556 0.352969 0.915260 0.691475 0.811246 2.231406 1.073061 0.266925 1.047383 1.752166 1.303875 0.332243 0.717993 0.498138 1.773855 0.454124 0.918723 1.488548 0.888101 0.951682 2.575851 0.233598 0.540028 0.488206 2.074325 6.747260 0.838120 1.169130 1.005452 0.252215 0.369405 0.496908 5.151556 0.387926 0.796752 0.561925 0.513128 0.801010 2.253074 4.054419 0.266509 1.000000 


Final LogLikelihood: -7870.637074

AIC score: 15925.274149 / AICc score: 15943.517219 / BIC score: 16379.596321
Free parameters (model + branch lengths): 92

Best ML tree saved to: /Users/wanlin/Documents/GitHub/aPhyloGeo.sm/step12_HGT/1KeyFregment47_WholeGenomeTree/orf1ab/raxml/align2060_3090.raxml.bestTree
All ML trees saved to: /Users/wanlin/Documents/GitHub/aPhyloGeo.sm/step12_HGT/1KeyFregment47_WholeGenomeTree/orf1ab/raxml/align2060_3090.raxml.mlTrees
Best ML tree with Felsenstein bootstrap (FBP) support values saved to: /Users/wanlin/Documents/GitHub/aPhyloGeo.sm/step12_HGT/1KeyFregment47_WholeGenomeTree/orf1ab/raxml/align2060_3090.raxml.support
Optimized model saved to: /Users/wanlin/Documents/GitHub/aPhyloGeo.sm/step12_HGT/1KeyFregment47_WholeGenomeTree/orf1ab/raxml/align2060_3090.raxml.bestModel
Bootstrap trees saved to: /Users/wanlin/Documents/GitHub/aPhyloGeo.sm/step12_HGT/1KeyFregment47_WholeGenomeTree/orf1ab/raxml/align2060_3090.raxml.bootstraps

Execution log saved to: /Users/wanlin/Documents/GitHub/aPhyloGeo.sm/step12_HGT/1KeyFregment47_WholeGenomeTree/orf1ab/raxml/align2060_3090.raxml.log

Analysis started: 10-Aug-2023 16:40:39 / finished: 10-Aug-2023 17:44:31

Elapsed time: 3831.292 seconds

