
RAxML-NG v. 0.9.0 released on 20.05.2019 by The Exelixis Lab.
Developed by: Alexey M. Kozlov and Alexandros Stamatakis.
Contributors: Diego Darriba, Tomas Flouri, Benoit Morel, Sarah Lutteropp, Ben Bettisworth.
Latest version: https://github.com/amkozlov/raxml-ng
Questions/problems/suggestions? Please visit: https://groups.google.com/forum/#!forum/raxml

RAxML-NG was called at 10-Aug-2023 22:43:48 as follows:

raxml-ng --all --model Blosum62+G --msa align230_730.fasta --prefix raxml/align230_730 + --msa-format FASTA --tree pars{5} --seed 239 --threads 2 --force --bs-trees 100 --bs-metric fbp

Analysis options:
  run mode: ML tree search + bootstrapping (Felsenstein Bootstrap)
  start tree(s): parsimony (5)
  bootstrap replicates: 100
  random seed: 239
  tip-inner: OFF
  pattern compression: ON
  per-rate scalers: OFF
  site repeats: ON
  branch lengths: proportional (ML estimate, algorithm: NR-FAST)
  SIMD kernels: SSE3
  parallelization: PTHREADS (2 threads), thread pinning: OFF

WARNING: Running in FORCE mode: all safety checks are disabled!

[00:00:00] Reading alignment from file: align230_730.fasta
[00:00:00] Loaded alignment with 47 taxa and 501 sites

Alignment comprises 1 partitions and 365 patterns

Partition 0: noname
Model: BLOSUM62+G4m
Alignment sites / patterns: 501 / 365
Gaps: 0.00 %
Invariant sites: 24.15 %


NOTE: Binary MSA file created: raxml/align230_730.raxml.rba

[00:00:00] Generating 5 parsimony starting tree(s) with 47 taxa
[00:00:00] Data distribution: max. partitions/sites/weight per thread: 1 / 183 / 14640

Starting ML tree search with 5 distinct starting trees

[00:00:19] ML tree search #1, logLikelihood: -5220.315871
[00:00:41] ML tree search #2, logLikelihood: -5220.314711
[00:01:01] ML tree search #3, logLikelihood: -5220.315606
[00:01:21] ML tree search #4, logLikelihood: -5220.314795
[00:01:44] ML tree search #5, logLikelihood: -5220.314913

[00:01:44] ML tree search completed, best tree logLH: -5220.314711

[00:01:44] Starting bootstrapping analysis with 100 replicates.

[00:02:06] Bootstrap tree #1, logLikelihood: -5124.352390
[00:02:29] Bootstrap tree #2, logLikelihood: -5106.730709
[00:02:50] Bootstrap tree #3, logLikelihood: -5256.773082
[00:03:09] Bootstrap tree #4, logLikelihood: -5248.995068
[00:03:28] Bootstrap tree #5, logLikelihood: -5228.519789
[00:03:45] Bootstrap tree #6, logLikelihood: -5007.391049
[00:04:07] Bootstrap tree #7, logLikelihood: -4813.180046
[00:04:30] Bootstrap tree #8, logLikelihood: -5217.502655
[00:04:52] Bootstrap tree #9, logLikelihood: -5024.149449
[00:05:13] Bootstrap tree #10, logLikelihood: -5319.802325
[00:05:35] Bootstrap tree #11, logLikelihood: -4999.808693
[00:05:59] Bootstrap tree #12, logLikelihood: -5284.277304
[00:06:19] Bootstrap tree #13, logLikelihood: -5035.939575
[00:06:37] Bootstrap tree #14, logLikelihood: -5137.961674
[00:06:58] Bootstrap tree #15, logLikelihood: -4919.057647
[00:07:24] Bootstrap tree #16, logLikelihood: -5314.441198
[00:07:46] Bootstrap tree #17, logLikelihood: -5254.724614
[00:08:06] Bootstrap tree #18, logLikelihood: -5526.318080
[00:08:24] Bootstrap tree #19, logLikelihood: -5212.927807
[00:08:44] Bootstrap tree #20, logLikelihood: -5074.935553
[00:09:08] Bootstrap tree #21, logLikelihood: -5254.824980
[00:09:35] Bootstrap tree #22, logLikelihood: -5146.093031
[00:09:58] Bootstrap tree #23, logLikelihood: -5244.805649
[00:10:18] Bootstrap tree #24, logLikelihood: -5203.951986
[00:10:37] Bootstrap tree #25, logLikelihood: -5248.680502
[00:10:58] Bootstrap tree #26, logLikelihood: -5143.475441
[00:11:22] Bootstrap tree #27, logLikelihood: -5093.314352
[00:11:41] Bootstrap tree #28, logLikelihood: -5150.264737
[00:12:03] Bootstrap tree #29, logLikelihood: -5366.205128
[00:12:29] Bootstrap tree #30, logLikelihood: -5162.191609
[00:12:57] Bootstrap tree #31, logLikelihood: -5219.215212
[00:13:32] Bootstrap tree #32, logLikelihood: -5026.000819
[00:14:01] Bootstrap tree #33, logLikelihood: -5143.561411
[00:14:30] Bootstrap tree #34, logLikelihood: -5201.005471
[00:14:54] Bootstrap tree #35, logLikelihood: -5118.976293
[00:15:25] Bootstrap tree #36, logLikelihood: -5352.833944
[00:15:49] Bootstrap tree #37, logLikelihood: -5171.732179
[00:16:19] Bootstrap tree #38, logLikelihood: -5425.648195
[00:16:44] Bootstrap tree #39, logLikelihood: -5085.996383
[00:17:12] Bootstrap tree #40, logLikelihood: -5216.164755
[00:17:35] Bootstrap tree #41, logLikelihood: -5094.577732
[00:17:59] Bootstrap tree #42, logLikelihood: -5305.160766
[00:18:42] Bootstrap tree #43, logLikelihood: -5400.692584
[00:19:09] Bootstrap tree #44, logLikelihood: -5335.739955
[00:19:34] Bootstrap tree #45, logLikelihood: -5272.058433
[00:20:05] Bootstrap tree #46, logLikelihood: -5265.675193
[00:20:36] Bootstrap tree #47, logLikelihood: -5180.160664
[00:21:08] Bootstrap tree #48, logLikelihood: -5334.535473
[00:21:36] Bootstrap tree #49, logLikelihood: -5194.666592
[00:22:03] Bootstrap tree #50, logLikelihood: -4913.569538
[00:22:31] Bootstrap tree #51, logLikelihood: -5005.817851
[00:23:06] Bootstrap tree #52, logLikelihood: -5157.423718
[00:23:35] Bootstrap tree #53, logLikelihood: -5170.291601
[00:24:04] Bootstrap tree #54, logLikelihood: -5205.376758
[00:24:43] Bootstrap tree #55, logLikelihood: -5271.312518
[00:25:17] Bootstrap tree #56, logLikelihood: -5280.052801
[00:25:50] Bootstrap tree #57, logLikelihood: -5125.326586
[00:26:20] Bootstrap tree #58, logLikelihood: -5328.243076
[00:26:50] Bootstrap tree #59, logLikelihood: -5168.132731
[00:27:17] Bootstrap tree #60, logLikelihood: -5249.489485
[00:27:56] Bootstrap tree #61, logLikelihood: -5264.801710
[00:28:21] Bootstrap tree #62, logLikelihood: -5255.551642
[00:28:45] Bootstrap tree #63, logLikelihood: -4957.304916
[00:29:14] Bootstrap tree #64, logLikelihood: -5093.916515
[00:29:55] Bootstrap tree #65, logLikelihood: -5168.146249
[00:30:27] Bootstrap tree #66, logLikelihood: -5458.656261
[00:30:57] Bootstrap tree #67, logLikelihood: -5113.364995
[00:31:23] Bootstrap tree #68, logLikelihood: -5151.823540
[00:31:56] Bootstrap tree #69, logLikelihood: -5230.013647
[00:32:24] Bootstrap tree #70, logLikelihood: -5116.221083
[00:32:54] Bootstrap tree #71, logLikelihood: -5045.053042
[00:33:24] Bootstrap tree #72, logLikelihood: -5161.928030
[00:33:58] Bootstrap tree #73, logLikelihood: -5243.896688
[00:34:28] Bootstrap tree #74, logLikelihood: -5052.666112
[00:35:03] Bootstrap tree #75, logLikelihood: -5355.563939
[00:35:41] Bootstrap tree #76, logLikelihood: -5307.406489
[00:36:06] Bootstrap tree #77, logLikelihood: -5095.380461
[00:36:34] Bootstrap tree #78, logLikelihood: -5241.866901
[00:37:02] Bootstrap tree #79, logLikelihood: -5317.937981
[00:37:45] Bootstrap tree #80, logLikelihood: -5431.232804
[00:38:21] Bootstrap tree #81, logLikelihood: -5220.540307
[00:38:48] Bootstrap tree #82, logLikelihood: -5161.439106
[00:39:17] Bootstrap tree #83, logLikelihood: -5452.679260
[00:39:50] Bootstrap tree #84, logLikelihood: -5222.145481
[00:40:25] Bootstrap tree #85, logLikelihood: -5167.004750
[00:40:56] Bootstrap tree #86, logLikelihood: -5335.809626
[00:41:29] Bootstrap tree #87, logLikelihood: -4955.368390
[00:41:59] Bootstrap tree #88, logLikelihood: -4931.801888
[00:42:35] Bootstrap tree #89, logLikelihood: -5057.704470
[00:43:06] Bootstrap tree #90, logLikelihood: -4961.743689
[00:43:33] Bootstrap tree #91, logLikelihood: -5038.077679
[00:43:56] Bootstrap tree #92, logLikelihood: -5095.139157
[00:44:21] Bootstrap tree #93, logLikelihood: -5325.818784
[00:44:51] Bootstrap tree #94, logLikelihood: -5166.408493
[00:45:13] Bootstrap tree #95, logLikelihood: -5051.156809
[00:45:46] Bootstrap tree #96, logLikelihood: -5340.205958
[00:46:22] Bootstrap tree #97, logLikelihood: -5076.964776
[00:46:51] Bootstrap tree #98, logLikelihood: -5102.104492
[00:47:25] Bootstrap tree #99, logLikelihood: -5255.037429
[00:47:59] Bootstrap tree #100, logLikelihood: -5400.272863

Optimized model parameters:

   Partition 0: noname
   Rate heterogeneity: GAMMA (4 cats, mean),  alpha: 1.497629 (ML),  weights&rates: (0.250000,0.224956) (0.250000,0.588161) (0.250000,1.050282) (0.250000,2.136601) 
   Base frequencies (model): 0.074000 0.052000 0.045000 0.054000 0.025000 0.034000 0.054000 0.074000 0.026000 0.068000 0.099000 0.058000 0.025000 0.047000 0.039000 0.057000 0.051000 0.013000 0.032000 0.073000 
   Substitution rates (model): 0.735790 0.485391 0.543162 1.459995 1.199706 1.170949 1.955884 0.716241 0.605899 0.800017 1.295201 1.253758 0.492965 1.173276 4.325093 1.729178 0.465839 0.718207 2.187775 1.297447 0.500964 0.227827 3.020834 1.360574 0.418763 1.456141 0.232036 0.622712 5.411115 0.983693 0.371645 0.448134 1.122783 0.914666 0.426382 0.720517 0.438388 3.180100 0.397359 1.839216 1.240489 1.355872 2.414501 0.283017 0.211888 1.593137 0.648441 0.354861 0.494887 2.904102 1.898174 0.191482 0.538223 0.312859 0.240837 1.190946 3.761625 0.798473 0.778143 0.418556 0.218132 1.032448 0.222622 0.281731 0.730628 1.582754 0.934188 0.145345 0.261422 0.258129 0.329802 0.140749 0.418203 0.354058 0.774894 0.831843 0.285079 0.767689 0.441337 0.356008 1.197188 1.119831 0.527664 0.470238 1.116352 5.528919 0.609846 2.435341 0.236202 0.580737 3.945278 2.494896 0.144357 0.858571 1.934871 1.277480 0.758654 0.958990 0.530786 0.423580 1.626891 0.186848 0.372625 2.802427 0.555415 0.291409 0.926564 1.769893 1.071097 0.407636 0.596719 0.524254 0.539859 0.189296 0.217721 0.752042 0.459436 0.368166 0.504087 1.509326 0.641436 0.508359 0.308056 0.253341 0.252718 0.348072 1.022507 0.984312 0.714534 0.527007 1.117030 0.585407 0.301249 4.218954 0.201556 3.890964 0.406194 3.364798 1.517359 0.388355 0.357544 1.179091 0.341986 0.674617 8.311839 0.445570 6.030559 2.064840 0.374556 0.352969 0.915260 0.691475 0.811246 2.231406 1.073061 0.266925 1.047383 1.752166 1.303875 0.332243 0.717993 0.498138 1.773855 0.454124 0.918723 1.488548 0.888101 0.951682 2.575851 0.233598 0.540028 0.488206 2.074325 6.747260 0.838120 1.169130 1.005452 0.252215 0.369405 0.496908 5.151556 0.387926 0.796752 0.561925 0.513128 0.801010 2.253074 4.054419 0.266509 1.000000 


Final LogLikelihood: -5220.314711

AIC score: 10624.629422 / AICc score: 10666.570599 / BIC score: 11012.557184
Free parameters (model + branch lengths): 92

Best ML tree saved to: /Users/wanlin/Documents/GitHub/aPhyloGeo.sm/step12_HGT/1KeyFregment47_WholeGenomeTree/spike/raxml/align230_730.raxml.bestTree
All ML trees saved to: /Users/wanlin/Documents/GitHub/aPhyloGeo.sm/step12_HGT/1KeyFregment47_WholeGenomeTree/spike/raxml/align230_730.raxml.mlTrees
Best ML tree with Felsenstein bootstrap (FBP) support values saved to: /Users/wanlin/Documents/GitHub/aPhyloGeo.sm/step12_HGT/1KeyFregment47_WholeGenomeTree/spike/raxml/align230_730.raxml.support
Optimized model saved to: /Users/wanlin/Documents/GitHub/aPhyloGeo.sm/step12_HGT/1KeyFregment47_WholeGenomeTree/spike/raxml/align230_730.raxml.bestModel
Bootstrap trees saved to: /Users/wanlin/Documents/GitHub/aPhyloGeo.sm/step12_HGT/1KeyFregment47_WholeGenomeTree/spike/raxml/align230_730.raxml.bootstraps

Execution log saved to: /Users/wanlin/Documents/GitHub/aPhyloGeo.sm/step12_HGT/1KeyFregment47_WholeGenomeTree/spike/raxml/align230_730.raxml.log

Analysis started: 10-Aug-2023 22:43:48 / finished: 10-Aug-2023 23:31:48

Elapsed time: 2879.458 seconds

