
RAxML-NG v. 0.9.0 released on 20.05.2019 by The Exelixis Lab.
Developed by: Alexey M. Kozlov and Alexandros Stamatakis.
Contributors: Diego Darriba, Tomas Flouri, Benoit Morel, Sarah Lutteropp, Ben Bettisworth.
Latest version: https://github.com/amkozlov/raxml-ng
Questions/problems/suggestions? Please visit: https://groups.google.com/forum/#!forum/raxml

RAxML-NG was called at 30-Jul-2023 12:16:41 as follows:

raxml-ng --all --model Blosum62+G --msa align520_680.fasta --prefix raxml/align520_680 + --msa-format FASTA --tree pars{5} --seed 239 --threads 2 --force --bs-trees 100 --bs-metric fbp

Analysis options:
  run mode: ML tree search + bootstrapping (Felsenstein Bootstrap)
  start tree(s): parsimony (5)
  bootstrap replicates: 100
  random seed: 239
  tip-inner: OFF
  pattern compression: ON
  per-rate scalers: OFF
  site repeats: ON
  branch lengths: proportional (ML estimate, algorithm: NR-FAST)
  SIMD kernels: SSE3
  parallelization: PTHREADS (2 threads), thread pinning: OFF

WARNING: Running in FORCE mode: all safety checks are disabled!

[00:00:00] Reading alignment from file: align520_680.fasta
[00:00:00] Loaded alignment with 47 taxa and 161 sites

Alignment comprises 1 partitions and 136 patterns

Partition 0: noname
Model: BLOSUM62+G4m
Alignment sites / patterns: 161 / 136
Gaps: 0.00 %
Invariant sites: 22.98 %


NOTE: Binary MSA file created: raxml/align520_680.raxml.rba

[00:00:00] Generating 5 parsimony starting tree(s) with 47 taxa
[00:00:00] Data distribution: max. partitions/sites/weight per thread: 1 / 68 / 5440

Starting ML tree search with 5 distinct starting trees

[00:00:08] ML tree search #1, logLikelihood: -1815.362024
[00:00:16] ML tree search #2, logLikelihood: -1816.246399
[00:00:23] ML tree search #3, logLikelihood: -1815.362226
[00:00:31] ML tree search #4, logLikelihood: -1815.361926
[00:00:39] ML tree search #5, logLikelihood: -1815.361906

[00:00:39] ML tree search completed, best tree logLH: -1815.361906

[00:00:39] Starting bootstrapping analysis with 100 replicates.

[00:00:47] Bootstrap tree #1, logLikelihood: -1990.227699
[00:00:56] Bootstrap tree #2, logLikelihood: -1836.479362
[00:01:07] Bootstrap tree #3, logLikelihood: -1821.905699
[00:01:15] Bootstrap tree #4, logLikelihood: -1911.703965
[00:01:26] Bootstrap tree #5, logLikelihood: -1795.854657
[00:01:35] Bootstrap tree #6, logLikelihood: -1682.627003
[00:01:44] Bootstrap tree #7, logLikelihood: -1802.707479
[00:01:53] Bootstrap tree #8, logLikelihood: -1620.369275
[00:02:03] Bootstrap tree #9, logLikelihood: -1646.210478
[00:02:12] Bootstrap tree #10, logLikelihood: -1604.517336
[00:02:22] Bootstrap tree #11, logLikelihood: -1763.785435
[00:02:32] Bootstrap tree #12, logLikelihood: -1991.868050
[00:02:42] Bootstrap tree #13, logLikelihood: -1679.107089
[00:02:50] Bootstrap tree #14, logLikelihood: -1750.325999
[00:02:59] Bootstrap tree #15, logLikelihood: -1736.418131
[00:03:07] Bootstrap tree #16, logLikelihood: -1826.675064
[00:03:17] Bootstrap tree #17, logLikelihood: -1789.841348
[00:03:27] Bootstrap tree #18, logLikelihood: -1722.313339
[00:03:37] Bootstrap tree #19, logLikelihood: -1796.176220
[00:03:47] Bootstrap tree #20, logLikelihood: -1896.855324
[00:04:00] Bootstrap tree #21, logLikelihood: -1852.855535
[00:04:09] Bootstrap tree #22, logLikelihood: -1703.741584
[00:04:17] Bootstrap tree #23, logLikelihood: -1751.311334
[00:04:27] Bootstrap tree #24, logLikelihood: -1828.709060
[00:04:36] Bootstrap tree #25, logLikelihood: -1709.091631
[00:04:44] Bootstrap tree #26, logLikelihood: -1870.527887
[00:04:54] Bootstrap tree #27, logLikelihood: -1825.470239
[00:05:04] Bootstrap tree #28, logLikelihood: -1857.805045
[00:05:12] Bootstrap tree #29, logLikelihood: -1578.656289
[00:05:21] Bootstrap tree #30, logLikelihood: -1756.845347
[00:05:31] Bootstrap tree #31, logLikelihood: -1908.324372
[00:05:43] Bootstrap tree #32, logLikelihood: -1775.135202
[00:05:52] Bootstrap tree #33, logLikelihood: -1782.353725
[00:06:00] Bootstrap tree #34, logLikelihood: -1872.034150
[00:06:11] Bootstrap tree #35, logLikelihood: -1878.188245
[00:06:22] Bootstrap tree #36, logLikelihood: -1674.624429
[00:06:31] Bootstrap tree #37, logLikelihood: -1744.573319
[00:06:40] Bootstrap tree #38, logLikelihood: -1778.481026
[00:06:50] Bootstrap tree #39, logLikelihood: -1833.568876
[00:06:59] Bootstrap tree #40, logLikelihood: -1851.947870
[00:07:10] Bootstrap tree #41, logLikelihood: -1755.715866
[00:07:21] Bootstrap tree #42, logLikelihood: -1867.713751
[00:07:29] Bootstrap tree #43, logLikelihood: -1703.761606
[00:07:39] Bootstrap tree #44, logLikelihood: -1743.141922
[00:07:48] Bootstrap tree #45, logLikelihood: -1823.403116
[00:07:59] Bootstrap tree #46, logLikelihood: -1660.962914
[00:08:08] Bootstrap tree #47, logLikelihood: -1793.710506
[00:08:16] Bootstrap tree #48, logLikelihood: -1773.999609
[00:08:26] Bootstrap tree #49, logLikelihood: -1993.412088
[00:08:37] Bootstrap tree #50, logLikelihood: -1867.960406
[00:08:46] Bootstrap tree #51, logLikelihood: -1698.038598
[00:08:57] Bootstrap tree #52, logLikelihood: -1935.520386
[00:09:08] Bootstrap tree #53, logLikelihood: -1863.662660
[00:09:19] Bootstrap tree #54, logLikelihood: -1691.189655
[00:09:29] Bootstrap tree #55, logLikelihood: -1835.665027
[00:09:38] Bootstrap tree #56, logLikelihood: -1753.569825
[00:09:48] Bootstrap tree #57, logLikelihood: -1914.794241
[00:10:00] Bootstrap tree #58, logLikelihood: -1902.008449
[00:10:08] Bootstrap tree #59, logLikelihood: -1737.237840
[00:10:18] Bootstrap tree #60, logLikelihood: -1856.125759
[00:10:28] Bootstrap tree #61, logLikelihood: -1882.717122
[00:10:37] Bootstrap tree #62, logLikelihood: -1535.262588
[00:10:45] Bootstrap tree #63, logLikelihood: -1975.057846
[00:10:54] Bootstrap tree #64, logLikelihood: -1675.390867
[00:11:03] Bootstrap tree #65, logLikelihood: -1822.023313
[00:11:13] Bootstrap tree #66, logLikelihood: -1987.911663
[00:11:22] Bootstrap tree #67, logLikelihood: -1754.166766
[00:11:32] Bootstrap tree #68, logLikelihood: -1719.502550
[00:11:42] Bootstrap tree #69, logLikelihood: -1880.040944
[00:11:51] Bootstrap tree #70, logLikelihood: -1893.339839
[00:12:01] Bootstrap tree #71, logLikelihood: -1767.928904
[00:12:13] Bootstrap tree #72, logLikelihood: -1654.459042
[00:12:26] Bootstrap tree #73, logLikelihood: -1955.521864
[00:12:34] Bootstrap tree #74, logLikelihood: -1833.742405
[00:12:44] Bootstrap tree #75, logLikelihood: -1588.395826
[00:12:54] Bootstrap tree #76, logLikelihood: -1696.068044
[00:13:05] Bootstrap tree #77, logLikelihood: -1913.884206
[00:13:14] Bootstrap tree #78, logLikelihood: -1868.204551
[00:13:24] Bootstrap tree #79, logLikelihood: -1742.265853
[00:13:33] Bootstrap tree #80, logLikelihood: -1696.535560
[00:13:42] Bootstrap tree #81, logLikelihood: -1788.603753
[00:13:53] Bootstrap tree #82, logLikelihood: -1811.605582
[00:14:04] Bootstrap tree #83, logLikelihood: -1874.687157
[00:14:12] Bootstrap tree #84, logLikelihood: -1842.956248
[00:14:23] Bootstrap tree #85, logLikelihood: -1766.726254
[00:14:33] Bootstrap tree #86, logLikelihood: -1788.395971
[00:14:41] Bootstrap tree #87, logLikelihood: -1840.891580
[00:14:50] Bootstrap tree #88, logLikelihood: -1843.047473
[00:14:58] Bootstrap tree #89, logLikelihood: -1879.453890
[00:15:08] Bootstrap tree #90, logLikelihood: -1568.788955
[00:15:16] Bootstrap tree #91, logLikelihood: -1797.103805
[00:15:25] Bootstrap tree #92, logLikelihood: -1666.896871
[00:15:35] Bootstrap tree #93, logLikelihood: -1787.575006
[00:15:43] Bootstrap tree #94, logLikelihood: -1722.610072
[00:15:51] Bootstrap tree #95, logLikelihood: -1578.336506
[00:15:59] Bootstrap tree #96, logLikelihood: -1744.334623
[00:16:10] Bootstrap tree #97, logLikelihood: -1906.427686
[00:16:19] Bootstrap tree #98, logLikelihood: -1846.093692
[00:16:28] Bootstrap tree #99, logLikelihood: -1620.659590
[00:16:38] Bootstrap tree #100, logLikelihood: -1727.608094

Optimized model parameters:

   Partition 0: noname
   Rate heterogeneity: GAMMA (4 cats, mean),  alpha: 1.065762 (ML),  weights&rates: (0.250000,0.149885) (0.250000,0.495663) (0.250000,1.010096) (0.250000,2.344356) 
   Base frequencies (model): 0.074000 0.052000 0.045000 0.054000 0.025000 0.034000 0.054000 0.074000 0.026000 0.068000 0.099000 0.058000 0.025000 0.047000 0.039000 0.057000 0.051000 0.013000 0.032000 0.073000 
   Substitution rates (model): 0.735790 0.485391 0.543162 1.459995 1.199706 1.170949 1.955884 0.716241 0.605899 0.800017 1.295201 1.253758 0.492965 1.173276 4.325093 1.729178 0.465839 0.718207 2.187775 1.297447 0.500964 0.227827 3.020834 1.360574 0.418763 1.456141 0.232036 0.622712 5.411115 0.983693 0.371645 0.448134 1.122783 0.914666 0.426382 0.720517 0.438388 3.180100 0.397359 1.839216 1.240489 1.355872 2.414501 0.283017 0.211888 1.593137 0.648441 0.354861 0.494887 2.904102 1.898174 0.191482 0.538223 0.312859 0.240837 1.190946 3.761625 0.798473 0.778143 0.418556 0.218132 1.032448 0.222622 0.281731 0.730628 1.582754 0.934188 0.145345 0.261422 0.258129 0.329802 0.140749 0.418203 0.354058 0.774894 0.831843 0.285079 0.767689 0.441337 0.356008 1.197188 1.119831 0.527664 0.470238 1.116352 5.528919 0.609846 2.435341 0.236202 0.580737 3.945278 2.494896 0.144357 0.858571 1.934871 1.277480 0.758654 0.958990 0.530786 0.423580 1.626891 0.186848 0.372625 2.802427 0.555415 0.291409 0.926564 1.769893 1.071097 0.407636 0.596719 0.524254 0.539859 0.189296 0.217721 0.752042 0.459436 0.368166 0.504087 1.509326 0.641436 0.508359 0.308056 0.253341 0.252718 0.348072 1.022507 0.984312 0.714534 0.527007 1.117030 0.585407 0.301249 4.218954 0.201556 3.890964 0.406194 3.364798 1.517359 0.388355 0.357544 1.179091 0.341986 0.674617 8.311839 0.445570 6.030559 2.064840 0.374556 0.352969 0.915260 0.691475 0.811246 2.231406 1.073061 0.266925 1.047383 1.752166 1.303875 0.332243 0.717993 0.498138 1.773855 0.454124 0.918723 1.488548 0.888101 0.951682 2.575851 0.233598 0.540028 0.488206 2.074325 6.747260 0.838120 1.169130 1.005452 0.252215 0.369405 0.496908 5.151556 0.387926 0.796752 0.561925 0.513128 0.801010 2.253074 4.054419 0.266509 1.000000 


Final LogLikelihood: -1815.361906

AIC score: 3814.723812 / AICc score: 4066.370871 / BIC score: 4098.213013
Free parameters (model + branch lengths): 92

Best ML tree saved to: /Users/wanlin/Documents/GitHub/aPhyloGeo.sm/step12_HGT/1_getWholegenomeTree_47virus/get_fregment_pp1ab/raxml/align520_680.raxml.bestTree
All ML trees saved to: /Users/wanlin/Documents/GitHub/aPhyloGeo.sm/step12_HGT/1_getWholegenomeTree_47virus/get_fregment_pp1ab/raxml/align520_680.raxml.mlTrees
Best ML tree with Felsenstein bootstrap (FBP) support values saved to: /Users/wanlin/Documents/GitHub/aPhyloGeo.sm/step12_HGT/1_getWholegenomeTree_47virus/get_fregment_pp1ab/raxml/align520_680.raxml.support
Optimized model saved to: /Users/wanlin/Documents/GitHub/aPhyloGeo.sm/step12_HGT/1_getWholegenomeTree_47virus/get_fregment_pp1ab/raxml/align520_680.raxml.bestModel
Bootstrap trees saved to: /Users/wanlin/Documents/GitHub/aPhyloGeo.sm/step12_HGT/1_getWholegenomeTree_47virus/get_fregment_pp1ab/raxml/align520_680.raxml.bootstraps

Execution log saved to: /Users/wanlin/Documents/GitHub/aPhyloGeo.sm/step12_HGT/1_getWholegenomeTree_47virus/get_fregment_pp1ab/raxml/align520_680.raxml.log

Analysis started: 30-Jul-2023 12:16:41 / finished: 30-Jul-2023 12:33:20

Elapsed time: 998.947 seconds

