
RAxML-NG v. 0.9.0 released on 20.05.2019 by The Exelixis Lab.
Developed by: Alexey M. Kozlov and Alexandros Stamatakis.
Contributors: Diego Darriba, Tomas Flouri, Benoit Morel, Sarah Lutteropp, Ben Bettisworth.
Latest version: https://github.com/amkozlov/raxml-ng
Questions/problems/suggestions? Please visit: https://groups.google.com/forum/#!forum/raxml

RAxML-NG was called at 04-Aug-2023 11:32:46 as follows:

raxml-ng --all --model Blosum62+G --msa align3690_3760.fasta --prefix raxml/align3690_3760 + --msa-format FASTA --tree pars{5} --seed 239 --threads 2 --force --bs-trees 100 --bs-metric fbp

Analysis options:
  run mode: ML tree search + bootstrapping (Felsenstein Bootstrap)
  start tree(s): parsimony (5)
  bootstrap replicates: 100
  random seed: 239
  tip-inner: OFF
  pattern compression: ON
  per-rate scalers: OFF
  site repeats: ON
  branch lengths: proportional (ML estimate, algorithm: NR-FAST)
  SIMD kernels: SSE3
  parallelization: PTHREADS (2 threads), thread pinning: OFF

WARNING: Running in FORCE mode: all safety checks are disabled!

[00:00:00] Reading alignment from file: align3690_3760.fasta
[00:00:00] Loaded alignment with 47 taxa and 71 sites

Alignment comprises 1 partitions and 46 patterns

Partition 0: noname
Model: BLOSUM62+G4m
Alignment sites / patterns: 71 / 46
Gaps: 0.00 %
Invariant sites: 61.97 %


NOTE: Binary MSA file created: raxml/align3690_3760.raxml.rba

[00:00:00] Generating 5 parsimony starting tree(s) with 47 taxa
[00:00:00] Data distribution: max. partitions/sites/weight per thread: 1 / 23 / 1840

Starting ML tree search with 5 distinct starting trees

[00:00:03] ML tree search #1, logLikelihood: -370.229960
[00:00:06] ML tree search #2, logLikelihood: -370.229959
[00:00:09] ML tree search #3, logLikelihood: -370.229954
[00:00:12] ML tree search #4, logLikelihood: -370.229960
[00:00:15] ML tree search #5, logLikelihood: -370.229960

[00:00:15] ML tree search completed, best tree logLH: -370.229954

[00:00:15] Starting bootstrapping analysis with 100 replicates.

[00:00:18] Bootstrap tree #1, logLikelihood: -377.409943
[00:00:22] Bootstrap tree #2, logLikelihood: -403.356080
[00:00:28] Bootstrap tree #3, logLikelihood: -338.208028
[00:00:34] Bootstrap tree #4, logLikelihood: -357.997218
[00:00:38] Bootstrap tree #5, logLikelihood: -384.166661
[00:00:43] Bootstrap tree #6, logLikelihood: -334.293348
[00:00:47] Bootstrap tree #7, logLikelihood: -339.526712
[00:00:51] Bootstrap tree #8, logLikelihood: -349.370873
[00:00:55] Bootstrap tree #9, logLikelihood: -377.788085
[00:01:00] Bootstrap tree #10, logLikelihood: -380.712522
[00:01:04] Bootstrap tree #11, logLikelihood: -347.557407
[00:01:08] Bootstrap tree #12, logLikelihood: -348.320621
[00:01:14] Bootstrap tree #13, logLikelihood: -346.258061
[00:01:19] Bootstrap tree #14, logLikelihood: -365.893555
[00:01:23] Bootstrap tree #15, logLikelihood: -334.062067
[00:01:31] Bootstrap tree #16, logLikelihood: -367.070566
[00:01:36] Bootstrap tree #17, logLikelihood: -375.858735
[00:01:41] Bootstrap tree #18, logLikelihood: -357.133632
[00:01:47] Bootstrap tree #19, logLikelihood: -401.830043
[00:01:51] Bootstrap tree #20, logLikelihood: -379.610528
[00:01:57] Bootstrap tree #21, logLikelihood: -347.150500
[00:02:01] Bootstrap tree #22, logLikelihood: -390.548313
[00:02:07] Bootstrap tree #23, logLikelihood: -374.098470
[00:02:11] Bootstrap tree #24, logLikelihood: -372.810703
[00:02:15] Bootstrap tree #25, logLikelihood: -350.163862
[00:02:23] Bootstrap tree #26, logLikelihood: -350.534246
[00:02:28] Bootstrap tree #27, logLikelihood: -371.913825
[00:02:33] Bootstrap tree #28, logLikelihood: -335.156323
[00:02:39] Bootstrap tree #29, logLikelihood: -380.675629
[00:02:43] Bootstrap tree #30, logLikelihood: -375.985791
[00:02:49] Bootstrap tree #31, logLikelihood: -390.499417
[00:02:56] Bootstrap tree #32, logLikelihood: -381.556908
[00:03:03] Bootstrap tree #33, logLikelihood: -344.934254
[00:03:07] Bootstrap tree #34, logLikelihood: -375.025049
[00:03:11] Bootstrap tree #35, logLikelihood: -358.534054
[00:03:16] Bootstrap tree #36, logLikelihood: -362.524123
[00:03:21] Bootstrap tree #37, logLikelihood: -376.622537
[00:03:26] Bootstrap tree #38, logLikelihood: -396.850602
[00:03:31] Bootstrap tree #39, logLikelihood: -359.555251
[00:03:37] Bootstrap tree #40, logLikelihood: -338.515724
[00:03:42] Bootstrap tree #41, logLikelihood: -384.557491
[00:03:47] Bootstrap tree #42, logLikelihood: -390.612336
[00:03:55] Bootstrap tree #43, logLikelihood: -391.509114
[00:04:01] Bootstrap tree #44, logLikelihood: -369.469623
[00:04:09] Bootstrap tree #45, logLikelihood: -334.361380
[00:04:17] Bootstrap tree #46, logLikelihood: -329.255368
[00:04:23] Bootstrap tree #47, logLikelihood: -355.201985
[00:04:28] Bootstrap tree #48, logLikelihood: -358.641653
[00:04:33] Bootstrap tree #49, logLikelihood: -397.917747
[00:04:38] Bootstrap tree #50, logLikelihood: -326.563444
[00:04:44] Bootstrap tree #51, logLikelihood: -408.330413
[00:04:49] Bootstrap tree #52, logLikelihood: -414.284404
[00:04:54] Bootstrap tree #53, logLikelihood: -366.473015
[00:04:59] Bootstrap tree #54, logLikelihood: -381.456582
[00:05:04] Bootstrap tree #55, logLikelihood: -394.281423
[00:05:09] Bootstrap tree #56, logLikelihood: -341.231796
[00:05:14] Bootstrap tree #57, logLikelihood: -395.606361
[00:05:19] Bootstrap tree #58, logLikelihood: -362.019537
[00:05:24] Bootstrap tree #59, logLikelihood: -348.634767
[00:05:32] Bootstrap tree #60, logLikelihood: -373.516452
[00:05:39] Bootstrap tree #61, logLikelihood: -356.176268
[00:05:44] Bootstrap tree #62, logLikelihood: -351.130319
[00:05:50] Bootstrap tree #63, logLikelihood: -410.370215
[00:05:55] Bootstrap tree #64, logLikelihood: -368.573094
[00:06:00] Bootstrap tree #65, logLikelihood: -376.430054
[00:06:06] Bootstrap tree #66, logLikelihood: -374.759549
[00:06:13] Bootstrap tree #67, logLikelihood: -331.693451
[00:06:20] Bootstrap tree #68, logLikelihood: -354.564286
[00:06:29] Bootstrap tree #69, logLikelihood: -365.531936
[00:06:34] Bootstrap tree #70, logLikelihood: -363.961983
[00:06:39] Bootstrap tree #71, logLikelihood: -390.059644
[00:06:44] Bootstrap tree #72, logLikelihood: -400.640483
[00:06:50] Bootstrap tree #73, logLikelihood: -388.248670
[00:06:54] Bootstrap tree #74, logLikelihood: -376.257081
[00:06:59] Bootstrap tree #75, logLikelihood: -370.331740
[00:07:07] Bootstrap tree #76, logLikelihood: -335.656417
[00:07:12] Bootstrap tree #77, logLikelihood: -346.251939
[00:07:17] Bootstrap tree #78, logLikelihood: -361.406656
[00:07:22] Bootstrap tree #79, logLikelihood: -323.232165
[00:07:27] Bootstrap tree #80, logLikelihood: -378.025882
[00:07:31] Bootstrap tree #81, logLikelihood: -327.254827
[00:07:36] Bootstrap tree #82, logLikelihood: -353.819011
[00:07:41] Bootstrap tree #83, logLikelihood: -411.356762
[00:07:47] Bootstrap tree #84, logLikelihood: -376.794148
[00:07:52] Bootstrap tree #85, logLikelihood: -336.447291
[00:07:57] Bootstrap tree #86, logLikelihood: -375.779469
[00:08:02] Bootstrap tree #87, logLikelihood: -349.569265
[00:08:06] Bootstrap tree #88, logLikelihood: -372.307841
[00:08:16] Bootstrap tree #89, logLikelihood: -367.982907
[00:08:21] Bootstrap tree #90, logLikelihood: -353.897271
[00:08:26] Bootstrap tree #91, logLikelihood: -371.931426
[00:08:33] Bootstrap tree #92, logLikelihood: -366.128091
[00:08:40] Bootstrap tree #93, logLikelihood: -380.371101
[00:08:46] Bootstrap tree #94, logLikelihood: -336.520654
[00:08:50] Bootstrap tree #95, logLikelihood: -338.942866
[00:08:57] Bootstrap tree #96, logLikelihood: -378.430031
[00:09:03] Bootstrap tree #97, logLikelihood: -371.825880
[00:09:09] Bootstrap tree #98, logLikelihood: -369.698238
[00:09:14] Bootstrap tree #99, logLikelihood: -370.656110
[00:09:20] Bootstrap tree #100, logLikelihood: -355.880401

Optimized model parameters:

   Partition 0: noname
   Rate heterogeneity: GAMMA (4 cats, mean),  alpha: 99.889105 (ML),  weights&rates: (0.250000,0.875839) (0.250000,0.964718) (0.250000,1.029564) (0.250000,1.129880) 
   Base frequencies (model): 0.074000 0.052000 0.045000 0.054000 0.025000 0.034000 0.054000 0.074000 0.026000 0.068000 0.099000 0.058000 0.025000 0.047000 0.039000 0.057000 0.051000 0.013000 0.032000 0.073000 
   Substitution rates (model): 0.735790 0.485391 0.543162 1.459995 1.199706 1.170949 1.955884 0.716241 0.605899 0.800017 1.295201 1.253758 0.492965 1.173276 4.325093 1.729178 0.465839 0.718207 2.187775 1.297447 0.500964 0.227827 3.020834 1.360574 0.418763 1.456141 0.232036 0.622712 5.411115 0.983693 0.371645 0.448134 1.122783 0.914666 0.426382 0.720517 0.438388 3.180100 0.397359 1.839216 1.240489 1.355872 2.414501 0.283017 0.211888 1.593137 0.648441 0.354861 0.494887 2.904102 1.898174 0.191482 0.538223 0.312859 0.240837 1.190946 3.761625 0.798473 0.778143 0.418556 0.218132 1.032448 0.222622 0.281731 0.730628 1.582754 0.934188 0.145345 0.261422 0.258129 0.329802 0.140749 0.418203 0.354058 0.774894 0.831843 0.285079 0.767689 0.441337 0.356008 1.197188 1.119831 0.527664 0.470238 1.116352 5.528919 0.609846 2.435341 0.236202 0.580737 3.945278 2.494896 0.144357 0.858571 1.934871 1.277480 0.758654 0.958990 0.530786 0.423580 1.626891 0.186848 0.372625 2.802427 0.555415 0.291409 0.926564 1.769893 1.071097 0.407636 0.596719 0.524254 0.539859 0.189296 0.217721 0.752042 0.459436 0.368166 0.504087 1.509326 0.641436 0.508359 0.308056 0.253341 0.252718 0.348072 1.022507 0.984312 0.714534 0.527007 1.117030 0.585407 0.301249 4.218954 0.201556 3.890964 0.406194 3.364798 1.517359 0.388355 0.357544 1.179091 0.341986 0.674617 8.311839 0.445570 6.030559 2.064840 0.374556 0.352969 0.915260 0.691475 0.811246 2.231406 1.073061 0.266925 1.047383 1.752166 1.303875 0.332243 0.717993 0.498138 1.773855 0.454124 0.918723 1.488548 0.888101 0.951682 2.575851 0.233598 0.540028 0.488206 2.074325 6.747260 0.838120 1.169130 1.005452 0.252215 0.369405 0.496908 5.151556 0.387926 0.796752 0.561925 0.513128 0.801010 2.253074 4.054419 0.266509 1.000000 


Final LogLikelihood: -370.229954

AIC score: 924.459908 / AICc score: 18036.459908 / BIC score: 1132.626457
Free parameters (model + branch lengths): 92

WARNING: Number of free parameters (K=92) is larger than alignment size (n=71).
         This might lead to overfitting and compromise tree inference results!


Best ML tree saved to: /Users/wanlin/Documents/GitHub/aPhyloGeo.sm/step12_HGT/LowRFDistanceFreg_wholegenome47V/keyFregGroupByHost_hostTree7leaves/2_get_fregment_pp1ab/raxml/align3690_3760.raxml.bestTree
All ML trees saved to: /Users/wanlin/Documents/GitHub/aPhyloGeo.sm/step12_HGT/LowRFDistanceFreg_wholegenome47V/keyFregGroupByHost_hostTree7leaves/2_get_fregment_pp1ab/raxml/align3690_3760.raxml.mlTrees
Best ML tree with Felsenstein bootstrap (FBP) support values saved to: /Users/wanlin/Documents/GitHub/aPhyloGeo.sm/step12_HGT/LowRFDistanceFreg_wholegenome47V/keyFregGroupByHost_hostTree7leaves/2_get_fregment_pp1ab/raxml/align3690_3760.raxml.support
Optimized model saved to: /Users/wanlin/Documents/GitHub/aPhyloGeo.sm/step12_HGT/LowRFDistanceFreg_wholegenome47V/keyFregGroupByHost_hostTree7leaves/2_get_fregment_pp1ab/raxml/align3690_3760.raxml.bestModel
Bootstrap trees saved to: /Users/wanlin/Documents/GitHub/aPhyloGeo.sm/step12_HGT/LowRFDistanceFreg_wholegenome47V/keyFregGroupByHost_hostTree7leaves/2_get_fregment_pp1ab/raxml/align3690_3760.raxml.bootstraps

Execution log saved to: /Users/wanlin/Documents/GitHub/aPhyloGeo.sm/step12_HGT/LowRFDistanceFreg_wholegenome47V/keyFregGroupByHost_hostTree7leaves/2_get_fregment_pp1ab/raxml/align3690_3760.raxml.log

Analysis started: 04-Aug-2023 11:32:46 / finished: 04-Aug-2023 11:42:06

Elapsed time: 560.551 seconds

