
RAxML-NG v. 0.9.0 released on 20.05.2019 by The Exelixis Lab.
Developed by: Alexey M. Kozlov and Alexandros Stamatakis.
Contributors: Diego Darriba, Tomas Flouri, Benoit Morel, Sarah Lutteropp, Ben Bettisworth.
Latest version: https://github.com/amkozlov/raxml-ng
Questions/problems/suggestions? Please visit: https://groups.google.com/forum/#!forum/raxml

RAxML-NG was called at 21-Jul-2023 13:17:08 as follows:

raxml-ng --all --model Blosum62+G --msa 1aln_orf1ab_withID.fasta --prefix raxml/orfab --msa-format FASTA --tree pars{5} --seed 239 --threads 2 --force --bs-trees 100 --bs-metric fbp

Analysis options:
  run mode: ML tree search + bootstrapping (Felsenstein Bootstrap)
  start tree(s): parsimony (5)
  bootstrap replicates: 100
  random seed: 239
  tip-inner: OFF
  pattern compression: ON
  per-rate scalers: OFF
  site repeats: ON
  branch lengths: proportional (ML estimate, algorithm: NR-FAST)
  SIMD kernels: SSE3
  parallelization: PTHREADS (2 threads), thread pinning: OFF

WARNING: Running in FORCE mode: all safety checks are disabled!

[00:00:00] Reading alignment from file: 1aln_orf1ab_withID.fasta
[00:00:00] Loaded alignment with 47 taxa and 5601 sites

Alignment comprises 1 partitions and 2130 patterns

Partition 0: noname
Model: BLOSUM62+G4m
Alignment sites / patterns: 5601 / 2130
Gaps: 0.00 %
Invariant sites: 36.05 %


NOTE: Binary MSA file created: raxml/orfab.raxml.rba

[00:00:00] Generating 5 parsimony starting tree(s) with 47 taxa
[00:00:00] Data distribution: max. partitions/sites/weight per thread: 1 / 1065 / 85200

Starting ML tree search with 5 distinct starting trees

[00:01:58] ML tree search #1, logLikelihood: -48961.611718
[00:03:59] ML tree search #2, logLikelihood: -48952.993398
[00:06:05] ML tree search #3, logLikelihood: -48952.993538
[00:08:20] ML tree search #4, logLikelihood: -48952.991976
[00:10:18] ML tree search #5, logLikelihood: -48954.195611

[00:10:18] ML tree search completed, best tree logLH: -48952.991976

[00:10:18] Starting bootstrapping analysis with 100 replicates.

[00:13:06] Bootstrap tree #1, logLikelihood: -48461.047952
[00:15:19] Bootstrap tree #2, logLikelihood: -47918.419659
[00:18:10] Bootstrap tree #3, logLikelihood: -48841.056998
[00:20:40] Bootstrap tree #4, logLikelihood: -49225.859493
[00:23:29] Bootstrap tree #5, logLikelihood: -49132.749961
[00:25:50] Bootstrap tree #6, logLikelihood: -47877.081012
[00:28:17] Bootstrap tree #7, logLikelihood: -48670.453241
[00:30:35] Bootstrap tree #8, logLikelihood: -49626.797864
[00:33:16] Bootstrap tree #9, logLikelihood: -48784.281380
[00:36:00] Bootstrap tree #10, logLikelihood: -48796.661247
[00:38:37] Bootstrap tree #11, logLikelihood: -49087.650746
[00:40:40] Bootstrap tree #12, logLikelihood: -47784.980696
[00:43:28] Bootstrap tree #13, logLikelihood: -49106.843937
[00:45:56] Bootstrap tree #14, logLikelihood: -49387.718682
[00:50:02] Bootstrap tree #15, logLikelihood: -48304.901147
[00:53:02] Bootstrap tree #16, logLikelihood: -49610.476032
[00:56:05] Bootstrap tree #17, logLikelihood: -48897.936432
[00:58:34] Bootstrap tree #18, logLikelihood: -48712.830663
[01:01:19] Bootstrap tree #19, logLikelihood: -48812.095393
[01:04:31] Bootstrap tree #20, logLikelihood: -48665.731211
[01:07:17] Bootstrap tree #21, logLikelihood: -49027.362486
[01:09:40] Bootstrap tree #22, logLikelihood: -49015.319609
[01:11:31] Bootstrap tree #23, logLikelihood: -48414.342566
[01:13:26] Bootstrap tree #24, logLikelihood: -47700.613978
[01:15:33] Bootstrap tree #25, logLikelihood: -49037.611629
[01:18:40] Bootstrap tree #26, logLikelihood: -48724.365759
[01:20:33] Bootstrap tree #27, logLikelihood: -48618.829364
[01:22:32] Bootstrap tree #28, logLikelihood: -48283.788556
[01:25:11] Bootstrap tree #29, logLikelihood: -49673.024209
[01:27:37] Bootstrap tree #30, logLikelihood: -48331.114512
[01:30:00] Bootstrap tree #31, logLikelihood: -48498.213334
[01:32:38] Bootstrap tree #32, logLikelihood: -49624.485387
[01:35:35] Bootstrap tree #33, logLikelihood: -49096.328769
[01:37:26] Bootstrap tree #34, logLikelihood: -48185.803738
[01:40:02] Bootstrap tree #35, logLikelihood: -48590.638408
[01:42:45] Bootstrap tree #36, logLikelihood: -48726.747464
[01:44:42] Bootstrap tree #37, logLikelihood: -49457.780629
[01:47:11] Bootstrap tree #38, logLikelihood: -48886.605726
[01:50:07] Bootstrap tree #39, logLikelihood: -48586.726836
[01:52:35] Bootstrap tree #40, logLikelihood: -48065.154930
[01:55:03] Bootstrap tree #41, logLikelihood: -49236.064632
[01:57:36] Bootstrap tree #42, logLikelihood: -49431.550568
[02:00:06] Bootstrap tree #43, logLikelihood: -48963.145556
[02:02:16] Bootstrap tree #44, logLikelihood: -49092.291129
[02:04:37] Bootstrap tree #45, logLikelihood: -48212.964203
[02:06:56] Bootstrap tree #46, logLikelihood: -48380.620182
[02:09:42] Bootstrap tree #47, logLikelihood: -49679.126509
[02:12:11] Bootstrap tree #48, logLikelihood: -49971.794249
[02:14:12] Bootstrap tree #49, logLikelihood: -48343.345004
[02:18:05] Bootstrap tree #50, logLikelihood: -48789.129365
[02:20:33] Bootstrap tree #51, logLikelihood: -48175.302872
[02:22:59] Bootstrap tree #52, logLikelihood: -49060.418484
[02:25:20] Bootstrap tree #53, logLikelihood: -48078.403012
[02:28:11] Bootstrap tree #54, logLikelihood: -47810.083076
[02:31:16] Bootstrap tree #55, logLikelihood: -48786.006339
[02:33:20] Bootstrap tree #56, logLikelihood: -47966.566110
[02:35:32] Bootstrap tree #57, logLikelihood: -49222.716933
[02:37:43] Bootstrap tree #58, logLikelihood: -49108.086231
[02:39:47] Bootstrap tree #59, logLikelihood: -48930.484149
[02:42:12] Bootstrap tree #60, logLikelihood: -49503.409396
[02:44:27] Bootstrap tree #61, logLikelihood: -48761.828815
[02:46:55] Bootstrap tree #62, logLikelihood: -48911.644694
[02:49:34] Bootstrap tree #63, logLikelihood: -49467.141142
[02:52:09] Bootstrap tree #64, logLikelihood: -48641.195390
[02:54:40] Bootstrap tree #65, logLikelihood: -48856.662684
[02:57:39] Bootstrap tree #66, logLikelihood: -47879.026519
[03:00:19] Bootstrap tree #67, logLikelihood: -48504.312636
[03:02:39] Bootstrap tree #68, logLikelihood: -49922.705720
[03:05:37] Bootstrap tree #69, logLikelihood: -49048.779851
[03:08:01] Bootstrap tree #70, logLikelihood: -49117.677871
[03:10:59] Bootstrap tree #71, logLikelihood: -49028.809091
[03:13:52] Bootstrap tree #72, logLikelihood: -48621.045666
[03:17:15] Bootstrap tree #73, logLikelihood: -49277.317805
[03:20:22] Bootstrap tree #74, logLikelihood: -50007.460216
[03:23:12] Bootstrap tree #75, logLikelihood: -48778.623179
[03:26:03] Bootstrap tree #76, logLikelihood: -49048.816732
[03:28:15] Bootstrap tree #77, logLikelihood: -48886.216128
[03:31:11] Bootstrap tree #78, logLikelihood: -48745.454832
[03:34:04] Bootstrap tree #79, logLikelihood: -49498.994274
[03:37:34] Bootstrap tree #80, logLikelihood: -48211.314085
[03:40:16] Bootstrap tree #81, logLikelihood: -48430.398349
[03:42:35] Bootstrap tree #82, logLikelihood: -48766.872677
[03:44:53] Bootstrap tree #83, logLikelihood: -48654.883292
[03:47:01] Bootstrap tree #84, logLikelihood: -48855.229030
[03:50:05] Bootstrap tree #85, logLikelihood: -49322.675070
[03:53:48] Bootstrap tree #86, logLikelihood: -48834.306554
[03:57:07] Bootstrap tree #87, logLikelihood: -48467.925182
[03:59:10] Bootstrap tree #88, logLikelihood: -48690.400665
[04:01:46] Bootstrap tree #89, logLikelihood: -49191.850685
[04:04:06] Bootstrap tree #90, logLikelihood: -49533.080536
[04:07:17] Bootstrap tree #91, logLikelihood: -49841.464114
[04:09:51] Bootstrap tree #92, logLikelihood: -49118.319670
[04:12:02] Bootstrap tree #93, logLikelihood: -48340.535372
[04:14:42] Bootstrap tree #94, logLikelihood: -49081.418900
[04:17:43] Bootstrap tree #95, logLikelihood: -48863.566045
[04:21:09] Bootstrap tree #96, logLikelihood: -49357.941023
[04:23:55] Bootstrap tree #97, logLikelihood: -48268.203832
[04:26:38] Bootstrap tree #98, logLikelihood: -48739.770423
[04:28:58] Bootstrap tree #99, logLikelihood: -48010.973925
[04:32:23] Bootstrap tree #100, logLikelihood: -48845.518315

Optimized model parameters:

   Partition 0: noname
   Rate heterogeneity: GAMMA (4 cats, mean),  alpha: 0.829146 (ML),  weights&rates: (0.250000,0.101744) (0.250000,0.418609) (0.250000,0.964715) (0.250000,2.514933) 
   Base frequencies (model): 0.074000 0.052000 0.045000 0.054000 0.025000 0.034000 0.054000 0.074000 0.026000 0.068000 0.099000 0.058000 0.025000 0.047000 0.039000 0.057000 0.051000 0.013000 0.032000 0.073000 
   Substitution rates (model): 0.735790 0.485391 0.543162 1.459995 1.199706 1.170949 1.955884 0.716241 0.605899 0.800017 1.295201 1.253758 0.492965 1.173276 4.325093 1.729178 0.465839 0.718207 2.187775 1.297447 0.500964 0.227827 3.020834 1.360574 0.418763 1.456141 0.232036 0.622712 5.411115 0.983693 0.371645 0.448134 1.122783 0.914666 0.426382 0.720517 0.438388 3.180100 0.397359 1.839216 1.240489 1.355872 2.414501 0.283017 0.211888 1.593137 0.648441 0.354861 0.494887 2.904102 1.898174 0.191482 0.538223 0.312859 0.240837 1.190946 3.761625 0.798473 0.778143 0.418556 0.218132 1.032448 0.222622 0.281731 0.730628 1.582754 0.934188 0.145345 0.261422 0.258129 0.329802 0.140749 0.418203 0.354058 0.774894 0.831843 0.285079 0.767689 0.441337 0.356008 1.197188 1.119831 0.527664 0.470238 1.116352 5.528919 0.609846 2.435341 0.236202 0.580737 3.945278 2.494896 0.144357 0.858571 1.934871 1.277480 0.758654 0.958990 0.530786 0.423580 1.626891 0.186848 0.372625 2.802427 0.555415 0.291409 0.926564 1.769893 1.071097 0.407636 0.596719 0.524254 0.539859 0.189296 0.217721 0.752042 0.459436 0.368166 0.504087 1.509326 0.641436 0.508359 0.308056 0.253341 0.252718 0.348072 1.022507 0.984312 0.714534 0.527007 1.117030 0.585407 0.301249 4.218954 0.201556 3.890964 0.406194 3.364798 1.517359 0.388355 0.357544 1.179091 0.341986 0.674617 8.311839 0.445570 6.030559 2.064840 0.374556 0.352969 0.915260 0.691475 0.811246 2.231406 1.073061 0.266925 1.047383 1.752166 1.303875 0.332243 0.717993 0.498138 1.773855 0.454124 0.918723 1.488548 0.888101 0.951682 2.575851 0.233598 0.540028 0.488206 2.074325 6.747260 0.838120 1.169130 1.005452 0.252215 0.369405 0.496908 5.151556 0.387926 0.796752 0.561925 0.513128 0.801010 2.253074 4.054419 0.266509 1.000000 


Final LogLikelihood: -48952.991976

AIC score: 98089.983952 / AICc score: 98093.090706 / BIC score: 98700.008392
Free parameters (model + branch lengths): 92

Best ML tree saved to: /Users/wanlin/Documents/GitHub/aPhyloGeo.sm/step9_similarity/raxml/orfab.raxml.bestTree
All ML trees saved to: /Users/wanlin/Documents/GitHub/aPhyloGeo.sm/step9_similarity/raxml/orfab.raxml.mlTrees
Best ML tree with Felsenstein bootstrap (FBP) support values saved to: /Users/wanlin/Documents/GitHub/aPhyloGeo.sm/step9_similarity/raxml/orfab.raxml.support
Optimized model saved to: /Users/wanlin/Documents/GitHub/aPhyloGeo.sm/step9_similarity/raxml/orfab.raxml.bestModel
Bootstrap trees saved to: /Users/wanlin/Documents/GitHub/aPhyloGeo.sm/step9_similarity/raxml/orfab.raxml.bootstraps

Execution log saved to: /Users/wanlin/Documents/GitHub/aPhyloGeo.sm/step9_similarity/raxml/orfab.raxml.log

Analysis started: 21-Jul-2023 13:17:08 / finished: 21-Jul-2023 17:49:32

Elapsed time: 16343.475 seconds

