
RAxML-NG v. 0.9.0 released on 20.05.2019 by The Exelixis Lab.
Developed by: Alexey M. Kozlov and Alexandros Stamatakis.
Contributors: Diego Darriba, Tomas Flouri, Benoit Morel, Sarah Lutteropp, Ben Bettisworth.
Latest version: https://github.com/amkozlov/raxml-ng
Questions/problems/suggestions? Please visit: https://groups.google.com/forum/#!forum/raxml

RAxML-NG was called at 04-Aug-2023 20:44:52 as follows:

raxml-ng --all --model Blosum62+G --msa align3920_4140.fasta --prefix raxml/align3920_4140 + --msa-format FASTA --tree pars{5} --seed 239 --threads 2 --force --bs-trees 100 --bs-metric fbp

Analysis options:
  run mode: ML tree search + bootstrapping (Felsenstein Bootstrap)
  start tree(s): parsimony (5)
  bootstrap replicates: 100
  random seed: 239
  tip-inner: OFF
  pattern compression: ON
  per-rate scalers: OFF
  site repeats: ON
  branch lengths: proportional (ML estimate, algorithm: NR-FAST)
  SIMD kernels: SSE3
  parallelization: PTHREADS (2 threads), thread pinning: OFF

WARNING: Running in FORCE mode: all safety checks are disabled!

[00:00:00] Reading alignment from file: align3920_4140.fasta
[00:00:00] Loaded alignment with 7 taxa and 221 sites

Alignment comprises 1 partitions and 106 patterns

Partition 0: noname
Model: BLOSUM62+G4m
Alignment sites / patterns: 221 / 106
Gaps: 0.00 %
Invariant sites: 52.94 %


NOTE: Binary MSA file created: raxml/align3920_4140.raxml.rba

[00:00:00] Generating 5 parsimony starting tree(s) with 7 taxa
[00:00:00] Data distribution: max. partitions/sites/weight per thread: 1 / 53 / 4240

Starting ML tree search with 5 distinct starting trees

[00:00:00] ML tree search #1, logLikelihood: -1238.833540
[00:00:00] ML tree search #2, logLikelihood: -1238.833509
[00:00:00] ML tree search #3, logLikelihood: -1238.833440
[00:00:00] ML tree search #4, logLikelihood: -1238.833296
[00:00:00] ML tree search #5, logLikelihood: -1238.833303

[00:00:00] ML tree search completed, best tree logLH: -1238.833296

[00:00:00] Starting bootstrapping analysis with 100 replicates.

[00:00:00] Bootstrap tree #1, logLikelihood: -1236.969699
[00:00:01] Bootstrap tree #2, logLikelihood: -1227.851248
[00:00:01] Bootstrap tree #3, logLikelihood: -1310.275625
[00:00:01] Bootstrap tree #4, logLikelihood: -1242.474593
[00:00:01] Bootstrap tree #5, logLikelihood: -1252.570787
[00:00:01] Bootstrap tree #6, logLikelihood: -1185.291004
[00:00:01] Bootstrap tree #7, logLikelihood: -1243.476367
[00:00:01] Bootstrap tree #8, logLikelihood: -1265.767205
[00:00:02] Bootstrap tree #9, logLikelihood: -1218.501739
[00:00:02] Bootstrap tree #10, logLikelihood: -1230.380348
[00:00:02] Bootstrap tree #11, logLikelihood: -1228.784187
[00:00:02] Bootstrap tree #12, logLikelihood: -1188.801989
[00:00:02] Bootstrap tree #13, logLikelihood: -1250.649371
[00:00:02] Bootstrap tree #14, logLikelihood: -1232.113084
[00:00:02] Bootstrap tree #15, logLikelihood: -1191.764659
[00:00:03] Bootstrap tree #16, logLikelihood: -1184.191107
[00:00:03] Bootstrap tree #17, logLikelihood: -1317.093049
[00:00:03] Bootstrap tree #18, logLikelihood: -1187.067009
[00:00:03] Bootstrap tree #19, logLikelihood: -1180.141700
[00:00:03] Bootstrap tree #20, logLikelihood: -1252.842298
[00:00:03] Bootstrap tree #21, logLikelihood: -1239.214444
[00:00:03] Bootstrap tree #22, logLikelihood: -1252.367319
[00:00:04] Bootstrap tree #23, logLikelihood: -1167.404780
[00:00:04] Bootstrap tree #24, logLikelihood: -1253.274707
[00:00:04] Bootstrap tree #25, logLikelihood: -1243.939550
[00:00:04] Bootstrap tree #26, logLikelihood: -1252.204611
[00:00:04] Bootstrap tree #27, logLikelihood: -1170.932549
[00:00:04] Bootstrap tree #28, logLikelihood: -1168.719754
[00:00:05] Bootstrap tree #29, logLikelihood: -1314.563659
[00:00:05] Bootstrap tree #30, logLikelihood: -1263.130191
[00:00:05] Bootstrap tree #31, logLikelihood: -1214.023397
[00:00:05] Bootstrap tree #32, logLikelihood: -1238.141457
[00:00:05] Bootstrap tree #33, logLikelihood: -1202.805068
[00:00:05] Bootstrap tree #34, logLikelihood: -1238.868984
[00:00:06] Bootstrap tree #35, logLikelihood: -1292.304685
[00:00:06] Bootstrap tree #36, logLikelihood: -1242.089626
[00:00:06] Bootstrap tree #37, logLikelihood: -1273.104735
[00:00:06] Bootstrap tree #38, logLikelihood: -1238.106971
[00:00:06] Bootstrap tree #39, logLikelihood: -1174.900285
[00:00:06] Bootstrap tree #40, logLikelihood: -1305.006358
[00:00:07] Bootstrap tree #41, logLikelihood: -1226.163486
[00:00:07] Bootstrap tree #42, logLikelihood: -1226.397267
[00:00:07] Bootstrap tree #43, logLikelihood: -1253.747035
[00:00:07] Bootstrap tree #44, logLikelihood: -1221.723441
[00:00:07] Bootstrap tree #45, logLikelihood: -1268.791017
[00:00:07] Bootstrap tree #46, logLikelihood: -1223.445918
[00:00:07] Bootstrap tree #47, logLikelihood: -1138.762552
[00:00:08] Bootstrap tree #48, logLikelihood: -1227.731541
[00:00:08] Bootstrap tree #49, logLikelihood: -1217.118064
[00:00:08] Bootstrap tree #50, logLikelihood: -1255.267741
[00:00:08] Bootstrap tree #51, logLikelihood: -1185.141385
[00:00:08] Bootstrap tree #52, logLikelihood: -1202.591914
[00:00:08] Bootstrap tree #53, logLikelihood: -1196.259267
[00:00:08] Bootstrap tree #54, logLikelihood: -1207.051443
[00:00:09] Bootstrap tree #55, logLikelihood: -1244.459063
[00:00:09] Bootstrap tree #56, logLikelihood: -1204.445202
[00:00:09] Bootstrap tree #57, logLikelihood: -1261.416032
[00:00:09] Bootstrap tree #58, logLikelihood: -1301.296414
[00:00:09] Bootstrap tree #59, logLikelihood: -1273.710060
[00:00:09] Bootstrap tree #60, logLikelihood: -1249.596147
[00:00:09] Bootstrap tree #61, logLikelihood: -1142.237061
[00:00:09] Bootstrap tree #62, logLikelihood: -1234.475776
[00:00:10] Bootstrap tree #63, logLikelihood: -1242.460509
[00:00:10] Bootstrap tree #64, logLikelihood: -1250.888701
[00:00:10] Bootstrap tree #65, logLikelihood: -1319.638008
[00:00:10] Bootstrap tree #66, logLikelihood: -1217.524734
[00:00:10] Bootstrap tree #67, logLikelihood: -1248.473431
[00:00:10] Bootstrap tree #68, logLikelihood: -1249.719569
[00:00:10] Bootstrap tree #69, logLikelihood: -1169.861467
[00:00:11] Bootstrap tree #70, logLikelihood: -1239.976181
[00:00:11] Bootstrap tree #71, logLikelihood: -1242.475564
[00:00:11] Bootstrap tree #72, logLikelihood: -1202.322267
[00:00:11] Bootstrap tree #73, logLikelihood: -1274.944516
[00:00:11] Bootstrap tree #74, logLikelihood: -1263.298403
[00:00:11] Bootstrap tree #75, logLikelihood: -1212.387233
[00:00:11] Bootstrap tree #76, logLikelihood: -1241.823641
[00:00:11] Bootstrap tree #77, logLikelihood: -1170.209057
[00:00:12] Bootstrap tree #78, logLikelihood: -1300.777926
[00:00:12] Bootstrap tree #79, logLikelihood: -1289.950902
[00:00:12] Bootstrap tree #80, logLikelihood: -1266.467725
[00:00:12] Bootstrap tree #81, logLikelihood: -1174.894871
[00:00:12] Bootstrap tree #82, logLikelihood: -1189.681562
[00:00:12] Bootstrap tree #83, logLikelihood: -1233.007053
[00:00:12] Bootstrap tree #84, logLikelihood: -1219.084711
[00:00:13] Bootstrap tree #85, logLikelihood: -1241.889090
[00:00:13] Bootstrap tree #86, logLikelihood: -1226.417654
[00:00:13] Bootstrap tree #87, logLikelihood: -1191.260582
[00:00:13] Bootstrap tree #88, logLikelihood: -1271.258717
[00:00:13] Bootstrap tree #89, logLikelihood: -1236.563005
[00:00:13] Bootstrap tree #90, logLikelihood: -1296.381439
[00:00:13] Bootstrap tree #91, logLikelihood: -1255.364172
[00:00:14] Bootstrap tree #92, logLikelihood: -1182.218647
[00:00:14] Bootstrap tree #93, logLikelihood: -1205.044169
[00:00:14] Bootstrap tree #94, logLikelihood: -1221.830919
[00:00:14] Bootstrap tree #95, logLikelihood: -1240.206034
[00:00:14] Bootstrap tree #96, logLikelihood: -1246.428362
[00:00:14] Bootstrap tree #97, logLikelihood: -1208.024597
[00:00:14] Bootstrap tree #98, logLikelihood: -1229.750744
[00:00:14] Bootstrap tree #99, logLikelihood: -1267.340463
[00:00:15] Bootstrap tree #100, logLikelihood: -1251.432788

Optimized model parameters:

   Partition 0: noname
   Rate heterogeneity: GAMMA (4 cats, mean),  alpha: 2.199808 (ML),  weights&rates: (0.250000,0.316013) (0.250000,0.674707) (0.250000,1.074270) (0.250000,1.935009) 
   Base frequencies (model): 0.074000 0.052000 0.045000 0.054000 0.025000 0.034000 0.054000 0.074000 0.026000 0.068000 0.099000 0.058000 0.025000 0.047000 0.039000 0.057000 0.051000 0.013000 0.032000 0.073000 
   Substitution rates (model): 0.735790 0.485391 0.543162 1.459995 1.199706 1.170949 1.955884 0.716241 0.605899 0.800017 1.295201 1.253758 0.492965 1.173276 4.325093 1.729178 0.465839 0.718207 2.187775 1.297447 0.500964 0.227827 3.020834 1.360574 0.418763 1.456141 0.232036 0.622712 5.411115 0.983693 0.371645 0.448134 1.122783 0.914666 0.426382 0.720517 0.438388 3.180100 0.397359 1.839216 1.240489 1.355872 2.414501 0.283017 0.211888 1.593137 0.648441 0.354861 0.494887 2.904102 1.898174 0.191482 0.538223 0.312859 0.240837 1.190946 3.761625 0.798473 0.778143 0.418556 0.218132 1.032448 0.222622 0.281731 0.730628 1.582754 0.934188 0.145345 0.261422 0.258129 0.329802 0.140749 0.418203 0.354058 0.774894 0.831843 0.285079 0.767689 0.441337 0.356008 1.197188 1.119831 0.527664 0.470238 1.116352 5.528919 0.609846 2.435341 0.236202 0.580737 3.945278 2.494896 0.144357 0.858571 1.934871 1.277480 0.758654 0.958990 0.530786 0.423580 1.626891 0.186848 0.372625 2.802427 0.555415 0.291409 0.926564 1.769893 1.071097 0.407636 0.596719 0.524254 0.539859 0.189296 0.217721 0.752042 0.459436 0.368166 0.504087 1.509326 0.641436 0.508359 0.308056 0.253341 0.252718 0.348072 1.022507 0.984312 0.714534 0.527007 1.117030 0.585407 0.301249 4.218954 0.201556 3.890964 0.406194 3.364798 1.517359 0.388355 0.357544 1.179091 0.341986 0.674617 8.311839 0.445570 6.030559 2.064840 0.374556 0.352969 0.915260 0.691475 0.811246 2.231406 1.073061 0.266925 1.047383 1.752166 1.303875 0.332243 0.717993 0.498138 1.773855 0.454124 0.918723 1.488548 0.888101 0.951682 2.575851 0.233598 0.540028 0.488206 2.074325 6.747260 0.838120 1.169130 1.005452 0.252215 0.369405 0.496908 5.151556 0.387926 0.796752 0.561925 0.513128 0.801010 2.253074 4.054419 0.266509 1.000000 


Final LogLikelihood: -1238.833296

AIC score: 2501.666592 / AICc score: 2503.166592 / BIC score: 2542.444544
Free parameters (model + branch lengths): 12

Best ML tree saved to: /Users/wanlin/Documents/GitHub/aPhyloGeo.sm/step12_HGT/2keyFregGroupByHost_hostTree7leaves/Get_fregment_pp1ab/consensus_BYGroup/Fregment_groupByHost/raxml/align3920_4140.raxml.bestTree
All ML trees saved to: /Users/wanlin/Documents/GitHub/aPhyloGeo.sm/step12_HGT/2keyFregGroupByHost_hostTree7leaves/Get_fregment_pp1ab/consensus_BYGroup/Fregment_groupByHost/raxml/align3920_4140.raxml.mlTrees
Best ML tree with Felsenstein bootstrap (FBP) support values saved to: /Users/wanlin/Documents/GitHub/aPhyloGeo.sm/step12_HGT/2keyFregGroupByHost_hostTree7leaves/Get_fregment_pp1ab/consensus_BYGroup/Fregment_groupByHost/raxml/align3920_4140.raxml.support
Optimized model saved to: /Users/wanlin/Documents/GitHub/aPhyloGeo.sm/step12_HGT/2keyFregGroupByHost_hostTree7leaves/Get_fregment_pp1ab/consensus_BYGroup/Fregment_groupByHost/raxml/align3920_4140.raxml.bestModel
Bootstrap trees saved to: /Users/wanlin/Documents/GitHub/aPhyloGeo.sm/step12_HGT/2keyFregGroupByHost_hostTree7leaves/Get_fregment_pp1ab/consensus_BYGroup/Fregment_groupByHost/raxml/align3920_4140.raxml.bootstraps

Execution log saved to: /Users/wanlin/Documents/GitHub/aPhyloGeo.sm/step12_HGT/2keyFregGroupByHost_hostTree7leaves/Get_fregment_pp1ab/consensus_BYGroup/Fregment_groupByHost/raxml/align3920_4140.raxml.log

Analysis started: 04-Aug-2023 20:44:52 / finished: 04-Aug-2023 20:45:07

Elapsed time: 15.070 seconds

