
RAxML-NG v. 0.9.0 released on 20.05.2019 by The Exelixis Lab.
Developed by: Alexey M. Kozlov and Alexandros Stamatakis.
Contributors: Diego Darriba, Tomas Flouri, Benoit Morel, Sarah Lutteropp, Ben Bettisworth.
Latest version: https://github.com/amkozlov/raxml-ng
Questions/problems/suggestions? Please visit: https://groups.google.com/forum/#!forum/raxml

RAxML-NG was called at 30-Jul-2023 11:38:00 as follows:

raxml-ng --all --model Blosum62+G --msa align2930_3070.fasta --prefix raxml/align2930_3070 + --msa-format FASTA --tree pars{5} --seed 239 --threads 2 --force --bs-trees 100 --bs-metric fbp

Analysis options:
  run mode: ML tree search + bootstrapping (Felsenstein Bootstrap)
  start tree(s): parsimony (5)
  bootstrap replicates: 100
  random seed: 239
  tip-inner: OFF
  pattern compression: ON
  per-rate scalers: OFF
  site repeats: ON
  branch lengths: proportional (ML estimate, algorithm: NR-FAST)
  SIMD kernels: SSE3
  parallelization: PTHREADS (2 threads), thread pinning: OFF

WARNING: Running in FORCE mode: all safety checks are disabled!

[00:00:00] Reading alignment from file: align2930_3070.fasta
[00:00:00] Loaded alignment with 47 taxa and 141 sites

Alignment comprises 1 partitions and 92 patterns

Partition 0: noname
Model: BLOSUM62+G4m
Alignment sites / patterns: 141 / 92
Gaps: 0.00 %
Invariant sites: 46.81 %


NOTE: Binary MSA file created: raxml/align2930_3070.raxml.rba

[00:00:00] Generating 5 parsimony starting tree(s) with 47 taxa
[00:00:00] Data distribution: max. partitions/sites/weight per thread: 1 / 46 / 3680

Starting ML tree search with 5 distinct starting trees

[00:00:06] ML tree search #1, logLikelihood: -1020.371339
[00:00:12] ML tree search #2, logLikelihood: -1020.371543
[00:00:18] ML tree search #3, logLikelihood: -1020.371439
[00:00:28] ML tree search #4, logLikelihood: -1020.372150
[00:00:34] ML tree search #5, logLikelihood: -1020.371540

[00:00:34] ML tree search completed, best tree logLH: -1020.371339

[00:00:34] Starting bootstrapping analysis with 100 replicates.

[00:00:41] Bootstrap tree #1, logLikelihood: -1085.172316
[00:00:49] Bootstrap tree #2, logLikelihood: -1069.539650
[00:00:55] Bootstrap tree #3, logLikelihood: -1000.511136
[00:01:02] Bootstrap tree #4, logLikelihood: -1038.573659
[00:01:10] Bootstrap tree #5, logLikelihood: -1004.356240
[00:01:17] Bootstrap tree #6, logLikelihood: -952.562412
[00:01:24] Bootstrap tree #7, logLikelihood: -963.618207
[00:01:31] Bootstrap tree #8, logLikelihood: -945.926329
[00:01:37] Bootstrap tree #9, logLikelihood: -915.451265
[00:01:44] Bootstrap tree #10, logLikelihood: -933.638752
[00:01:54] Bootstrap tree #11, logLikelihood: -1003.236573
[00:02:04] Bootstrap tree #12, logLikelihood: -1049.508551
[00:02:15] Bootstrap tree #13, logLikelihood: -1058.351533
[00:02:21] Bootstrap tree #14, logLikelihood: -981.915896
[00:02:27] Bootstrap tree #15, logLikelihood: -999.175574
[00:02:38] Bootstrap tree #16, logLikelihood: -1080.884336
[00:02:44] Bootstrap tree #17, logLikelihood: -1011.441867
[00:02:50] Bootstrap tree #18, logLikelihood: -1051.312320
[00:02:57] Bootstrap tree #19, logLikelihood: -980.358144
[00:03:04] Bootstrap tree #20, logLikelihood: -1031.134450
[00:03:12] Bootstrap tree #21, logLikelihood: -1015.165016
[00:03:20] Bootstrap tree #22, logLikelihood: -928.234596
[00:03:26] Bootstrap tree #23, logLikelihood: -875.294588
[00:03:38] Bootstrap tree #24, logLikelihood: -966.819500
[00:03:46] Bootstrap tree #25, logLikelihood: -1099.493220
[00:03:54] Bootstrap tree #26, logLikelihood: -963.076808
[00:04:02] Bootstrap tree #27, logLikelihood: -1042.673437
[00:04:10] Bootstrap tree #28, logLikelihood: -940.870482
[00:04:17] Bootstrap tree #29, logLikelihood: -970.726841
[00:04:24] Bootstrap tree #30, logLikelihood: -979.769339
[00:04:34] Bootstrap tree #31, logLikelihood: -1056.997917
[00:04:41] Bootstrap tree #32, logLikelihood: -1027.335568
[00:04:47] Bootstrap tree #33, logLikelihood: -998.856727
[00:04:56] Bootstrap tree #34, logLikelihood: -1040.419757
[00:05:04] Bootstrap tree #35, logLikelihood: -954.705225
[00:05:11] Bootstrap tree #36, logLikelihood: -1004.117329
[00:05:19] Bootstrap tree #37, logLikelihood: -1010.933496
[00:05:25] Bootstrap tree #38, logLikelihood: -948.283582
[00:05:33] Bootstrap tree #39, logLikelihood: -1072.394807
[00:05:40] Bootstrap tree #40, logLikelihood: -983.704753
[00:05:47] Bootstrap tree #41, logLikelihood: -971.271072
[00:05:55] Bootstrap tree #42, logLikelihood: -940.251655
[00:06:07] Bootstrap tree #43, logLikelihood: -964.769162
[00:06:20] Bootstrap tree #44, logLikelihood: -1101.865030
[00:06:26] Bootstrap tree #45, logLikelihood: -1011.651837
[00:06:34] Bootstrap tree #46, logLikelihood: -1024.776050
[00:06:42] Bootstrap tree #47, logLikelihood: -1003.671365
[00:06:49] Bootstrap tree #48, logLikelihood: -991.623492
[00:06:57] Bootstrap tree #49, logLikelihood: -1050.684576
[00:07:04] Bootstrap tree #50, logLikelihood: -1063.782025
[00:07:12] Bootstrap tree #51, logLikelihood: -1035.269294
[00:07:19] Bootstrap tree #52, logLikelihood: -1048.676800
[00:07:26] Bootstrap tree #53, logLikelihood: -961.552611
[00:07:37] Bootstrap tree #54, logLikelihood: -1056.077650
[00:07:46] Bootstrap tree #55, logLikelihood: -888.615855
[00:07:57] Bootstrap tree #56, logLikelihood: -1077.645107
[00:08:04] Bootstrap tree #57, logLikelihood: -1040.093545
[00:08:11] Bootstrap tree #58, logLikelihood: -1004.331871
[00:08:18] Bootstrap tree #59, logLikelihood: -1032.299681
[00:08:25] Bootstrap tree #60, logLikelihood: -1003.089746
[00:08:32] Bootstrap tree #61, logLikelihood: -1025.733614
[00:08:41] Bootstrap tree #62, logLikelihood: -898.534769
[00:08:48] Bootstrap tree #63, logLikelihood: -1008.623056
[00:08:54] Bootstrap tree #64, logLikelihood: -961.887635
[00:09:02] Bootstrap tree #65, logLikelihood: -1050.246684
[00:09:10] Bootstrap tree #66, logLikelihood: -988.289013
[00:09:18] Bootstrap tree #67, logLikelihood: -1037.528462
[00:09:30] Bootstrap tree #68, logLikelihood: -1073.469717
[00:09:38] Bootstrap tree #69, logLikelihood: -1044.972229
[00:09:46] Bootstrap tree #70, logLikelihood: -1092.263510
[00:09:55] Bootstrap tree #71, logLikelihood: -915.498690
[00:10:02] Bootstrap tree #72, logLikelihood: -1001.229067
[00:10:10] Bootstrap tree #73, logLikelihood: -944.220906
[00:10:17] Bootstrap tree #74, logLikelihood: -1076.594634
[00:10:26] Bootstrap tree #75, logLikelihood: -1031.464229
[00:10:33] Bootstrap tree #76, logLikelihood: -908.182964
[00:10:41] Bootstrap tree #77, logLikelihood: -1021.519563
[00:10:49] Bootstrap tree #78, logLikelihood: -1029.823643
[00:10:58] Bootstrap tree #79, logLikelihood: -958.868960
[00:11:04] Bootstrap tree #80, logLikelihood: -981.656876
[00:11:12] Bootstrap tree #81, logLikelihood: -1027.638296
[00:11:18] Bootstrap tree #82, logLikelihood: -947.634237
[00:11:25] Bootstrap tree #83, logLikelihood: -1056.789684
[00:11:35] Bootstrap tree #84, logLikelihood: -1001.491265
[00:11:42] Bootstrap tree #85, logLikelihood: -956.827969
[00:11:51] Bootstrap tree #86, logLikelihood: -1025.990804
[00:11:59] Bootstrap tree #87, logLikelihood: -1038.298043
[00:12:06] Bootstrap tree #88, logLikelihood: -1049.920408
[00:12:13] Bootstrap tree #89, logLikelihood: -966.776231
[00:12:20] Bootstrap tree #90, logLikelihood: -956.256702
[00:12:27] Bootstrap tree #91, logLikelihood: -930.304182
[00:12:34] Bootstrap tree #92, logLikelihood: -974.200796
[00:12:45] Bootstrap tree #93, logLikelihood: -1035.105054
[00:12:52] Bootstrap tree #94, logLikelihood: -919.938002
[00:12:59] Bootstrap tree #95, logLikelihood: -1038.474481
[00:13:08] Bootstrap tree #96, logLikelihood: -1118.139567
[00:13:20] Bootstrap tree #97, logLikelihood: -1067.548668
[00:13:28] Bootstrap tree #98, logLikelihood: -1029.305005
[00:13:35] Bootstrap tree #99, logLikelihood: -967.823064
[00:13:42] Bootstrap tree #100, logLikelihood: -992.775572

Optimized model parameters:

   Partition 0: noname
   Rate heterogeneity: GAMMA (4 cats, mean),  alpha: 1.221045 (ML),  weights&rates: (0.250000,0.178846) (0.250000,0.534418) (0.250000,1.028766) (0.250000,2.257970) 
   Base frequencies (model): 0.074000 0.052000 0.045000 0.054000 0.025000 0.034000 0.054000 0.074000 0.026000 0.068000 0.099000 0.058000 0.025000 0.047000 0.039000 0.057000 0.051000 0.013000 0.032000 0.073000 
   Substitution rates (model): 0.735790 0.485391 0.543162 1.459995 1.199706 1.170949 1.955884 0.716241 0.605899 0.800017 1.295201 1.253758 0.492965 1.173276 4.325093 1.729178 0.465839 0.718207 2.187775 1.297447 0.500964 0.227827 3.020834 1.360574 0.418763 1.456141 0.232036 0.622712 5.411115 0.983693 0.371645 0.448134 1.122783 0.914666 0.426382 0.720517 0.438388 3.180100 0.397359 1.839216 1.240489 1.355872 2.414501 0.283017 0.211888 1.593137 0.648441 0.354861 0.494887 2.904102 1.898174 0.191482 0.538223 0.312859 0.240837 1.190946 3.761625 0.798473 0.778143 0.418556 0.218132 1.032448 0.222622 0.281731 0.730628 1.582754 0.934188 0.145345 0.261422 0.258129 0.329802 0.140749 0.418203 0.354058 0.774894 0.831843 0.285079 0.767689 0.441337 0.356008 1.197188 1.119831 0.527664 0.470238 1.116352 5.528919 0.609846 2.435341 0.236202 0.580737 3.945278 2.494896 0.144357 0.858571 1.934871 1.277480 0.758654 0.958990 0.530786 0.423580 1.626891 0.186848 0.372625 2.802427 0.555415 0.291409 0.926564 1.769893 1.071097 0.407636 0.596719 0.524254 0.539859 0.189296 0.217721 0.752042 0.459436 0.368166 0.504087 1.509326 0.641436 0.508359 0.308056 0.253341 0.252718 0.348072 1.022507 0.984312 0.714534 0.527007 1.117030 0.585407 0.301249 4.218954 0.201556 3.890964 0.406194 3.364798 1.517359 0.388355 0.357544 1.179091 0.341986 0.674617 8.311839 0.445570 6.030559 2.064840 0.374556 0.352969 0.915260 0.691475 0.811246 2.231406 1.073061 0.266925 1.047383 1.752166 1.303875 0.332243 0.717993 0.498138 1.773855 0.454124 0.918723 1.488548 0.888101 0.951682 2.575851 0.233598 0.540028 0.488206 2.074325 6.747260 0.838120 1.169130 1.005452 0.252215 0.369405 0.496908 5.151556 0.387926 0.796752 0.561925 0.513128 0.801010 2.253074 4.054419 0.266509 1.000000 


Final LogLikelihood: -1020.371339

AIC score: 2224.742679 / AICc score: 2581.242679 / BIC score: 2496.028588
Free parameters (model + branch lengths): 92

Best ML tree saved to: /Users/wanlin/Documents/GitHub/aPhyloGeo.sm/step12_HGT/1_getWholegenomeTree_47virus/get_fregment_pp1ab/raxml/align2930_3070.raxml.bestTree
All ML trees saved to: /Users/wanlin/Documents/GitHub/aPhyloGeo.sm/step12_HGT/1_getWholegenomeTree_47virus/get_fregment_pp1ab/raxml/align2930_3070.raxml.mlTrees
Best ML tree with Felsenstein bootstrap (FBP) support values saved to: /Users/wanlin/Documents/GitHub/aPhyloGeo.sm/step12_HGT/1_getWholegenomeTree_47virus/get_fregment_pp1ab/raxml/align2930_3070.raxml.support
Optimized model saved to: /Users/wanlin/Documents/GitHub/aPhyloGeo.sm/step12_HGT/1_getWholegenomeTree_47virus/get_fregment_pp1ab/raxml/align2930_3070.raxml.bestModel
Bootstrap trees saved to: /Users/wanlin/Documents/GitHub/aPhyloGeo.sm/step12_HGT/1_getWholegenomeTree_47virus/get_fregment_pp1ab/raxml/align2930_3070.raxml.bootstraps

Execution log saved to: /Users/wanlin/Documents/GitHub/aPhyloGeo.sm/step12_HGT/1_getWholegenomeTree_47virus/get_fregment_pp1ab/raxml/align2930_3070.raxml.log

Analysis started: 30-Jul-2023 11:38:00 / finished: 30-Jul-2023 11:51:43

Elapsed time: 822.752 seconds

